=> SAM.Features.CancelButtonAvailableFeature.CancelButtonAvailable
Given a user opens SAM
-> done: OpenSAMSteps.GivenAUserOpensSAM() (0.0s)
When the warning message is displayed
-> error: Unexpected error. 
Then the user can click on the OK button
-> skipped because of previous errors
And the user clicks on the Insert button
-> skipped because of previous errors
And the Cancel button is avaialable
-> No matching step definition found for the step. Use the following code to create one:
        [Then(@"the Cancel button is avaialable")]
        public void ThenTheCancelButtonIsAvaialable()
        {
            ScenarioContext.Current.Pending();
        }

And the user confirms the cancel button is available
-> No matching step definition found for the step. Use the following code to create one:
        [Then(@"the user confirms the cancel button is available")]
        public void ThenTheUserConfirmsTheCancelButtonIsAvailable()
        {
            ScenarioContext.Current.Pending();
        }

=> SAM.Features.CancelButtonAvailableFeature.CancelButtonClosesOnClick
Given a user opens SAM
-> done: OpenSAMSteps.GivenAUserOpensSAM() (0.0s)
When the warning message is displayed
-> error: Unexpected error. 
Then the user can click on the OK button
-> skipped because of previous errors
And the user clicks on the Insert button
-> skipped because of previous errors
And the Cancel button is available
-> No matching step definition found for the step. Use the following code to create one:
        [Then(@"the Cancel button is available")]
        public void ThenTheCancelButtonIsAvailable()
        {
            ScenarioContext.Current.Pending();
        }

And the user click on the Cancel button
-> No matching step definition found for the step. Use the following code to create one:
        [Then(@"the user click on the Cancel button")]
        public void ThenTheUserClickOnTheCancelButton()
        {
            ScenarioContext.Current.Pending();
        }

Then the insert dialog closes
-> No matching step definition found for the step. Use the following code to create one:
        [Then(@"the insert dialog closes")]
        public void ThenTheInsertDialogCloses()
        {
            ScenarioContext.Current.Pending();
        }

=> SAM.Features.CancelButtonAvailableFeature.CancelButtonClosesOnEscape
Given a user opens SAM
-> done: OpenSAMSteps.GivenAUserOpensSAM() (0.0s)
When the warning message is displayed
-> error: Unexpected error. 
Then the user can click on the OK button
-> skipped because of previous errors
And the user clicks on the Insert button
-> skipped because of previous errors
And the Cancel button is available
-> No matching step definition found for the step. Use the following code to create one:
        [Then(@"the Cancel button is available")]
        public void ThenTheCancelButtonIsAvailable()
        {
            ScenarioContext.Current.Pending();
        }

And the use press "Esc" key on the keyboard
-> No matching step definition found for the step. Use the following code to create one:
        [Then(@"the use press ""(.*)"" key on the keyboard")]
        public void ThenTheUsePressKeyOnTheKeyboard(string esc)
        {
            ScenarioContext.Current.Pending();
        }

Then the insert dialog closes
-> No matching step definition found for the step. Use the following code to create one:
        [Then(@"the insert dialog closes")]
        public void ThenTheInsertDialogCloses()
        {
            ScenarioContext.Current.Pending();
        }

=> SAM.Features.CancelButtonAvailableFeature
-> Using app.config
=> SAM.Features.DeSelectingAnObjectFeature.DeSelectAnObjectUsingSpacebarKey
Given a user opens SAM
-> done: OpenSAMSteps.GivenAUserOpensSAM() (0.0s)
When the warning message is displayed
-> error: Unexpected error. 
Then the user can click on the OK button
-> skipped because of previous errors
And the user clicks on the Insert button
-> skipped because of previous errors
And the user hover the mouse on an object
-> No matching step definition found for the step. Use the following code to create one:
        [Then(@"the user hover the mouse on an object")]
        public void ThenTheUserHoverTheMouseOnAnObject()
        {
            ScenarioContext.Current.Pending();
        }

And the user press the spacebar on the keyboard
-> No matching step definition found for the step. Use the following code to create one:
        [Then(@"the user press the spacebar on the keyboard")]
        public void ThenTheUserPressTheSpacebarOnTheKeyboard()
        {
            ScenarioContext.Current.Pending();
        }

Then the object is selected
-> No matching step definition found for the step. Use the following code to create one:
        [Then(@"the object is selected")]
        public void ThenTheObjectIsSelected()
        {
            ScenarioContext.Current.Pending();
        }

And the user press the spacebar on the keyboard
-> No matching step definition found for the step. Use the following code to create one:
        [Then(@"the user press the spacebar on the keyboard")]
        public void ThenTheUserPressTheSpacebarOnTheKeyboard()
        {
            ScenarioContext.Current.Pending();
        }

Then the object is deselected
-> No matching step definition found for the step. Use the following code to create one:
        [Then(@"the object is deselected")]
        public void ThenTheObjectIsDeselected()
        {
            ScenarioContext.Current.Pending();
        }

And the user click the cancel button
-> No matching step definition found for the step. Use the following code to create one:
        [Then(@"the user click the cancel button")]
        public void ThenTheUserClickTheCancelButton()
        {
            ScenarioContext.Current.Pending();
        }

=> SAM.Features.DeSelectingAnObjectFeature.DeselectingObjectOnClick
Given a user opens SAM
-> done: OpenSAMSteps.GivenAUserOpensSAM() (0.0s)
When the warning message is displayed
-> error: Unexpected error. 
Then the user can click on the OK button
-> skipped because of previous errors
And the user clicks on the Insert button
-> skipped because of previous errors
And the user hover the mouse on an object
-> No matching step definition found for the step. Use the following code to create one:
        [Then(@"the user hover the mouse on an object")]
        public void ThenTheUserHoverTheMouseOnAnObject()
        {
            ScenarioContext.Current.Pending();
        }

And the user click on the plus button on the pane
-> No matching step definition found for the step. Use the following code to create one:
        [Then(@"the user click on the plus button on the pane")]
        public void ThenTheUserClickOnThePlusButtonOnThePane()
        {
            ScenarioContext.Current.Pending();
        }

And the user click on the minus button on the pane
-> No matching step definition found for the step. Use the following code to create one:
        [Then(@"the user click on the minus button on the pane")]
        public void ThenTheUserClickOnTheMinusButtonOnThePane()
        {
            ScenarioContext.Current.Pending();
        }

Then the object is deselected
-> No matching step definition found for the step. Use the following code to create one:
        [Then(@"the object is deselected")]
        public void ThenTheObjectIsDeselected()
        {
            ScenarioContext.Current.Pending();
        }

And the user click the cancel button
-> No matching step definition found for the step. Use the following code to create one:
        [Then(@"the user click the cancel button")]
        public void ThenTheUserClickTheCancelButton()
        {
            ScenarioContext.Current.Pending();
        }

=> SAM.Features.DeSelectingAnObjectFeature.DeselectingObjectUsingArrowKey
Given a user opens SAM
-> done: OpenSAMSteps.GivenAUserOpensSAM() (0.0s)
When the warning message is displayed
-> error: Unexpected error. 
Then the user can click on the OK button
-> skipped because of previous errors
And the user clicks on the Insert button
-> skipped because of previous errors
And the user hover the mouse on an object
-> No matching step definition found for the step. Use the following code to create one:
        [Then(@"the user hover the mouse on an object")]
        public void ThenTheUserHoverTheMouseOnAnObject()
        {
            ScenarioContext.Current.Pending();
        }

And the user click on the "Right Arrow" key on the keyboard
-> No matching step definition found for the step. Use the following code to create one:
        [Then(@"the user click on the ""(.*)"" key on the keyboard")]
        public void ThenTheUserClickOnTheKeyOnTheKeyboard(string p0)
        {
            ScenarioContext.Current.Pending();
        }

Then the object is selected
-> No matching step definition found for the step. Use the following code to create one:
        [Then(@"the object is selected")]
        public void ThenTheObjectIsSelected()
        {
            ScenarioContext.Current.Pending();
        }

And the user click on the "left Arrow" key on the keyboard
-> No matching step definition found for the step. Use the following code to create one:
        [Then(@"the user click on the ""(.*)"" key on the keyboard")]
        public void ThenTheUserClickOnTheKeyOnTheKeyboard(string p0)
        {
            ScenarioContext.Current.Pending();
        }

Then the object is deselected
-> No matching step definition found for the step. Use the following code to create one:
        [Then(@"the object is deselected")]
        public void ThenTheObjectIsDeselected()
        {
            ScenarioContext.Current.Pending();
        }

And the user click the cancel button
-> No matching step definition found for the step. Use the following code to create one:
        [Then(@"the user click the cancel button")]
        public void ThenTheUserClickTheCancelButton()
        {
            ScenarioContext.Current.Pending();
        }

=> SAM.Features.EditingAnObjectFeature.DeSelectObjectToRenameClick
Given a user opens SAM
-> done: OpenSAMSteps.GivenAUserOpensSAM() (0.0s)
When the warning message is displayed
-> error: Unexpected error. 
Then the user can click on the OK button
-> skipped because of previous errors
And the user clicks on the Insert button
-> skipped because of previous errors
And the user hover the mouse on an object
-> No matching step definition found for the step. Use the following code to create one:
        [Then(@"the user hover the mouse on an object")]
        public void ThenTheUserHoverTheMouseOnAnObject()
        {
            ScenarioContext.Current.Pending();
        }

And the user click on the pencil button on the object
-> No matching step definition found for the step. Use the following code to create one:
        [Then(@"the user click on the pencil button on the object")]
        public void ThenTheUserClickOnThePencilButtonOnTheObject()
        {
            ScenarioContext.Current.Pending();
        }

And the user rename the object with "text"
-> No matching step definition found for the step. Use the following code to create one:
        [Then(@"the user rename the object with ""(.*)""")]
        public void ThenTheUserRenameTheObjectWith(string text)
        {
            ScenarioContext.Current.Pending();
        }

And the user press the enter key on the keyboard
-> No matching step definition found for the step. Use the following code to create one:
        [Then(@"the user press the enter key on the keyboard")]
        public void ThenTheUserPressTheEnterKeyOnTheKeyboard()
        {
            ScenarioContext.Current.Pending();
        }

And the user click on the minus button on the object
-> No matching step definition found for the step. Use the following code to create one:
        [Then(@"the user click on the minus button on the object")]
        public void ThenTheUserClickOnTheMinusButtonOnTheObject()
        {
            ScenarioContext.Current.Pending();
        }

Then the name of the object is reverted to object
-> No matching step definition found for the step. Use the following code to create one:
        [Then(@"the name of the object is reverted to object")]
        public void ThenTheNameOfTheObjectIsRevertedToObject()
        {
            ScenarioContext.Current.Pending();
        }

And the user click the cancel button
-> No matching step definition found for the step. Use the following code to create one:
        [Then(@"the user click the cancel button")]
        public void ThenTheUserClickTheCancelButton()
        {
            ScenarioContext.Current.Pending();
        }

=> SAM.Features.EditingAnObjectFeature.EditingObjectByPressingTheEscapeKey
Given a user opens SAM
-> done: OpenSAMSteps.GivenAUserOpensSAM() (0.0s)
When the warning message is displayed
-> error: Unexpected error. 
Then the user can click on the OK button
-> skipped because of previous errors
And the user clicks on the Insert button
-> skipped because of previous errors
And the user hover the mouse on an object
-> No matching step definition found for the step. Use the following code to create one:
        [Then(@"the user hover the mouse on an object")]
        public void ThenTheUserHoverTheMouseOnAnObject()
        {
            ScenarioContext.Current.Pending();
        }

And the user press "F2" on the keyboard
-> No matching step definition found for the step. Use the following code to create one:
        [Then(@"the user press ""(.*)"" on the keyboard")]
        public void ThenTheUserPressOnTheKeyboard(string p0)
        {
            ScenarioContext.Current.Pending();
        }

And the user rename the object with "text"
-> No matching step definition found for the step. Use the following code to create one:
        [Then(@"the user rename the object with ""(.*)""")]
        public void ThenTheUserRenameTheObjectWith(string text0)
        {
            ScenarioContext.Current.Pending();
        }

And the user press the escape key
-> No matching step definition found for the step. Use the following code to create one:
        [Then(@"the user press the escape key")]
        public void ThenTheUserPressTheEscapeKey()
        {
            ScenarioContext.Current.Pending();
        }

Then the name of the object is reverted to object
-> No matching step definition found for the step. Use the following code to create one:
        [Then(@"the name of the object is reverted to object")]
        public void ThenTheNameOfTheObjectIsRevertedToObject()
        {
            ScenarioContext.Current.Pending();
        }

And the user click the cancel button
-> No matching step definition found for the step. Use the following code to create one:
        [Then(@"the user click the cancel button")]
        public void ThenTheUserClickTheCancelButton()
        {
            ScenarioContext.Current.Pending();
        }

=> SAM.Features.EditingAnObjectFeature.EditingObjectClickingInsideTheWindow
Given a user opens SAM
-> done: OpenSAMSteps.GivenAUserOpensSAM() (0.0s)
When the warning message is displayed
-> error: Unexpected error. 
Then the user can click on the OK button
-> skipped because of previous errors
And the user clicks on the Insert button
-> skipped because of previous errors
And the user hover the mouse on an object
-> No matching step definition found for the step. Use the following code to create one:
        [Then(@"the user hover the mouse on an object")]
        public void ThenTheUserHoverTheMouseOnAnObject()
        {
            ScenarioContext.Current.Pending();
        }

And the user press "F2" on the keyboard
-> No matching step definition found for the step. Use the following code to create one:
        [Then(@"the user press ""(.*)"" on the keyboard")]
        public void ThenTheUserPressOnTheKeyboard(string p0)
        {
            ScenarioContext.Current.Pending();
        }

And the user rename the object with "text"
-> No matching step definition found for the step. Use the following code to create one:
        [Then(@"the user rename the object with ""(.*)""")]
        public void ThenTheUserRenameTheObjectWith(string text0)
        {
            ScenarioContext.Current.Pending();
        }

And the user click anywhere in the window
-> No matching step definition found for the step. Use the following code to create one:
        [Then(@"the user click anywhere in the window")]
        public void ThenTheUserClickAnywhereInTheWindow()
        {
            ScenarioContext.Current.Pending();
        }

And the user click the ok button
-> No matching step definition found for the step. Use the following code to create one:
        [Then(@"the user click the ok button")]
        public void ThenTheUserClickTheOkButton()
        {
            ScenarioContext.Current.Pending();
        }

Then the object should be inserted in the design explorer
-> skipped because of previous errors
=> SAM.Features.EditingAnObjectFeature.EditingObjectUsingDigitsAndLetters
Given a user opens SAM
-> done: OpenSAMSteps.GivenAUserOpensSAM() (0.0s)
When the warning message is displayed
-> error: Unexpected error. System.Net.WebException: Unable to connect to the remote server ---> System.Net.Sockets.SocketException: No connection could be made because the target machine actively refused it 127.0.0.1:4723
   at System.Net.Sockets.Socket.DoConnect(EndPoint endPointSnapshot, SocketAddress socketAddress)
   at System.Net.ServicePoint.ConnectSocketInternal(Boolean connectFailure, Socket s4, Socket s6, Socket& socket, IPAddress& address, ConnectSocketState state, IAsyncResult asyncResult, Exception& exception)
   --- End of inner exception stack trace ---
   at OpenQA.Selenium.Appium.Service.AppiumCommandExecutor.Execute(Command commandToExecute)
   at OpenQA.Selenium.Remote.RemoteWebDriver.Execute(String driverCommandToExecute, Dictionary`2 parameters)
Then the user can click on the OK button
-> skipped because of previous errors
And the user clicks on the Insert button
-> skipped because of previous errors
And the user hover the mouse on an object
-> No matching step definition found for the step. Use the following code to create one:
        [Then(@"the user hover the mouse on an object")]
        public void ThenTheUserHoverTheMouseOnAnObject()
        {
            ScenarioContext.Current.Pending();
        }

And the user press "F2" on the keyboard
-> No matching step definition found for the step. Use the following code to create one:
        [Then(@"the user press ""(.*)"" on the keyboard")]
        public void ThenTheUserPressOnTheKeyboard(string p0)
        {
            ScenarioContext.Current.Pending();
        }

And the user rename the object with "text123"
-> No matching step definition found for the step. Use the following code to create one:
        [Then(@"the user rename the object with ""(.*)""")]
        public void ThenTheUserRenameTheObjectWith(string p0)
        {
            ScenarioContext.Current.Pending();
        }

And the user click anywhere in the window
-> No matching step definition found for the step. Use the following code to create one:
        [Then(@"the user click anywhere in the window")]
        public void ThenTheUserClickAnywhereInTheWindow()
        {
            ScenarioContext.Current.Pending();
        }

And the user click the ok button
-> No matching step definition found for the step. Use the following code to create one:
        [Then(@"the user click the ok button")]
        public void ThenTheUserClickTheOkButton()
        {
            ScenarioContext.Current.Pending();
        }

Then the object should be inserted in the design explorer
-> skipped because of previous errors
=> SAM.Features.EditingAnObjectFeature.EditingObjectUsingPencilButton
Given a user opens SAM
-> done: OpenSAMSteps.GivenAUserOpensSAM() (0.0s)
When the warning message is displayed
-> error: Unexpected error. System.Net.WebException: Unable to connect to the remote server ---> System.Net.Sockets.SocketException: No connection could be made because the target machine actively refused it 127.0.0.1:4723
   at System.Net.Sockets.Socket.DoConnect(EndPoint endPointSnapshot, SocketAddress socketAddress)
   at System.Net.ServicePoint.ConnectSocketInternal(Boolean connectFailure, Socket s4, Socket s6, Socket& socket, IPAddress& address, ConnectSocketState state, IAsyncResult asyncResult, Exception& exception)
   --- End of inner exception stack trace ---
   at OpenQA.Selenium.Appium.Service.AppiumCommandExecutor.Execute(Command commandToExecute)
   at OpenQA.Selenium.Remote.RemoteWebDriver.Execute(String driverCommandToExecute, Dictionary`2 parameters)
Then the user can click on the OK button
-> skipped because of previous errors
And the user clicks on the Insert button
-> skipped because of previous errors
And the user hover the mouse on an object
-> No matching step definition found for the step. Use the following code to create one:
        [Then(@"the user hover the mouse on an object")]
        public void ThenTheUserHoverTheMouseOnAnObject()
        {
            ScenarioContext.Current.Pending();
        }

And the user click on the pencil button on the object
-> No matching step definition found for the step. Use the following code to create one:
        [Then(@"the user click on the pencil button on the object")]
        public void ThenTheUserClickOnThePencilButtonOnTheObject()
        {
            ScenarioContext.Current.Pending();
        }

And the user rename the object with "text"
-> No matching step definition found for the step. Use the following code to create one:
        [Then(@"the user rename the object with ""(.*)""")]
        public void ThenTheUserRenameTheObjectWith(string text0)
        {
            ScenarioContext.Current.Pending();
        }

And the user press the enter key on the keyboard
-> No matching step definition found for the step. Use the following code to create one:
        [Then(@"the user press the enter key on the keyboard")]
        public void ThenTheUserPressTheEnterKeyOnTheKeyboard()
        {
            ScenarioContext.Current.Pending();
        }

And the user click the ok button
-> No matching step definition found for the step. Use the following code to create one:
        [Then(@"the user click the ok button")]
        public void ThenTheUserClickTheOkButton()
        {
            ScenarioContext.Current.Pending();
        }

Then the object should be inserted in the design explorer
-> skipped because of previous errors
=> SAM.Features.EditingAnObjectFeature.EditingObjectUsingSpecialCharacter
Given a user opens SAM
-> done: OpenSAMSteps.GivenAUserOpensSAM() (0.0s)
When the warning message is displayed
-> error: Unexpected error. System.Net.WebException: Unable to connect to the remote server ---> System.Net.Sockets.SocketException: No connection could be made because the target machine actively refused it 127.0.0.1:4723
   at System.Net.Sockets.Socket.DoConnect(EndPoint endPointSnapshot, SocketAddress socketAddress)
   at System.Net.ServicePoint.ConnectSocketInternal(Boolean connectFailure, Socket s4, Socket s6, Socket& socket, IPAddress& address, ConnectSocketState state, IAsyncResult asyncResult, Exception& exception)
   --- End of inner exception stack trace ---
   at OpenQA.Selenium.Appium.Service.AppiumCommandExecutor.Execute(Command commandToExecute)
   at OpenQA.Selenium.Remote.RemoteWebDriver.Execute(String driverCommandToExecute, Dictionary`2 parameters)
Then the user can click on the OK button
-> skipped because of previous errors
And the user clicks on the Insert button
-> skipped because of previous errors
And the user hover the mouse on an object
-> No matching step definition found for the step. Use the following code to create one:
        [Then(@"the user hover the mouse on an object")]
        public void ThenTheUserHoverTheMouseOnAnObject()
        {
            ScenarioContext.Current.Pending();
        }

And the user press "F2" on the keyboard
-> No matching step definition found for the step. Use the following code to create one:
        [Then(@"the user press ""(.*)"" on the keyboard")]
        public void ThenTheUserPressOnTheKeyboard(string p0)
        {
            ScenarioContext.Current.Pending();
        }

And the user rename the object with "special character"
-> No matching step definition found for the step. Use the following code to create one:
        [Then(@"the user rename the object with ""(.*)""")]
        public void ThenTheUserRenameTheObjectWith(string p0)
        {
            ScenarioContext.Current.Pending();
        }

And the user press the enter key on the keyboard
-> No matching step definition found for the step. Use the following code to create one:
        [Then(@"the user press the enter key on the keyboard")]
        public void ThenTheUserPressTheEnterKeyOnTheKeyboard()
        {
            ScenarioContext.Current.Pending();
        }

Then the error message should appear on the button
-> No matching step definition found for the step. Use the following code to create one:
        [Then(@"the error message should appear on the button")]
        public void ThenTheErrorMessageShouldAppearOnTheButton()
        {
            ScenarioContext.Current.Pending();
        }

And the user click the cancel button
-> No matching step definition found for the step. Use the following code to create one:
        [Then(@"the user click the cancel button")]
        public void ThenTheUserClickTheCancelButton()
        {
            ScenarioContext.Current.Pending();
        }

=> SAM.Features.EditingAnObjectFeature.EditingObjectUsingTheEnterKey
Given a user opens SAM
-> done: OpenSAMSteps.GivenAUserOpensSAM() (0.0s)
When the warning message is displayed
-> error: Unexpected error. System.Net.WebException: Unable to connect to the remote server ---> System.Net.Sockets.SocketException: No connection could be made because the target machine actively refused it 127.0.0.1:4723
   at System.Net.Sockets.Socket.DoConnect(EndPoint endPointSnapshot, SocketAddress socketAddress)
   at System.Net.ServicePoint.ConnectSocketInternal(Boolean connectFailure, Socket s4, Socket s6, Socket& socket, IPAddress& address, ConnectSocketState state, IAsyncResult asyncResult, Exception& exception)
   --- End of inner exception stack trace ---
   at OpenQA.Selenium.Appium.Service.AppiumCommandExecutor.Execute(Command commandToExecute)
   at OpenQA.Selenium.Remote.RemoteWebDriver.Execute(String driverCommandToExecute, Dictionary`2 parameters)
Then the user can click on the OK button
-> skipped because of previous errors
And the user clicks on the Insert button
-> skipped because of previous errors
And the user hover the mouse on an object
-> No matching step definition found for the step. Use the following code to create one:
        [Then(@"the user hover the mouse on an object")]
        public void ThenTheUserHoverTheMouseOnAnObject()
        {
            ScenarioContext.Current.Pending();
        }

And the user press "F2" on the keyboard
-> No matching step definition found for the step. Use the following code to create one:
        [Then(@"the user press ""(.*)"" on the keyboard")]
        public void ThenTheUserPressOnTheKeyboard(string p0)
        {
            ScenarioContext.Current.Pending();
        }

And the user rename the object with "text"
-> No matching step definition found for the step. Use the following code to create one:
        [Then(@"the user rename the object with ""(.*)""")]
        public void ThenTheUserRenameTheObjectWith(string text0)
        {
            ScenarioContext.Current.Pending();
        }

And the user press the enter key on the keyboard
-> No matching step definition found for the step. Use the following code to create one:
        [Then(@"the user press the enter key on the keyboard")]
        public void ThenTheUserPressTheEnterKeyOnTheKeyboard()
        {
            ScenarioContext.Current.Pending();
        }

And the user click the ok button
-> No matching step definition found for the step. Use the following code to create one:
        [Then(@"the user click the ok button")]
        public void ThenTheUserClickTheOkButton()
        {
            ScenarioContext.Current.Pending();
        }

Then the object should be inserted in the design explorer
-> skipped because of previous errors
=> SAM.Features.EditingAnObjectFeature.EditingObjectUsingTheKeyboard
Given a user opens SAM
-> done: OpenSAMSteps.GivenAUserOpensSAM() (0.0s)
When the warning message is displayed
-> error: Unexpected error. System.Net.WebException: Unable to connect to the remote server ---> System.Net.Sockets.SocketException: No connection could be made because the target machine actively refused it 127.0.0.1:4723
   at System.Net.Sockets.Socket.DoConnect(EndPoint endPointSnapshot, SocketAddress socketAddress)
   at System.Net.ServicePoint.ConnectSocketInternal(Boolean connectFailure, Socket s4, Socket s6, Socket& socket, IPAddress& address, ConnectSocketState state, IAsyncResult asyncResult, Exception& exception)
   --- End of inner exception stack trace ---
   at OpenQA.Selenium.Appium.Service.AppiumCommandExecutor.Execute(Command commandToExecute)
   at OpenQA.Selenium.Remote.RemoteWebDriver.Execute(String driverCommandToExecute, Dictionary`2 parameters)
Then the user can click on the OK button
-> skipped because of previous errors
And the user clicks on the Insert button
-> skipped because of previous errors
And the user hover the mouse on an object
-> No matching step definition found for the step. Use the following code to create one:
        [Then(@"the user hover the mouse on an object")]
        public void ThenTheUserHoverTheMouseOnAnObject()
        {
            ScenarioContext.Current.Pending();
        }

And the user press "F2" on the keyboard
-> No matching step definition found for the step. Use the following code to create one:
        [Then(@"the user press ""(.*)"" on the keyboard")]
        public void ThenTheUserPressOnTheKeyboard(string p0)
        {
            ScenarioContext.Current.Pending();
        }

And the user rename the object with "text"
-> No matching step definition found for the step. Use the following code to create one:
        [Then(@"the user rename the object with ""(.*)""")]
        public void ThenTheUserRenameTheObjectWith(string text0)
        {
            ScenarioContext.Current.Pending();
        }

And the user press the enter key on the keyboard
-> No matching step definition found for the step. Use the following code to create one:
        [Then(@"the user press the enter key on the keyboard")]
        public void ThenTheUserPressTheEnterKeyOnTheKeyboard()
        {
            ScenarioContext.Current.Pending();
        }

And the user click the ok button
-> No matching step definition found for the step. Use the following code to create one:
        [Then(@"the user click the ok button")]
        public void ThenTheUserClickTheOkButton()
        {
            ScenarioContext.Current.Pending();
        }

Then the object should be inserted in the design explorer
-> skipped because of previous errors
=> SAM.Features.InsertableObjectDescriptionFeature.FolderExpandUsingLeftRightArrowKey
And the press the "left arrow" key on the keyboard
-> No matching step definition found for the step. Use the following code to create one:
        [Given(@"the press the ""(.*)"" key on the keyboard")]
        public void GivenThePressTheKeyOnTheKeyboard(string p0)
        {
            ScenarioContext.Current.Pending();
        }

And the user press the "right arrow" key on the keyboard
-> No matching step definition found for the step. Use the following code to create one:
        [Given(@"the user press the ""(.*)"" key on the keyboard")]
        public void GivenTheUserPressTheKeyOnTheKeyboard(string p0)
        {
            ScenarioContext.Current.Pending();
        }

Then the user folder item collapse on the design explorer
-> No matching step definition found for the step. Use the following code to create one:
        [Then(@"the user folder item collapse on the design explorer")]
        public void ThenTheUserFolderItemCollapseOnTheDesignExplorer()
        {
            ScenarioContext.Current.Pending();
        }

=> SAM.Features.InsertableObjectDescriptionFeature.FolderGroupingOfObject
And the user clicks on the Insert button
-> No matching step definition found for the step. Use the following code to create one:
        [Given(@"the user clicks on the Insert button")]
        public void GivenTheUserClicksOnTheInsertButton()
        {
            ScenarioContext.Current.Pending();
        }

And the user double click an object placeholder
-> No matching step definition found for the step. Use the following code to create one:
        [Given(@"the user double click an object placeholder")]
        public void GivenTheUserDoubleClickAnObjectPlaceholder()
        {
            ScenarioContext.Current.Pending();
        }

And the user click an object
-> No matching step definition found for the step. Use the following code to create one:
        [Given(@"the user click an object")]
        public void GivenTheUserClickAnObject()
        {
            ScenarioContext.Current.Pending();
        }

And the user click the ok button
-> skipped because of previous errors
And the object should be inserted in the design explorer
-> No matching step definition found for the step. Use the following code to create one:
        [Given(@"the object should be inserted in the design explorer")]
        public void GivenTheObjectShouldBeInsertedInTheDesignExplorer()
        {
            ScenarioContext.Current.Pending();
        }

Then the structure is one level deep
-> No matching step definition found for the step. Use the following code to create one:
        [Then(@"the structure is one level deep")]
        public void ThenTheStructureIsOneLevelDeep()
        {
            ScenarioContext.Current.Pending();
        }

=> SAM.Features.InsertableObjectDescriptionFeature.InsertableObjectDescription
Given a user opens SAM
-> done: OpenSAMSteps.GivenAUserOpensSAM() (0.0s)
When the warning message is displayed
-> error: Unexpected error. System.Net.WebException: Unable to connect to the remote server ---> System.Net.Sockets.SocketException: No connection could be made because the target machine actively refused it 127.0.0.1:4723
   at System.Net.Sockets.Socket.DoConnect(EndPoint endPointSnapshot, SocketAddress socketAddress)
   at System.Net.ServicePoint.ConnectSocketInternal(Boolean connectFailure, Socket s4, Socket s6, Socket& socket, IPAddress& address, ConnectSocketState state, IAsyncResult asyncResult, Exception& exception)
   --- End of inner exception stack trace ---
   at OpenQA.Selenium.Appium.Service.AppiumCommandExecutor.Execute(Command commandToExecute)
   at OpenQA.Selenium.Remote.RemoteWebDriver.Execute(String driverCommandToExecute, Dictionary`2 parameters)
Then the user can click on the OK button
-> skipped because of previous errors
And the user clicks on the Insert button
-> skipped because of previous errors
And the user click an object
-> No matching step definition found for the step. Use the following code to create one:
        [Then(@"the user click an object")]
        public void ThenTheUserClickAnObject()
        {
            ScenarioContext.Current.Pending();
        }

And the object will have the following "description"
-> No matching step definition found for the step. Use the following code to create one:
        [Then(@"the object will have the following ""(.*)""")]
        public void ThenTheObjectWillHaveTheFollowing(string description)
        {
            ScenarioContext.Current.Pending();
        }

And the user click the ok button
-> No matching step definition found for the step. Use the following code to create one:
        [Then(@"the user click the ok button")]
        public void ThenTheUserClickTheOkButton()
        {
            ScenarioContext.Current.Pending();
        }

And the object should be inserted in the design explorer
-> skipped because of previous errors
=> SAM.Features.InsertingMutipleObjectFeature.InsertMutipleObjectUsingColon
Given a user opens SAM
-> done: OpenSAMSteps.GivenAUserOpensSAM() (0.0s)
When the warning message is displayed
-> error: Unexpected error. System.Net.WebException: Unable to connect to the remote server ---> System.Net.Sockets.SocketException: No connection could be made because the target machine actively refused it 127.0.0.1:4723
   at System.Net.Sockets.Socket.DoConnect(EndPoint endPointSnapshot, SocketAddress socketAddress)
   at System.Net.ServicePoint.ConnectSocketInternal(Boolean connectFailure, Socket s4, Socket s6, Socket& socket, IPAddress& address, ConnectSocketState state, IAsyncResult asyncResult, Exception& exception)
   --- End of inner exception stack trace ---
   at OpenQA.Selenium.Appium.Service.AppiumCommandExecutor.Execute(Command commandToExecute)
   at OpenQA.Selenium.Remote.RemoteWebDriver.Execute(String driverCommandToExecute, Dictionary`2 parameters)
Then the user can click on the OK button
-> skipped because of previous errors
And the user clicks on the Insert button
-> skipped because of previous errors
=> SAM.Features.InsertingMutipleObjectFeature.InsertMutipleObjectUsingComma("geom placeholder","b1, b2, b3, b4",null)
Given a user opens SAM
-> done: OpenSAMSteps.GivenAUserOpensSAM() (0.0s)
When the warning message is displayed
-> error: Unexpected error. System.Net.WebException: Unable to connect to the remote server ---> System.Net.Sockets.SocketException: No connection could be made because the target machine actively refused it 127.0.0.1:4723
   at System.Net.Sockets.Socket.DoConnect(EndPoint endPointSnapshot, SocketAddress socketAddress)
   at System.Net.ServicePoint.ConnectSocketInternal(Boolean connectFailure, Socket s4, Socket s6, Socket& socket, IPAddress& address, ConnectSocketState state, IAsyncResult asyncResult, Exception& exception)
   --- End of inner exception stack trace ---
   at OpenQA.Selenium.Appium.Service.AppiumCommandExecutor.Execute(Command commandToExecute)
   at OpenQA.Selenium.Remote.RemoteWebDriver.Execute(String driverCommandToExecute, Dictionary`2 parameters)
Then the user can click on the OK button
-> skipped because of previous errors
And the user clicks on the Insert button
-> skipped because of previous errors
Given the user clicks on an "geom placeholder"
-> skipped because of previous errors
And the user click on the pencil button on the object
-> skipped because of previous errors
=> SAM.Features.InsertingMutipleObjectFeature.InsertMutipleObjectUsingPlusButton
Given a user opens SAM
-> done: OpenSAMSteps.GivenAUserOpensSAM() (0.0s)
When the warning message is displayed
-> error: Unexpected error. System.Net.WebException: Unable to connect to the remote server ---> System.Net.Sockets.SocketException: No connection could be made because the target machine actively refused it 127.0.0.1:4723
   at System.Net.Sockets.Socket.DoConnect(EndPoint endPointSnapshot, SocketAddress socketAddress)
   at System.Net.ServicePoint.ConnectSocketInternal(Boolean connectFailure, Socket s4, Socket s6, Socket& socket, IPAddress& address, ConnectSocketState state, IAsyncResult asyncResult, Exception& exception)
   --- End of inner exception stack trace ---
   at OpenQA.Selenium.Appium.Service.AppiumCommandExecutor.Execute(Command commandToExecute)
   at OpenQA.Selenium.Remote.RemoteWebDriver.Execute(String driverCommandToExecute, Dictionary`2 parameters)
Then the user can click on the OK button
-> skipped because of previous errors
And the user clicks on the Insert button
-> skipped because of previous errors
=> SAM.Features.InsertingMutipleObjectFeature.InsertObjectUsingTheRightArrowKeyOnKeyboard
Given a user opens SAM
-> done: OpenSAMSteps.GivenAUserOpensSAM() (0.0s)
When the warning message is displayed
-> error: Unexpected error. System.Net.WebException: Unable to connect to the remote server ---> System.Net.Sockets.SocketException: No connection could be made because the target machine actively refused it 127.0.0.1:4723
   at System.Net.Sockets.Socket.DoConnect(EndPoint endPointSnapshot, SocketAddress socketAddress)
   at System.Net.ServicePoint.ConnectSocketInternal(Boolean connectFailure, Socket s4, Socket s6, Socket& socket, IPAddress& address, ConnectSocketState state, IAsyncResult asyncResult, Exception& exception)
   --- End of inner exception stack trace ---
   at OpenQA.Selenium.Appium.Service.AppiumCommandExecutor.Execute(Command commandToExecute)
   at OpenQA.Selenium.Remote.RemoteWebDriver.Execute(String driverCommandToExecute, Dictionary`2 parameters)
Then the user can click on the OK button
-> skipped because of previous errors
And the user clicks on the Insert button
-> skipped because of previous errors
=> SAM.Features.InsertingObjectIsDisplayedFeature.InsertObjectsDisplayed("geom placeholder",null)
Given a user opens SAM
-> done: OpenSAMSteps.GivenAUserOpensSAM() (0.0s)
When the warning message is displayed
-> error: Unexpected error. System.Net.WebException: Unable to connect to the remote server ---> System.Net.Sockets.SocketException: No connection could be made because the target machine actively refused it 127.0.0.1:4723
   at System.Net.Sockets.Socket.DoConnect(EndPoint endPointSnapshot, SocketAddress socketAddress)
   at System.Net.ServicePoint.ConnectSocketInternal(Boolean connectFailure, Socket s4, Socket s6, Socket& socket, IPAddress& address, ConnectSocketState state, IAsyncResult asyncResult, Exception& exception)
   --- End of inner exception stack trace ---
   at OpenQA.Selenium.Appium.Service.AppiumCommandExecutor.Execute(Command commandToExecute)
   at OpenQA.Selenium.Remote.RemoteWebDriver.Execute(String driverCommandToExecute, Dictionary`2 parameters)
Then the user can click on the OK button
-> skipped because of previous errors
And the user clicks on the Insert button
-> skipped because of previous errors
And the insert object "geom placeholder" is displayed
-> skipped because of previous errors
=> SAM.Features.InsertingObjectIsDisplayedFeature.InsertObjectsDisplayed("man placeholder",null)
Given a user opens SAM
-> done: OpenSAMSteps.GivenAUserOpensSAM() (0.0s)
When the warning message is displayed
-> error: Unexpected error. System.Net.WebException: Unable to connect to the remote server ---> System.Net.Sockets.SocketException: No connection could be made because the target machine actively refused it 127.0.0.1:4723
   at System.Net.Sockets.Socket.DoConnect(EndPoint endPointSnapshot, SocketAddress socketAddress)
   at System.Net.ServicePoint.ConnectSocketInternal(Boolean connectFailure, Socket s4, Socket s6, Socket& socket, IPAddress& address, ConnectSocketState state, IAsyncResult asyncResult, Exception& exception)
   --- End of inner exception stack trace ---
   at OpenQA.Selenium.Appium.Service.AppiumCommandExecutor.Execute(Command commandToExecute)
   at OpenQA.Selenium.Remote.RemoteWebDriver.Execute(String driverCommandToExecute, Dictionary`2 parameters)
Then the user can click on the OK button
-> skipped because of previous errors
And the user clicks on the Insert button
-> skipped because of previous errors
And the insert object "man placeholder" is displayed
-> skipped because of previous errors
=> SAM.Features.InsertingObjectIsDisplayedFeature.InsertObjectsDisplayed("military placeholder",null)
Given a user opens SAM
-> done: OpenSAMSteps.GivenAUserOpensSAM() (0.0s)
When the warning message is displayed
-> error: Unexpected error. System.Net.WebException: Unable to connect to the remote server ---> System.Net.Sockets.SocketException: No connection could be made because the target machine actively refused it 127.0.0.1:4723
   at System.Net.Sockets.Socket.DoConnect(EndPoint endPointSnapshot, SocketAddress socketAddress)
   at System.Net.ServicePoint.ConnectSocketInternal(Boolean connectFailure, Socket s4, Socket s6, Socket& socket, IPAddress& address, ConnectSocketState state, IAsyncResult asyncResult, Exception& exception)
   --- End of inner exception stack trace ---
   at OpenQA.Selenium.Appium.Service.AppiumCommandExecutor.Execute(Command commandToExecute)
   at OpenQA.Selenium.Remote.RemoteWebDriver.Execute(String driverCommandToExecute, Dictionary`2 parameters)
Then the user can click on the OK button
-> skipped because of previous errors
And the user clicks on the Insert button
-> skipped because of previous errors
And the insert object "military placeholder" is displayed
-> skipped because of previous errors
=> SAM.Features.InsertingObjectIsDisplayedFeature.InsertObjectsDisplayed("seakeeping placeholder",null)
Given a user opens SAM
-> done: OpenSAMSteps.GivenAUserOpensSAM() (0.0s)
When the warning message is displayed
-> error: Unexpected error. System.Net.WebException: Unable to connect to the remote server ---> System.Net.Sockets.SocketException: No connection could be made because the target machine actively refused it 127.0.0.1:4723
   at System.Net.Sockets.Socket.DoConnect(EndPoint endPointSnapshot, SocketAddress socketAddress)
   at System.Net.ServicePoint.ConnectSocketInternal(Boolean connectFailure, Socket s4, Socket s6, Socket& socket, IPAddress& address, ConnectSocketState state, IAsyncResult asyncResult, Exception& exception)
   --- End of inner exception stack trace ---
   at OpenQA.Selenium.Appium.Service.AppiumCommandExecutor.Execute(Command commandToExecute)
   at OpenQA.Selenium.Remote.RemoteWebDriver.Execute(String driverCommandToExecute, Dictionary`2 parameters)
Then the user can click on the OK button
-> skipped because of previous errors
And the user clicks on the Insert button
-> skipped because of previous errors
And the insert object "seakeeping placeholder" is displayed
-> skipped because of previous errors
=> SAM.Features.InsertingObjectIsDisplayedFeature.InsertObjectsDisplayed("stub placeholder",null)
Given a user opens SAM
-> done: OpenSAMSteps.GivenAUserOpensSAM() (0.0s)
When the warning message is displayed
-> error: Unexpected error. System.Net.WebException: Unable to connect to the remote server ---> System.Net.Sockets.SocketException: No connection could be made because the target machine actively refused it 127.0.0.1:4723
   at System.Net.Sockets.Socket.DoConnect(EndPoint endPointSnapshot, SocketAddress socketAddress)
   at System.Net.ServicePoint.ConnectSocketInternal(Boolean connectFailure, Socket s4, Socket s6, Socket& socket, IPAddress& address, ConnectSocketState state, IAsyncResult asyncResult, Exception& exception)
   --- End of inner exception stack trace ---
   at OpenQA.Selenium.Appium.Service.AppiumCommandExecutor.Execute(Command commandToExecute)
   at OpenQA.Selenium.Remote.RemoteWebDriver.Execute(String driverCommandToExecute, Dictionary`2 parameters)
Then the user can click on the OK button
-> skipped because of previous errors
And the user clicks on the Insert button
-> skipped because of previous errors
And the insert object "stub placeholder" is displayed
-> skipped because of previous errors
=> SAM.Features.InsertingObjectIsDisplayedFeature.InsertObjectsDisplayed("structure placeholder",null)
Given a user opens SAM
-> done: OpenSAMSteps.GivenAUserOpensSAM() (0.0s)
When the warning message is displayed
-> error: Unexpected error. System.Net.WebException: Unable to connect to the remote server ---> System.Net.Sockets.SocketException: No connection could be made because the target machine actively refused it 127.0.0.1:4723
   at System.Net.Sockets.Socket.DoConnect(EndPoint endPointSnapshot, SocketAddress socketAddress)
   at System.Net.ServicePoint.ConnectSocketInternal(Boolean connectFailure, Socket s4, Socket s6, Socket& socket, IPAddress& address, ConnectSocketState state, IAsyncResult asyncResult, Exception& exception)
   --- End of inner exception stack trace ---
   at OpenQA.Selenium.Appium.Service.AppiumCommandExecutor.Execute(Command commandToExecute)
   at OpenQA.Selenium.Remote.RemoteWebDriver.Execute(String driverCommandToExecute, Dictionary`2 parameters)
Then the user can click on the OK button
-> skipped because of previous errors
And the user clicks on the Insert button
-> skipped because of previous errors
And the insert object "structure placeholder" is displayed
-> skipped because of previous errors
=> SAM.Features.InsertingObjectIsDisplayedFeature.InsertObjectsDisplayed("struct placeholder old",null)
Given a user opens SAM
-> done: OpenSAMSteps.GivenAUserOpensSAM() (0.0s)
When the warning message is displayed
-> error: Unexpected error. System.Net.WebException: Unable to connect to the remote server ---> System.Net.Sockets.SocketException: No connection could be made because the target machine actively refused it 127.0.0.1:4723
   at System.Net.Sockets.Socket.DoConnect(EndPoint endPointSnapshot, SocketAddress socketAddress)
   at System.Net.ServicePoint.ConnectSocketInternal(Boolean connectFailure, Socket s4, Socket s6, Socket& socket, IPAddress& address, ConnectSocketState state, IAsyncResult asyncResult, Exception& exception)
   --- End of inner exception stack trace ---
   at OpenQA.Selenium.Appium.Service.AppiumCommandExecutor.Execute(Command commandToExecute)
   at OpenQA.Selenium.Remote.RemoteWebDriver.Execute(String driverCommandToExecute, Dictionary`2 parameters)
Then the user can click on the OK button
-> skipped because of previous errors
And the user clicks on the Insert button
-> skipped because of previous errors
And the insert object "struct placeholder old" is displayed
-> skipped because of previous errors
=> SAM.Features.InsertRibbonIsEnabledFeature.InsertRibbonEnabled
Given a user opens SAM
-> done: OpenSAMSteps.GivenAUserOpensSAM() (0.0s)
When the warning message is displayed
-> error: Unexpected error. System.Net.WebException: Unable to connect to the remote server ---> System.Net.Sockets.SocketException: No connection could be made because the target machine actively refused it 127.0.0.1:4723
   at System.Net.Sockets.Socket.DoConnect(EndPoint endPointSnapshot, SocketAddress socketAddress)
   at System.Net.ServicePoint.ConnectSocketInternal(Boolean connectFailure, Socket s4, Socket s6, Socket& socket, IPAddress& address, ConnectSocketState state, IAsyncResult asyncResult, Exception& exception)
   --- End of inner exception stack trace ---
   at OpenQA.Selenium.Appium.Service.AppiumCommandExecutor.Execute(Command commandToExecute)
   at OpenQA.Selenium.Remote.RemoteWebDriver.Execute(String driverCommandToExecute, Dictionary`2 parameters)
Then the user can click on the OK button
-> skipped because of previous errors
And the user place the mouse over the insert button
-> No matching step definition found for the step. Use the following code to create one:
        [Then(@"the user place the mouse over the insert button")]
        public void ThenTheUserPlaceTheMouseOverTheInsertButton()
        {
            ScenarioContext.Current.Pending();
        }

Then the ribbon should be enabled
-> No matching step definition found for the step. Use the following code to create one:
        [Then(@"the ribbon should be enabled")]
        public void ThenTheRibbonShouldBeEnabled()
        {
            ScenarioContext.Current.Pending();
        }

And the user press the "insert key" to open insert button
-> No matching step definition found for the step. Use the following code to create one:
        [Then(@"the user press the ""(.*)"" to open insert button")]
        public void ThenTheUserPressTheToOpenInsertButton(string p0)
        {
            ScenarioContext.Current.Pending();
        }

=> SAM.Features.NavigatingBetweenObjectFeature.ClickingThePlayButton
Given a user opens SAM
-> done: OpenSAMSteps.GivenAUserOpensSAM() (0.0s)
=> SAM.Features.NavigatingBetweenObjectFeature.NavigateBetweenObject
Given a user opens SAM
-> done: OpenSAMSteps.GivenAUserOpensSAM() (0.0s)
=> SAM.Features.OpenInsertDialogFeature.ClickOnInsertRibbon
Given a user opens SAM
-> done: OpenSAMSteps.GivenAUserOpensSAM() (0.0s)
When the warning message is displayed
-> error: Unexpected error. System.Net.WebException: Unable to connect to the remote server ---> System.Net.Sockets.SocketException: No connection could be made because the target machine actively refused it 127.0.0.1:4723
   at System.Net.Sockets.Socket.DoConnect(EndPoint endPointSnapshot, SocketAddress socketAddress)
   at System.Net.ServicePoint.ConnectSocketInternal(Boolean connectFailure, Socket s4, Socket s6, Socket& socket, IPAddress& address, ConnectSocketState state, IAsyncResult asyncResult, Exception& exception)
   --- End of inner exception stack trace ---
   at OpenQA.Selenium.Appium.Service.AppiumCommandExecutor.Execute(Command commandToExecute)
   at OpenQA.Selenium.Remote.RemoteWebDriver.Execute(String driverCommandToExecute, Dictionary`2 parameters)
Then the user can click on the OK button
-> skipped because of previous errors
And the user clicks on the Insert button
-> skipped because of previous errors
=> SAM.Features.OpenSAMFeature.OpeningSAM
Given a user opens SAM
-> done: OpenSAMSteps.GivenAUserOpensSAM() (0.0s)
When the warning message is displayed
-> error: Unexpected error. System.Net.WebException: Unable to connect to the remote server ---> System.Net.Sockets.SocketException: No connection could be made because the target machine actively refused it 127.0.0.1:4723
   at System.Net.Sockets.Socket.DoConnect(EndPoint endPointSnapshot, SocketAddress socketAddress)
   at System.Net.ServicePoint.ConnectSocketInternal(Boolean connectFailure, Socket s4, Socket s6, Socket& socket, IPAddress& address, ConnectSocketState state, IAsyncResult asyncResult, Exception& exception)
   --- End of inner exception stack trace ---
   at OpenQA.Selenium.Appium.Service.AppiumCommandExecutor.Execute(Command commandToExecute)
   at OpenQA.Selenium.Remote.RemoteWebDriver.Execute(String driverCommandToExecute, Dictionary`2 parameters)
Then the user can click on the OK button
-> skipped because of previous errors
=> SAM.Features.SelectingObjectFeature.HoveringMouseOnAnObject
Given a user opens SAM
-> done: OpenSAMSteps.GivenAUserOpensSAM() (0.0s)
When the warning message is displayed
-> error: Unexpected error. System.Net.WebException: Unable to connect to the remote server ---> System.Net.Sockets.SocketException: No connection could be made because the target machine actively refused it 127.0.0.1:4723
   at System.Net.Sockets.Socket.DoConnect(EndPoint endPointSnapshot, SocketAddress socketAddress)
   at System.Net.ServicePoint.ConnectSocketInternal(Boolean connectFailure, Socket s4, Socket s6, Socket& socket, IPAddress& address, ConnectSocketState state, IAsyncResult asyncResult, Exception& exception)
   --- End of inner exception stack trace ---
   at OpenQA.Selenium.Appium.Service.AppiumCommandExecutor.Execute(Command commandToExecute)
   at OpenQA.Selenium.Remote.RemoteWebDriver.Execute(String driverCommandToExecute, Dictionary`2 parameters)
Then the user can click on the OK button
-> skipped because of previous errors
And the user clicks on the Insert button
-> skipped because of previous errors
And the user hover the mouse on an object
-> No matching step definition found for the step. Use the following code to create one:
        [Then(@"the user hover the mouse on an object")]
        public void ThenTheUserHoverTheMouseOnAnObject()
        {
            ScenarioContext.Current.Pending();
        }

Then the user confirms the displayed buttons
-> No matching step definition found for the step. Use the following code to create one:
        [Then(@"the user confirms the displayed buttons")]
        public void ThenTheUserConfirmsTheDisplayedButtons()
        {
            ScenarioContext.Current.Pending();
        }

=> SAM.Features.SelectingObjectFeature.SelectAnObjectOnClick
Given a user opens SAM
-> done: OpenSAMSteps.GivenAUserOpensSAM() (0.0s)
When the warning message is displayed
-> error: Unexpected error. System.Net.WebException: Unable to connect to the remote server ---> System.Net.Sockets.SocketException: No connection could be made because the target machine actively refused it 127.0.0.1:4723
   at System.Net.Sockets.Socket.DoConnect(EndPoint endPointSnapshot, SocketAddress socketAddress)
   at System.Net.ServicePoint.ConnectSocketInternal(Boolean connectFailure, Socket s4, Socket s6, Socket& socket, IPAddress& address, ConnectSocketState state, IAsyncResult asyncResult, Exception& exception)
   --- End of inner exception stack trace ---
   at OpenQA.Selenium.Appium.Service.AppiumCommandExecutor.Execute(Command commandToExecute)
   at OpenQA.Selenium.Remote.RemoteWebDriver.Execute(String driverCommandToExecute, Dictionary`2 parameters)
Then the user can click on the OK button
-> skipped because of previous errors
And the user clicks on the Insert button
-> skipped because of previous errors
And the user click the object
-> No matching step definition found for the step. Use the following code to create one:
        [Then(@"the user click the object")]
        public void ThenTheUserClickTheObject()
        {
            ScenarioContext.Current.Pending();
        }

Then the object is bold font
-> No matching step definition found for the step. Use the following code to create one:
        [Then(@"the object is bold font")]
        public void ThenTheObjectIsBoldFont()
        {
            ScenarioContext.Current.Pending();
        }

And the user click the ok button
-> No matching step definition found for the step. Use the following code to create one:
        [Then(@"the user click the ok button")]
        public void ThenTheUserClickTheOkButton()
        {
            ScenarioContext.Current.Pending();
        }

=> SAM.Features.SelectingObjectFeature.SelectAnObjectOnEdit
Given a user opens SAM
-> done: OpenSAMSteps.GivenAUserOpensSAM() (0.0s)
When the warning message is displayed
-> error: Unexpected error. System.Net.WebException: Unable to connect to the remote server ---> System.Net.Sockets.SocketException: No connection could be made because the target machine actively refused it 127.0.0.1:4723
   at System.Net.Sockets.Socket.DoConnect(EndPoint endPointSnapshot, SocketAddress socketAddress)
   at System.Net.ServicePoint.ConnectSocketInternal(Boolean connectFailure, Socket s4, Socket s6, Socket& socket, IPAddress& address, ConnectSocketState state, IAsyncResult asyncResult, Exception& exception)
   --- End of inner exception stack trace ---
   at OpenQA.Selenium.Appium.Service.AppiumCommandExecutor.Execute(Command commandToExecute)
   at OpenQA.Selenium.Remote.RemoteWebDriver.Execute(String driverCommandToExecute, Dictionary`2 parameters)
Then the user can click on the OK button
-> skipped because of previous errors
And the user clicks on the Insert button
-> skipped because of previous errors
And the user enter the "text" in the search box
-> No matching step definition found for the step. Use the following code to create one:
        [Then(@"the user enter the ""(.*)"" in the search box")]
        public void ThenTheUserEnterTheInTheSearchBox(string text0)
        {
            ScenarioContext.Current.Pending();
        }

Then the "text" appear on the pane
-> No matching step definition found for the step. Use the following code to create one:
        [Then(@"the ""(.*)"" appear on the pane")]
        public void ThenTheAppearOnThePane(string text0)
        {
            ScenarioContext.Current.Pending();
        }

And the user click the ok button
-> No matching step definition found for the step. Use the following code to create one:
        [Then(@"the user click the ok button")]
        public void ThenTheUserClickTheOkButton()
        {
            ScenarioContext.Current.Pending();
        }

=> SAM.Features.SelectingObjectFeature.SelectAnObjectOnPlusKey
Given a user opens SAM
-> done: OpenSAMSteps.GivenAUserOpensSAM() (0.0s)
When the warning message is displayed
-> error: Unexpected error. System.Net.WebException: Unable to connect to the remote server ---> System.Net.Sockets.SocketException: No connection could be made because the target machine actively refused it 127.0.0.1:4723
   at System.Net.Sockets.Socket.DoConnect(EndPoint endPointSnapshot, SocketAddress socketAddress)
   at System.Net.ServicePoint.ConnectSocketInternal(Boolean connectFailure, Socket s4, Socket s6, Socket& socket, IPAddress& address, ConnectSocketState state, IAsyncResult asyncResult, Exception& exception)
   --- End of inner exception stack trace ---
   at OpenQA.Selenium.Appium.Service.AppiumCommandExecutor.Execute(Command commandToExecute)
   at OpenQA.Selenium.Remote.RemoteWebDriver.Execute(String driverCommandToExecute, Dictionary`2 parameters)
Then the user can click on the OK button
-> skipped because of previous errors
And the user clicks on the Insert button
-> skipped because of previous errors
And the user hover the mouse on an object
-> No matching step definition found for the step. Use the following code to create one:
        [Then(@"the user hover the mouse on an object")]
        public void ThenTheUserHoverTheMouseOnAnObject()
        {
            ScenarioContext.Current.Pending();
        }

And the user press the "plus Key" on the keyboard
-> No matching step definition found for the step. Use the following code to create one:
        [Then(@"the user press the ""(.*)"" on the keyboard")]
        public void ThenTheUserPressTheOnTheKeyboard(string p0)
        {
            ScenarioContext.Current.Pending();
        }

Then the object is bold font
-> No matching step definition found for the step. Use the following code to create one:
        [Then(@"the object is bold font")]
        public void ThenTheObjectIsBoldFont()
        {
            ScenarioContext.Current.Pending();
        }

And the user click the ok button
-> No matching step definition found for the step. Use the following code to create one:
        [Then(@"the user click the ok button")]
        public void ThenTheUserClickTheOkButton()
        {
            ScenarioContext.Current.Pending();
        }

=> SAM.Features.SelectingObjectFeature.SelectAnObjectOnSpacebarKey
Given a user opens SAM
-> done: OpenSAMSteps.GivenAUserOpensSAM() (0.0s)
When the warning message is displayed
-> error: Unexpected error. System.Net.WebException: Unable to connect to the remote server ---> System.Net.Sockets.SocketException: No connection could be made because the target machine actively refused it 127.0.0.1:4723
   at System.Net.Sockets.Socket.DoConnect(EndPoint endPointSnapshot, SocketAddress socketAddress)
   at System.Net.ServicePoint.ConnectSocketInternal(Boolean connectFailure, Socket s4, Socket s6, Socket& socket, IPAddress& address, ConnectSocketState state, IAsyncResult asyncResult, Exception& exception)
   --- End of inner exception stack trace ---
   at OpenQA.Selenium.Appium.Service.AppiumCommandExecutor.Execute(Command commandToExecute)
   at OpenQA.Selenium.Remote.RemoteWebDriver.Execute(String driverCommandToExecute, Dictionary`2 parameters)
Then the user can click on the OK button
-> skipped because of previous errors
And the user clicks on the Insert button
-> skipped because of previous errors
And the user hover the mouse on an object
-> No matching step definition found for the step. Use the following code to create one:
        [Then(@"the user hover the mouse on an object")]
        public void ThenTheUserHoverTheMouseOnAnObject()
        {
            ScenarioContext.Current.Pending();
        }

And the user press the "spacebar" on the keyboard
-> No matching step definition found for the step. Use the following code to create one:
        [Then(@"the user press the ""(.*)"" on the keyboard")]
        public void ThenTheUserPressTheOnTheKeyboard(string spacebar)
        {
            ScenarioContext.Current.Pending();
        }

Then the object is bold font
-> No matching step definition found for the step. Use the following code to create one:
        [Then(@"the object is bold font")]
        public void ThenTheObjectIsBoldFont()
        {
            ScenarioContext.Current.Pending();
        }

And the user click the ok button
-> No matching step definition found for the step. Use the following code to create one:
        [Then(@"the user click the ok button")]
        public void ThenTheUserClickTheOkButton()
        {
            ScenarioContext.Current.Pending();
        }

=> SAM.Features.ToValidateAppendingNumberToMutipleObjectsFeature.AppendNumberToMultipleObject
Given a user opens SAM
-> done: OpenSAMSteps.GivenAUserOpensSAM() (0.0s)
When the warning message is displayed
-> error: Unexpected error. System.Net.WebException: Unable to connect to the remote server ---> System.Net.Sockets.SocketException: No connection could be made because the target machine actively refused it 127.0.0.1:4723
   at System.Net.Sockets.Socket.DoConnect(EndPoint endPointSnapshot, SocketAddress socketAddress)
   at System.Net.ServicePoint.ConnectSocketInternal(Boolean connectFailure, Socket s4, Socket s6, Socket& socket, IPAddress& address, ConnectSocketState state, IAsyncResult asyncResult, Exception& exception)
   --- End of inner exception stack trace ---
   at OpenQA.Selenium.Appium.Service.AppiumCommandExecutor.Execute(Command commandToExecute)
   at OpenQA.Selenium.Remote.RemoteWebDriver.Execute(String driverCommandToExecute, Dictionary`2 parameters)
Then the user can click on the OK button
-> skipped because of previous errors
And the user clicks on the Insert button
-> skipped because of previous errors
And the user hover the mouse on an object
-> No matching step definition found for the step. Use the following code to create one:
        [Then(@"the user hover the mouse on an object")]
        public void ThenTheUserHoverTheMouseOnAnObject()
        {
            ScenarioContext.Current.Pending();
        }

And the user click on the plus button 3 times on the pane
-> No matching step definition found for the step. Use the following code to create one:
        [Then(@"the user click on the plus button (.*) times on the pane")]
        public void ThenTheUserClickOnThePlusButtonTimesOnThePane(int p0)
        {
            ScenarioContext.Current.Pending();
        }

And the user click the ok button
-> No matching step definition found for the step. Use the following code to create one:
        [Then(@"the user click the ok button")]
        public void ThenTheUserClickTheOkButton()
        {
            ScenarioContext.Current.Pending();
        }

Then the object should be inserted in the design explorer
-> skipped because of previous errors
=> SAM.Features.ToValidateAppendingNumberToMutipleObjectsFeature.ObjectNameMustBeUniqueForSiblingObjects
Given a user opens SAM
-> done: OpenSAMSteps.GivenAUserOpensSAM() (0.0s)
When the warning message is displayed
-> error: Unexpected error. System.Net.WebException: Unable to connect to the remote server ---> System.Net.Sockets.SocketException: No connection could be made because the target machine actively refused it 127.0.0.1:4723
   at System.Net.Sockets.Socket.DoConnect(EndPoint endPointSnapshot, SocketAddress socketAddress)
   at System.Net.ServicePoint.ConnectSocketInternal(Boolean connectFailure, Socket s4, Socket s6, Socket& socket, IPAddress& address, ConnectSocketState state, IAsyncResult asyncResult, Exception& exception)
   --- End of inner exception stack trace ---
   at OpenQA.Selenium.Appium.Service.AppiumCommandExecutor.Execute(Command commandToExecute)
   at OpenQA.Selenium.Remote.RemoteWebDriver.Execute(String driverCommandToExecute, Dictionary`2 parameters)
Then the user can click on the OK button
-> skipped because of previous errors
And the user clicks on the Insert button
-> skipped because of previous errors
And the user hover the mouse on an object
-> No matching step definition found for the step. Use the following code to create one:
        [Then(@"the user hover the mouse on an object")]
        public void ThenTheUserHoverTheMouseOnAnObject()
        {
            ScenarioContext.Current.Pending();
        }

And the user click on the parent object
-> No matching step definition found for the step. Use the following code to create one:
        [Then(@"the user click on the parent object")]
        public void ThenTheUserClickOnTheParentObject()
        {
            ScenarioContext.Current.Pending();
        }

And the user click on the play button
-> No matching step definition found for the step. Use the following code to create one:
        [Then(@"the user click on the play button")]
        public void ThenTheUserClickOnThePlayButton()
        {
            ScenarioContext.Current.Pending();
        }

Then the a new dialog appears
-> No matching step definition found for the step. Use the following code to create one:
        [Then(@"the a new dialog appears")]
        public void ThenTheANewDialogAppears()
        {
            ScenarioContext.Current.Pending();
        }

And the user  double click the object
-> No matching step definition found for the step. Use the following code to create one:
        [Then(@"the user  double click the object")]
        public void ThenTheUserDoubleClickTheObject()
        {
            ScenarioContext.Current.Pending();
        }

And the user click on the child object
-> No matching step definition found for the step. Use the following code to create one:
        [Then(@"the user click on the child object")]
        public void ThenTheUserClickOnTheChildObject()
        {
            ScenarioContext.Current.Pending();
        }

And the user click the ok button
-> No matching step definition found for the step. Use the following code to create one:
        [Then(@"the user click the ok button")]
        public void ThenTheUserClickTheOkButton()
        {
            ScenarioContext.Current.Pending();
        }

Then the object should be inserted in the design explorer
-> skipped because of previous errors
=> SAM.Features.ToValidateAppendingNumberToMutipleObjectsFeature.ParentObjectNameMustNotStartWithDigit
Given a user opens SAM
-> done: OpenSAMSteps.GivenAUserOpensSAM() (0.0s)
When the warning message is displayed
-> error: Unexpected error. System.Net.WebException: Unable to connect to the remote server ---> System.Net.Sockets.SocketException: No connection could be made because the target machine actively refused it 127.0.0.1:4723
   at System.Net.Sockets.Socket.DoConnect(EndPoint endPointSnapshot, SocketAddress socketAddress)
   at System.Net.ServicePoint.ConnectSocketInternal(Boolean connectFailure, Socket s4, Socket s6, Socket& socket, IPAddress& address, ConnectSocketState state, IAsyncResult asyncResult, Exception& exception)
   --- End of inner exception stack trace ---
   at OpenQA.Selenium.Appium.Service.AppiumCommandExecutor.Execute(Command commandToExecute)
   at OpenQA.Selenium.Remote.RemoteWebDriver.Execute(String driverCommandToExecute, Dictionary`2 parameters)
Then the user can click on the OK button
-> skipped because of previous errors
And the user clicks on the Insert button
-> skipped because of previous errors
And the user hover the mouse on an object
-> No matching step definition found for the step. Use the following code to create one:
        [Then(@"the user hover the mouse on an object")]
        public void ThenTheUserHoverTheMouseOnAnObject()
        {
            ScenarioContext.Current.Pending();
        }

And the user press "F2" on the keyboard
-> No matching step definition found for the step. Use the following code to create one:
        [Then(@"the user press ""(.*)"" on the keyboard")]
        public void ThenTheUserPressOnTheKeyboard(string p0)
        {
            ScenarioContext.Current.Pending();
        }

And the user rename the object with "123text"
-> No matching step definition found for the step. Use the following code to create one:
        [Then(@"the user rename the object with ""(.*)""")]
        public void ThenTheUserRenameTheObjectWith(string p0)
        {
            ScenarioContext.Current.Pending();
        }

And the user click anywhere in the window
-> No matching step definition found for the step. Use the following code to create one:
        [Then(@"the user click anywhere in the window")]
        public void ThenTheUserClickAnywhereInTheWindow()
        {
            ScenarioContext.Current.Pending();
        }

And the user click the ok button
-> No matching step definition found for the step. Use the following code to create one:
        [Then(@"the user click the ok button")]
        public void ThenTheUserClickTheOkButton()
        {
            ScenarioContext.Current.Pending();
        }

Then the error message should appear on the button
-> No matching step definition found for the step. Use the following code to create one:
        [Then(@"the error message should appear on the button")]
        public void ThenTheErrorMessageShouldAppearOnTheButton()
        {
            ScenarioContext.Current.Pending();
        }

=> SAM.Features.ValidatingTheOKButtonEnabledFeature.EnterKeyOnKeyboardInsertObjects
Given a user opens SAM
-> done: OpenSAMSteps.GivenAUserOpensSAM() (0.0s)
When the warning message is displayed
-> error: Unexpected error. System.Net.WebException: Unable to connect to the remote server ---> System.Net.Sockets.SocketException: No connection could be made because the target machine actively refused it 127.0.0.1:4723
   at System.Net.Sockets.Socket.DoConnect(EndPoint endPointSnapshot, SocketAddress socketAddress)
   at System.Net.ServicePoint.ConnectSocketInternal(Boolean connectFailure, Socket s4, Socket s6, Socket& socket, IPAddress& address, ConnectSocketState state, IAsyncResult asyncResult, Exception& exception)
   --- End of inner exception stack trace ---
   at OpenQA.Selenium.Appium.Service.AppiumCommandExecutor.Execute(Command commandToExecute)
   at OpenQA.Selenium.Remote.RemoteWebDriver.Execute(String driverCommandToExecute, Dictionary`2 parameters)
Then the user can click on the OK button
-> skipped because of previous errors
And the user clicks on the Insert button
-> skipped because of previous errors
Given the user click on 4 parent objects
-> No matching step definition found for the step. Use the following code to create one:
        [Given(@"the user click on (.*) parent objects")]
        public void GivenTheUserClickOnParentObjects(int p0)
        {
            ScenarioContext.Current.Pending();
        }

Then the Ok button is enabled
-> No matching step definition found for the step. Use the following code to create one:
        [Then(@"the Ok button is enabled")]
        public void ThenTheOkButtonIsEnabled()
        {
            ScenarioContext.Current.Pending();
        }

And the user press the enter key on the keyboard
-> No matching step definition found for the step. Use the following code to create one:
        [Then(@"the user press the enter key on the keyboard")]
        public void ThenTheUserPressTheEnterKeyOnTheKeyboard()
        {
            ScenarioContext.Current.Pending();
        }

Then the object should be inserted in the design explorer
-> skipped because of previous errors
=> SAM.Features.ValidatingTheOKButtonEnabledFeature.OKButtonEnabled
Given a user opens SAM
-> done: OpenSAMSteps.GivenAUserOpensSAM() (0.0s)
When the warning message is displayed
-> error: Unexpected error. System.Net.WebException: Unable to connect to the remote server ---> System.Net.Sockets.SocketException: No connection could be made because the target machine actively refused it 127.0.0.1:4723
   at System.Net.Sockets.Socket.DoConnect(EndPoint endPointSnapshot, SocketAddress socketAddress)
   at System.Net.ServicePoint.ConnectSocketInternal(Boolean connectFailure, Socket s4, Socket s6, Socket& socket, IPAddress& address, ConnectSocketState state, IAsyncResult asyncResult, Exception& exception)
   --- End of inner exception stack trace ---
   at OpenQA.Selenium.Appium.Service.AppiumCommandExecutor.Execute(Command commandToExecute)
   at OpenQA.Selenium.Remote.RemoteWebDriver.Execute(String driverCommandToExecute, Dictionary`2 parameters)
Then the user can click on the OK button
-> skipped because of previous errors
And the user clicks on the Insert button
-> skipped because of previous errors
Given the user click on 4 parent objects
-> No matching step definition found for the step. Use the following code to create one:
        [Given(@"the user click on (.*) parent objects")]
        public void GivenTheUserClickOnParentObjects(int p0)
        {
            ScenarioContext.Current.Pending();
        }

Then the Ok button is enabled
-> No matching step definition found for the step. Use the following code to create one:
        [Then(@"the Ok button is enabled")]
        public void ThenTheOkButtonIsEnabled()
        {
            ScenarioContext.Current.Pending();
        }

And the user click the ok button
-> No matching step definition found for the step. Use the following code to create one:
        [Then(@"the user click the ok button")]
        public void ThenTheUserClickTheOkButton()
        {
            ScenarioContext.Current.Pending();
        }

=> SAM.Features.ValidatingTheOKButtonEnabledFeature.OKButttonInsertObjects
Given a user opens SAM
-> done: OpenSAMSteps.GivenAUserOpensSAM() (0.0s)
When the warning message is displayed
-> error: Unexpected error. System.Net.WebException: Unable to connect to the remote server ---> System.Net.Sockets.SocketException: No connection could be made because the target machine actively refused it 127.0.0.1:4723
   at System.Net.Sockets.Socket.DoConnect(EndPoint endPointSnapshot, SocketAddress socketAddress)
   at System.Net.ServicePoint.ConnectSocketInternal(Boolean connectFailure, Socket s4, Socket s6, Socket& socket, IPAddress& address, ConnectSocketState state, IAsyncResult asyncResult, Exception& exception)
   --- End of inner exception stack trace ---
   at OpenQA.Selenium.Appium.Service.AppiumCommandExecutor.Execute(Command commandToExecute)
   at OpenQA.Selenium.Remote.RemoteWebDriver.Execute(String driverCommandToExecute, Dictionary`2 parameters)
Then the user can click on the OK button
-> skipped because of previous errors
And the user clicks on the Insert button
-> skipped because of previous errors
Given the user click on 4 parent objects
-> No matching step definition found for the step. Use the following code to create one:
        [Given(@"the user click on (.*) parent objects")]
        public void GivenTheUserClickOnParentObjects(int p0)
        {
            ScenarioContext.Current.Pending();
        }

Then the Ok button is enabled
-> No matching step definition found for the step. Use the following code to create one:
        [Then(@"the Ok button is enabled")]
        public void ThenTheOkButtonIsEnabled()
        {
            ScenarioContext.Current.Pending();
        }

And the user click the ok button
-> No matching step definition found for the step. Use the following code to create one:
        [Then(@"the user click the ok button")]
        public void ThenTheUserClickTheOkButton()
        {
            ScenarioContext.Current.Pending();
        }

Then the object should be inserted in the design explorer
-> skipped because of previous errors
