<?xml version="1.0" encoding="utf-8" standalone="no"?>
<!--This file represents the results of running a test suite-->
<test-results name="SAM.dll" total="44" errors="40" failures="0" not-run="0" inconclusive="2" ignored="0" skipped="0" invalid="0" date="2019-05-27" time="04:09:49">
  <environment nunit-version="3.6.0.0" clr-version="4.0.30319.42000" os-version="Microsoft Windows NT 10.0.17134.0" platform="Win32NT" cwd="C:\SAMAutomation\SAM\SAM\Reports" machine-name="DESKTOP-IL0VTFQ" user="Patogunlaja" user-domain="DESKTOP-IL0VTFQ" />
  <culture-info current-culture="en-GB" current-uiculture="en-US" />
  <test-suite type="Assembly" name="SAM.dll" executed="True" result="Failure" success="False" time="104.587" asserts="0">
    <properties>
      <property name="_PID" value="7160" />
      <property name="_APPDOMAIN" value="domain-" />
    </properties>
    <failure>
      <message><![CDATA[One or more child tests had errors]]></message>
      <stack-trace />
    </failure>
    <results>
      <test-suite type="TestSuite" name="SAM" executed="True" result="Failure" success="False" time="104.561" asserts="0">
        <failure>
          <message><![CDATA[One or more child tests had errors]]></message>
          <stack-trace />
        </failure>
        <results>
          <test-suite type="TestSuite" name="Features" executed="True" result="Failure" success="False" time="104.561" asserts="0">
            <failure>
              <message><![CDATA[One or more child tests had errors]]></message>
              <stack-trace />
            </failure>
            <results>
              <test-suite type="TestFixture" name="Calcs1Feature" description="calcs1" executed="True" result="Success" success="True" time="0.002" asserts="0">
                <properties>
                  <property name="Description" value="calcs1" />
                </properties>
                <results />
              </test-suite>
              <test-suite type="TestFixture" name="CancelButtonAvailableFeature" description="Cancel Button Available" executed="True" result="Failure" success="False" time="4.648" asserts="0">
                <properties>
                  <property name="Description" value="Cancel Button Available" />
                </properties>
                <failure>
                  <message><![CDATA[One or more child tests had errors]]></message>
                  <stack-trace />
                </failure>
                <results>
                  <test-case name="SAM.Features.CancelButtonAvailableFeature.CancelButtonAvailable" description="Cancel Button Available" executed="True" result="Error" success="False" time="1.934" asserts="0">
                    <categories>
                      <category name="mytag" />
                    </categories>
                    <properties>
                      <property name="Description" value="Cancel Button Available" />
                    </properties>
                    <failure>
                      <message><![CDATA[OpenQA.Selenium.WebDriverException : Unexpected error. ]]></message>
                      <stack-trace><![CDATA[   at OpenQA.Selenium.Remote.RemoteWebDriver.UnpackAndThrowOnError(Response errorResponse)
   at OpenQA.Selenium.Remote.RemoteWebDriver.Execute(String driverCommandToExecute, Dictionary`2 parameters)
   at OpenQA.Selenium.Remote.RemoteWebDriver.StartSession(ICapabilities desiredCapabilities)
   at OpenQA.Selenium.Remote.RemoteWebDriver..ctor(ICommandExecutor commandExecutor, ICapabilities desiredCapabilities)
   at OpenQA.Selenium.Appium.Windows.WindowsDriver`1..ctor(Uri remoteAddress, DesiredCapabilities desiredCapabilities, TimeSpan commandTimeout)
   at SAM.Utilities.Driver.get_Current() in C:\SAMAutomation\SAM\SAM\Utilities\Driver.cs:line 41
   at SAM.WinFormObjects.WarningDialogObjects.IsWarningDialogDisplayed() in C:\SAMAutomation\SAM\SAM\WinFormObjects\WarningDialogObjects.cs:line 36
   at SAM.Steps.WarningDialogSteps.WhenTheWarningMessageIsDisplayed() in C:\SAMAutomation\SAM\SAM\Steps\WarningDialogSteps.cs:line 21
   at TechTalk.SpecFlow.Bindings.BindingInvoker.InvokeBinding(IBinding binding, IContextManager contextManager, Object[] arguments, ITestTracer testTracer, TimeSpan& duration)
   at TechTalk.SpecFlow.Infrastructure.TestExecutionEngine.ExecuteStepMatch(BindingMatch match, Object[] arguments)
   at TechTalk.SpecFlow.Infrastructure.TestExecutionEngine.ExecuteStep(IContextManager contextManager, StepInstance stepInstance)
   at TechTalk.SpecFlow.Infrastructure.TestExecutionEngine.OnAfterLastStep()
   at TechTalk.SpecFlow.TestRunner.CollectScenarioErrors()
   at SAM.Features.CancelButtonAvailableFeature.ScenarioCleanup()
   at SAM.Features.CancelButtonAvailableFeature.CancelButtonAvailable() in C:\SAMAutomation\SAM\SAM\Features\CancelButtonAvailable.feature:line 15]]></stack-trace>
                    </failure>
                  </test-case>
                  <test-case name="SAM.Features.CancelButtonAvailableFeature.CancelButtonClosesOnClick" description="Cancel Button Closes On Click" executed="True" result="Error" success="False" time="1.006" asserts="0">
                    <categories>
                      <category name="mytag" />
                    </categories>
                    <properties>
                      <property name="Description" value="Cancel Button Closes On Click" />
                    </properties>
                    <failure>
                      <message><![CDATA[OpenQA.Selenium.WebDriverException : Unexpected error. ]]></message>
                      <stack-trace><![CDATA[   at OpenQA.Selenium.Remote.RemoteWebDriver.UnpackAndThrowOnError(Response errorResponse)
   at OpenQA.Selenium.Remote.RemoteWebDriver.Execute(String driverCommandToExecute, Dictionary`2 parameters)
   at OpenQA.Selenium.Remote.RemoteWebDriver.StartSession(ICapabilities desiredCapabilities)
   at OpenQA.Selenium.Remote.RemoteWebDriver..ctor(ICommandExecutor commandExecutor, ICapabilities desiredCapabilities)
   at OpenQA.Selenium.Appium.Windows.WindowsDriver`1..ctor(Uri remoteAddress, DesiredCapabilities desiredCapabilities, TimeSpan commandTimeout)
   at SAM.Utilities.Driver.get_Current() in C:\SAMAutomation\SAM\SAM\Utilities\Driver.cs:line 41
   at SAM.WinFormObjects.WarningDialogObjects.IsWarningDialogDisplayed() in C:\SAMAutomation\SAM\SAM\WinFormObjects\WarningDialogObjects.cs:line 36
   at SAM.Steps.WarningDialogSteps.WhenTheWarningMessageIsDisplayed() in C:\SAMAutomation\SAM\SAM\Steps\WarningDialogSteps.cs:line 21
   at TechTalk.SpecFlow.Bindings.BindingInvoker.InvokeBinding(IBinding binding, IContextManager contextManager, Object[] arguments, ITestTracer testTracer, TimeSpan& duration)
   at TechTalk.SpecFlow.Infrastructure.TestExecutionEngine.ExecuteStepMatch(BindingMatch match, Object[] arguments)
   at TechTalk.SpecFlow.Infrastructure.TestExecutionEngine.ExecuteStep(IContextManager contextManager, StepInstance stepInstance)
   at TechTalk.SpecFlow.Infrastructure.TestExecutionEngine.OnAfterLastStep()
   at TechTalk.SpecFlow.TestRunner.CollectScenarioErrors()
   at SAM.Features.CancelButtonAvailableFeature.ScenarioCleanup()
   at SAM.Features.CancelButtonAvailableFeature.CancelButtonClosesOnClick() in C:\SAMAutomation\SAM\SAM\Features\CancelButtonAvailable.feature:line 27]]></stack-trace>
                    </failure>
                  </test-case>
                  <test-case name="SAM.Features.CancelButtonAvailableFeature.CancelButtonClosesOnEscape" description="Cancel Button Closes On Escape" executed="True" result="Error" success="False" time="1.041" asserts="0">
                    <categories>
                      <category name="mytag" />
                    </categories>
                    <properties>
                      <property name="Description" value="Cancel Button Closes On Escape" />
                    </properties>
                    <failure>
                      <message><![CDATA[OpenQA.Selenium.WebDriverException : Unexpected error. ]]></message>
                      <stack-trace><![CDATA[   at OpenQA.Selenium.Remote.RemoteWebDriver.UnpackAndThrowOnError(Response errorResponse)
   at OpenQA.Selenium.Remote.RemoteWebDriver.Execute(String driverCommandToExecute, Dictionary`2 parameters)
   at OpenQA.Selenium.Remote.RemoteWebDriver.StartSession(ICapabilities desiredCapabilities)
   at OpenQA.Selenium.Remote.RemoteWebDriver..ctor(ICommandExecutor commandExecutor, ICapabilities desiredCapabilities)
   at OpenQA.Selenium.Appium.Windows.WindowsDriver`1..ctor(Uri remoteAddress, DesiredCapabilities desiredCapabilities, TimeSpan commandTimeout)
   at SAM.Utilities.Driver.get_Current() in C:\SAMAutomation\SAM\SAM\Utilities\Driver.cs:line 41
   at SAM.WinFormObjects.WarningDialogObjects.IsWarningDialogDisplayed() in C:\SAMAutomation\SAM\SAM\WinFormObjects\WarningDialogObjects.cs:line 36
   at SAM.Steps.WarningDialogSteps.WhenTheWarningMessageIsDisplayed() in C:\SAMAutomation\SAM\SAM\Steps\WarningDialogSteps.cs:line 21
   at TechTalk.SpecFlow.Bindings.BindingInvoker.InvokeBinding(IBinding binding, IContextManager contextManager, Object[] arguments, ITestTracer testTracer, TimeSpan& duration)
   at TechTalk.SpecFlow.Infrastructure.TestExecutionEngine.ExecuteStepMatch(BindingMatch match, Object[] arguments)
   at TechTalk.SpecFlow.Infrastructure.TestExecutionEngine.ExecuteStep(IContextManager contextManager, StepInstance stepInstance)
   at TechTalk.SpecFlow.Infrastructure.TestExecutionEngine.OnAfterLastStep()
   at TechTalk.SpecFlow.TestRunner.CollectScenarioErrors()
   at SAM.Features.CancelButtonAvailableFeature.ScenarioCleanup()
   at SAM.Features.CancelButtonAvailableFeature.CancelButtonClosesOnEscape() in C:\SAMAutomation\SAM\SAM\Features\CancelButtonAvailable.feature:line 21]]></stack-trace>
                    </failure>
                  </test-case>
                </results>
              </test-suite>
              <test-suite type="TestFixture" name="DeSelectingAnObjectFeature" description="DeSelecting an Object" executed="True" result="Failure" success="False" time="3.064" asserts="0">
                <properties>
                  <property name="Description" value="DeSelecting an Object" />
                </properties>
                <failure>
                  <message><![CDATA[One or more child tests had errors]]></message>
                  <stack-trace />
                </failure>
                <results>
                  <test-case name="SAM.Features.DeSelectingAnObjectFeature.DeSelectAnObjectUsingSpacebarKey" description="DeSelect an Object Using Spacebar key" executed="True" result="Error" success="False" time="1.020" asserts="0">
                    <categories>
                      <category name="mytag" />
                    </categories>
                    <properties>
                      <property name="Description" value="DeSelect an Object Using Spacebar key" />
                    </properties>
                    <failure>
                      <message><![CDATA[OpenQA.Selenium.WebDriverException : Unexpected error. ]]></message>
                      <stack-trace><![CDATA[   at OpenQA.Selenium.Remote.RemoteWebDriver.UnpackAndThrowOnError(Response errorResponse)
   at OpenQA.Selenium.Remote.RemoteWebDriver.Execute(String driverCommandToExecute, Dictionary`2 parameters)
   at OpenQA.Selenium.Remote.RemoteWebDriver.StartSession(ICapabilities desiredCapabilities)
   at OpenQA.Selenium.Remote.RemoteWebDriver..ctor(ICommandExecutor commandExecutor, ICapabilities desiredCapabilities)
   at OpenQA.Selenium.Appium.Windows.WindowsDriver`1..ctor(Uri remoteAddress, DesiredCapabilities desiredCapabilities, TimeSpan commandTimeout)
   at SAM.Utilities.Driver.get_Current() in C:\SAMAutomation\SAM\SAM\Utilities\Driver.cs:line 41
   at SAM.WinFormObjects.WarningDialogObjects.IsWarningDialogDisplayed() in C:\SAMAutomation\SAM\SAM\WinFormObjects\WarningDialogObjects.cs:line 36
   at SAM.Steps.WarningDialogSteps.WhenTheWarningMessageIsDisplayed() in C:\SAMAutomation\SAM\SAM\Steps\WarningDialogSteps.cs:line 21
   at TechTalk.SpecFlow.Bindings.BindingInvoker.InvokeBinding(IBinding binding, IContextManager contextManager, Object[] arguments, ITestTracer testTracer, TimeSpan& duration)
   at TechTalk.SpecFlow.Infrastructure.TestExecutionEngine.ExecuteStepMatch(BindingMatch match, Object[] arguments)
   at TechTalk.SpecFlow.Infrastructure.TestExecutionEngine.ExecuteStep(IContextManager contextManager, StepInstance stepInstance)
   at TechTalk.SpecFlow.Infrastructure.TestExecutionEngine.OnAfterLastStep()
   at TechTalk.SpecFlow.TestRunner.CollectScenarioErrors()
   at SAM.Features.DeSelectingAnObjectFeature.ScenarioCleanup()
   at SAM.Features.DeSelectingAnObjectFeature.DeSelectAnObjectUsingSpacebarKey() in C:\SAMAutomation\SAM\SAM\Features\DeSelectingObject.feature:line 34]]></stack-trace>
                    </failure>
                  </test-case>
                  <test-case name="SAM.Features.DeSelectingAnObjectFeature.DeselectingObjectOnClick" description="Deselecting object On Click" executed="True" result="Error" success="False" time="1.022" asserts="0">
                    <categories>
                      <category name="mytag" />
                    </categories>
                    <properties>
                      <property name="Description" value="Deselecting object On Click" />
                    </properties>
                    <failure>
                      <message><![CDATA[OpenQA.Selenium.WebDriverException : Unexpected error. ]]></message>
                      <stack-trace><![CDATA[   at OpenQA.Selenium.Remote.RemoteWebDriver.UnpackAndThrowOnError(Response errorResponse)
   at OpenQA.Selenium.Remote.RemoteWebDriver.Execute(String driverCommandToExecute, Dictionary`2 parameters)
   at OpenQA.Selenium.Remote.RemoteWebDriver.StartSession(ICapabilities desiredCapabilities)
   at OpenQA.Selenium.Remote.RemoteWebDriver..ctor(ICommandExecutor commandExecutor, ICapabilities desiredCapabilities)
   at OpenQA.Selenium.Appium.Windows.WindowsDriver`1..ctor(Uri remoteAddress, DesiredCapabilities desiredCapabilities, TimeSpan commandTimeout)
   at SAM.Utilities.Driver.get_Current() in C:\SAMAutomation\SAM\SAM\Utilities\Driver.cs:line 41
   at SAM.WinFormObjects.WarningDialogObjects.IsWarningDialogDisplayed() in C:\SAMAutomation\SAM\SAM\WinFormObjects\WarningDialogObjects.cs:line 36
   at SAM.Steps.WarningDialogSteps.WhenTheWarningMessageIsDisplayed() in C:\SAMAutomation\SAM\SAM\Steps\WarningDialogSteps.cs:line 21
   at TechTalk.SpecFlow.Bindings.BindingInvoker.InvokeBinding(IBinding binding, IContextManager contextManager, Object[] arguments, ITestTracer testTracer, TimeSpan& duration)
   at TechTalk.SpecFlow.Infrastructure.TestExecutionEngine.ExecuteStepMatch(BindingMatch match, Object[] arguments)
   at TechTalk.SpecFlow.Infrastructure.TestExecutionEngine.ExecuteStep(IContextManager contextManager, StepInstance stepInstance)
   at TechTalk.SpecFlow.Infrastructure.TestExecutionEngine.OnAfterLastStep()
   at TechTalk.SpecFlow.TestRunner.CollectScenarioErrors()
   at SAM.Features.DeSelectingAnObjectFeature.ScenarioCleanup()
   at SAM.Features.DeSelectingAnObjectFeature.DeselectingObjectOnClick() in C:\SAMAutomation\SAM\SAM\Features\DeSelectingObject.feature:line 15]]></stack-trace>
                    </failure>
                  </test-case>
                  <test-case name="SAM.Features.DeSelectingAnObjectFeature.DeselectingObjectUsingArrowKey" description="Deselecting object Using Arrow key" executed="True" result="Error" success="False" time="1.020" asserts="0">
                    <categories>
                      <category name="mytag" />
                    </categories>
                    <properties>
                      <property name="Description" value="Deselecting object Using Arrow key" />
                    </properties>
                    <failure>
                      <message><![CDATA[OpenQA.Selenium.WebDriverException : Unexpected error. ]]></message>
                      <stack-trace><![CDATA[   at OpenQA.Selenium.Remote.RemoteWebDriver.UnpackAndThrowOnError(Response errorResponse)
   at OpenQA.Selenium.Remote.RemoteWebDriver.Execute(String driverCommandToExecute, Dictionary`2 parameters)
   at OpenQA.Selenium.Remote.RemoteWebDriver.StartSession(ICapabilities desiredCapabilities)
   at OpenQA.Selenium.Remote.RemoteWebDriver..ctor(ICommandExecutor commandExecutor, ICapabilities desiredCapabilities)
   at OpenQA.Selenium.Appium.Windows.WindowsDriver`1..ctor(Uri remoteAddress, DesiredCapabilities desiredCapabilities, TimeSpan commandTimeout)
   at SAM.Utilities.Driver.get_Current() in C:\SAMAutomation\SAM\SAM\Utilities\Driver.cs:line 41
   at SAM.WinFormObjects.WarningDialogObjects.IsWarningDialogDisplayed() in C:\SAMAutomation\SAM\SAM\WinFormObjects\WarningDialogObjects.cs:line 36
   at SAM.Steps.WarningDialogSteps.WhenTheWarningMessageIsDisplayed() in C:\SAMAutomation\SAM\SAM\Steps\WarningDialogSteps.cs:line 21
   at TechTalk.SpecFlow.Bindings.BindingInvoker.InvokeBinding(IBinding binding, IContextManager contextManager, Object[] arguments, ITestTracer testTracer, TimeSpan& duration)
   at TechTalk.SpecFlow.Infrastructure.TestExecutionEngine.ExecuteStepMatch(BindingMatch match, Object[] arguments)
   at TechTalk.SpecFlow.Infrastructure.TestExecutionEngine.ExecuteStep(IContextManager contextManager, StepInstance stepInstance)
   at TechTalk.SpecFlow.Infrastructure.TestExecutionEngine.OnAfterLastStep()
   at TechTalk.SpecFlow.TestRunner.CollectScenarioErrors()
   at SAM.Features.DeSelectingAnObjectFeature.ScenarioCleanup()
   at SAM.Features.DeSelectingAnObjectFeature.DeselectingObjectUsingArrowKey() in C:\SAMAutomation\SAM\SAM\Features\DeSelectingObject.feature:line 25]]></stack-trace>
                    </failure>
                  </test-case>
                </results>
              </test-suite>
              <test-suite type="TestFixture" name="EditingAnObjectFeature" description="Editing An Object" executed="True" result="Failure" success="False" time="18.217" asserts="0">
                <properties>
                  <property name="Description" value="Editing An Object" />
                </properties>
                <failure>
                  <message><![CDATA[One or more child tests had errors]]></message>
                  <stack-trace />
                </failure>
                <results>
                  <test-case name="SAM.Features.EditingAnObjectFeature.DeSelectObjectToRenameClick" description="DeSelect object to Rename Click" executed="True" result="Error" success="False" time="1.025" asserts="0">
                    <categories>
                      <category name="mytag" />
                    </categories>
                    <properties>
                      <property name="Description" value="DeSelect object to Rename Click" />
                    </properties>
                    <failure>
                      <message><![CDATA[OpenQA.Selenium.WebDriverException : Unexpected error. ]]></message>
                      <stack-trace><![CDATA[   at OpenQA.Selenium.Remote.RemoteWebDriver.UnpackAndThrowOnError(Response errorResponse)
   at OpenQA.Selenium.Remote.RemoteWebDriver.Execute(String driverCommandToExecute, Dictionary`2 parameters)
   at OpenQA.Selenium.Remote.RemoteWebDriver.StartSession(ICapabilities desiredCapabilities)
   at OpenQA.Selenium.Remote.RemoteWebDriver..ctor(ICommandExecutor commandExecutor, ICapabilities desiredCapabilities)
   at OpenQA.Selenium.Appium.Windows.WindowsDriver`1..ctor(Uri remoteAddress, DesiredCapabilities desiredCapabilities, TimeSpan commandTimeout)
   at SAM.Utilities.Driver.get_Current() in C:\SAMAutomation\SAM\SAM\Utilities\Driver.cs:line 41
   at SAM.WinFormObjects.WarningDialogObjects.IsWarningDialogDisplayed() in C:\SAMAutomation\SAM\SAM\WinFormObjects\WarningDialogObjects.cs:line 36
   at SAM.Steps.WarningDialogSteps.WhenTheWarningMessageIsDisplayed() in C:\SAMAutomation\SAM\SAM\Steps\WarningDialogSteps.cs:line 21
   at TechTalk.SpecFlow.Bindings.BindingInvoker.InvokeBinding(IBinding binding, IContextManager contextManager, Object[] arguments, ITestTracer testTracer, TimeSpan& duration)
   at TechTalk.SpecFlow.Infrastructure.TestExecutionEngine.ExecuteStepMatch(BindingMatch match, Object[] arguments)
   at TechTalk.SpecFlow.Infrastructure.TestExecutionEngine.ExecuteStep(IContextManager contextManager, StepInstance stepInstance)
   at TechTalk.SpecFlow.Infrastructure.TestExecutionEngine.OnAfterLastStep()
   at TechTalk.SpecFlow.TestRunner.CollectScenarioErrors()
   at SAM.Features.EditingAnObjectFeature.ScenarioCleanup()
   at SAM.Features.EditingAnObjectFeature.DeSelectObjectToRenameClick() in C:\SAMAutomation\SAM\SAM\Features\EditingAnObject.feature:line 17]]></stack-trace>
                    </failure>
                  </test-case>
                  <test-case name="SAM.Features.EditingAnObjectFeature.EditingObjectByPressingTheEscapeKey" description="Editing object by pressing the Escape key" executed="True" result="Error" success="False" time="1.024" asserts="0">
                    <categories>
                      <category name="mytag" />
                    </categories>
                    <properties>
                      <property name="Description" value="Editing object by pressing the Escape key" />
                    </properties>
                    <failure>
                      <message><![CDATA[OpenQA.Selenium.WebDriverException : Unexpected error. ]]></message>
                      <stack-trace><![CDATA[   at OpenQA.Selenium.Remote.RemoteWebDriver.UnpackAndThrowOnError(Response errorResponse)
   at OpenQA.Selenium.Remote.RemoteWebDriver.Execute(String driverCommandToExecute, Dictionary`2 parameters)
   at OpenQA.Selenium.Remote.RemoteWebDriver.StartSession(ICapabilities desiredCapabilities)
   at OpenQA.Selenium.Remote.RemoteWebDriver..ctor(ICommandExecutor commandExecutor, ICapabilities desiredCapabilities)
   at OpenQA.Selenium.Appium.Windows.WindowsDriver`1..ctor(Uri remoteAddress, DesiredCapabilities desiredCapabilities, TimeSpan commandTimeout)
   at SAM.Utilities.Driver.get_Current() in C:\SAMAutomation\SAM\SAM\Utilities\Driver.cs:line 41
   at SAM.WinFormObjects.WarningDialogObjects.IsWarningDialogDisplayed() in C:\SAMAutomation\SAM\SAM\WinFormObjects\WarningDialogObjects.cs:line 36
   at SAM.Steps.WarningDialogSteps.WhenTheWarningMessageIsDisplayed() in C:\SAMAutomation\SAM\SAM\Steps\WarningDialogSteps.cs:line 21
   at TechTalk.SpecFlow.Bindings.BindingInvoker.InvokeBinding(IBinding binding, IContextManager contextManager, Object[] arguments, ITestTracer testTracer, TimeSpan& duration)
   at TechTalk.SpecFlow.Infrastructure.TestExecutionEngine.ExecuteStepMatch(BindingMatch match, Object[] arguments)
   at TechTalk.SpecFlow.Infrastructure.TestExecutionEngine.ExecuteStep(IContextManager contextManager, StepInstance stepInstance)
   at TechTalk.SpecFlow.Infrastructure.TestExecutionEngine.OnAfterLastStep()
   at TechTalk.SpecFlow.TestRunner.CollectScenarioErrors()
   at SAM.Features.EditingAnObjectFeature.ScenarioCleanup()
   at SAM.Features.EditingAnObjectFeature.EditingObjectByPressingTheEscapeKey() in C:\SAMAutomation\SAM\SAM\Features\EditingAnObject.feature:line 64]]></stack-trace>
                    </failure>
                  </test-case>
                  <test-case name="SAM.Features.EditingAnObjectFeature.EditingObjectClickingInsideTheWindow" description="Editing object Clicking inside the window" executed="True" result="Error" success="False" time="1.007" asserts="0">
                    <categories>
                      <category name="mytag" />
                    </categories>
                    <properties>
                      <property name="Description" value="Editing object Clicking inside the window" />
                    </properties>
                    <failure>
                      <message><![CDATA[OpenQA.Selenium.WebDriverException : Unexpected error. ]]></message>
                      <stack-trace><![CDATA[   at OpenQA.Selenium.Remote.RemoteWebDriver.UnpackAndThrowOnError(Response errorResponse)
   at OpenQA.Selenium.Remote.RemoteWebDriver.Execute(String driverCommandToExecute, Dictionary`2 parameters)
   at OpenQA.Selenium.Remote.RemoteWebDriver.StartSession(ICapabilities desiredCapabilities)
   at OpenQA.Selenium.Remote.RemoteWebDriver..ctor(ICommandExecutor commandExecutor, ICapabilities desiredCapabilities)
   at OpenQA.Selenium.Appium.Windows.WindowsDriver`1..ctor(Uri remoteAddress, DesiredCapabilities desiredCapabilities, TimeSpan commandTimeout)
   at SAM.Utilities.Driver.get_Current() in C:\SAMAutomation\SAM\SAM\Utilities\Driver.cs:line 41
   at SAM.WinFormObjects.WarningDialogObjects.IsWarningDialogDisplayed() in C:\SAMAutomation\SAM\SAM\WinFormObjects\WarningDialogObjects.cs:line 36
   at SAM.Steps.WarningDialogSteps.WhenTheWarningMessageIsDisplayed() in C:\SAMAutomation\SAM\SAM\Steps\WarningDialogSteps.cs:line 21
   at TechTalk.SpecFlow.Bindings.BindingInvoker.InvokeBinding(IBinding binding, IContextManager contextManager, Object[] arguments, ITestTracer testTracer, TimeSpan& duration)
   at TechTalk.SpecFlow.Infrastructure.TestExecutionEngine.ExecuteStepMatch(BindingMatch match, Object[] arguments)
   at TechTalk.SpecFlow.Infrastructure.TestExecutionEngine.ExecuteStep(IContextManager contextManager, StepInstance stepInstance)
   at TechTalk.SpecFlow.Infrastructure.TestExecutionEngine.OnAfterLastStep()
   at TechTalk.SpecFlow.TestRunner.CollectScenarioErrors()
   at SAM.Features.EditingAnObjectFeature.ScenarioCleanup()
   at SAM.Features.EditingAnObjectFeature.EditingObjectClickingInsideTheWindow() in C:\SAMAutomation\SAM\SAM\Features\EditingAnObject.feature:line 55]]></stack-trace>
                    </failure>
                  </test-case>
                  <test-case name="SAM.Features.EditingAnObjectFeature.EditingObjectUsingDigitsAndLetters" description="Editing object Using Digits and Letters" executed="True" result="Error" success="False" time="3.073" asserts="0">
                    <categories>
                      <category name="mytag" />
                    </categories>
                    <properties>
                      <property name="Description" value="Editing object Using Digits and Letters" />
                    </properties>
                    <failure>
                      <message><![CDATA[OpenQA.Selenium.WebDriverException : Unexpected error. System.Net.WebException: Unable to connect to the remote server ---> System.Net.Sockets.SocketException: No connection could be made because the target machine actively refused it 127.0.0.1:4723
   at System.Net.Sockets.Socket.DoConnect(EndPoint endPointSnapshot, SocketAddress socketAddress)
   at System.Net.ServicePoint.ConnectSocketInternal(Boolean connectFailure, Socket s4, Socket s6, Socket& socket, IPAddress& address, ConnectSocketState state, IAsyncResult asyncResult, Exception& exception)
   --- End of inner exception stack trace ---
   at OpenQA.Selenium.Appium.Service.AppiumCommandExecutor.Execute(Command commandToExecute)
   at OpenQA.Selenium.Remote.RemoteWebDriver.Execute(String driverCommandToExecute, Dictionary`2 parameters)]]></message>
                      <stack-trace><![CDATA[   at OpenQA.Selenium.Remote.RemoteWebDriver.UnpackAndThrowOnError(Response errorResponse)
   at OpenQA.Selenium.Remote.RemoteWebDriver.Execute(String driverCommandToExecute, Dictionary`2 parameters)
   at OpenQA.Selenium.Remote.RemoteWebDriver.StartSession(ICapabilities desiredCapabilities)
   at OpenQA.Selenium.Remote.RemoteWebDriver..ctor(ICommandExecutor commandExecutor, ICapabilities desiredCapabilities)
   at OpenQA.Selenium.Appium.Windows.WindowsDriver`1..ctor(Uri remoteAddress, DesiredCapabilities desiredCapabilities, TimeSpan commandTimeout)
   at SAM.Utilities.Driver.get_Current() in C:\SAMAutomation\SAM\SAM\Utilities\Driver.cs:line 41
   at SAM.WinFormObjects.WarningDialogObjects.IsWarningDialogDisplayed() in C:\SAMAutomation\SAM\SAM\WinFormObjects\WarningDialogObjects.cs:line 36
   at SAM.Steps.WarningDialogSteps.WhenTheWarningMessageIsDisplayed() in C:\SAMAutomation\SAM\SAM\Steps\WarningDialogSteps.cs:line 21
   at TechTalk.SpecFlow.Bindings.BindingInvoker.InvokeBinding(IBinding binding, IContextManager contextManager, Object[] arguments, ITestTracer testTracer, TimeSpan& duration)
   at TechTalk.SpecFlow.Infrastructure.TestExecutionEngine.ExecuteStepMatch(BindingMatch match, Object[] arguments)
   at TechTalk.SpecFlow.Infrastructure.TestExecutionEngine.ExecuteStep(IContextManager contextManager, StepInstance stepInstance)
   at TechTalk.SpecFlow.Infrastructure.TestExecutionEngine.OnAfterLastStep()
   at TechTalk.SpecFlow.TestRunner.CollectScenarioErrors()
   at SAM.Features.EditingAnObjectFeature.ScenarioCleanup()
   at SAM.Features.EditingAnObjectFeature.EditingObjectUsingDigitsAndLetters() in C:\SAMAutomation\SAM\SAM\Features\EditingAnObject.feature:line 73]]></stack-trace>
                    </failure>
                  </test-case>
                  <test-case name="SAM.Features.EditingAnObjectFeature.EditingObjectUsingPencilButton" description="Editing object Using Pencil Button" executed="True" result="Error" success="False" time="3.021" asserts="0">
                    <categories>
                      <category name="mytag" />
                    </categories>
                    <properties>
                      <property name="Description" value="Editing object Using Pencil Button" />
                    </properties>
                    <failure>
                      <message><![CDATA[OpenQA.Selenium.WebDriverException : Unexpected error. System.Net.WebException: Unable to connect to the remote server ---> System.Net.Sockets.SocketException: No connection could be made because the target machine actively refused it 127.0.0.1:4723
   at System.Net.Sockets.Socket.DoConnect(EndPoint endPointSnapshot, SocketAddress socketAddress)
   at System.Net.ServicePoint.ConnectSocketInternal(Boolean connectFailure, Socket s4, Socket s6, Socket& socket, IPAddress& address, ConnectSocketState state, IAsyncResult asyncResult, Exception& exception)
   --- End of inner exception stack trace ---
   at OpenQA.Selenium.Appium.Service.AppiumCommandExecutor.Execute(Command commandToExecute)
   at OpenQA.Selenium.Remote.RemoteWebDriver.Execute(String driverCommandToExecute, Dictionary`2 parameters)]]></message>
                      <stack-trace><![CDATA[   at OpenQA.Selenium.Remote.RemoteWebDriver.UnpackAndThrowOnError(Response errorResponse)
   at OpenQA.Selenium.Remote.RemoteWebDriver.Execute(String driverCommandToExecute, Dictionary`2 parameters)
   at OpenQA.Selenium.Remote.RemoteWebDriver.StartSession(ICapabilities desiredCapabilities)
   at OpenQA.Selenium.Remote.RemoteWebDriver..ctor(ICommandExecutor commandExecutor, ICapabilities desiredCapabilities)
   at OpenQA.Selenium.Appium.Windows.WindowsDriver`1..ctor(Uri remoteAddress, DesiredCapabilities desiredCapabilities, TimeSpan commandTimeout)
   at SAM.Utilities.Driver.get_Current() in C:\SAMAutomation\SAM\SAM\Utilities\Driver.cs:line 41
   at SAM.WinFormObjects.WarningDialogObjects.IsWarningDialogDisplayed() in C:\SAMAutomation\SAM\SAM\WinFormObjects\WarningDialogObjects.cs:line 36
   at SAM.Steps.WarningDialogSteps.WhenTheWarningMessageIsDisplayed() in C:\SAMAutomation\SAM\SAM\Steps\WarningDialogSteps.cs:line 21
   at TechTalk.SpecFlow.Bindings.BindingInvoker.InvokeBinding(IBinding binding, IContextManager contextManager, Object[] arguments, ITestTracer testTracer, TimeSpan& duration)
   at TechTalk.SpecFlow.Infrastructure.TestExecutionEngine.ExecuteStepMatch(BindingMatch match, Object[] arguments)
   at TechTalk.SpecFlow.Infrastructure.TestExecutionEngine.ExecuteStep(IContextManager contextManager, StepInstance stepInstance)
   at TechTalk.SpecFlow.Infrastructure.TestExecutionEngine.OnAfterLastStep()
   at TechTalk.SpecFlow.TestRunner.CollectScenarioErrors()
   at SAM.Features.EditingAnObjectFeature.ScenarioCleanup()
   at SAM.Features.EditingAnObjectFeature.EditingObjectUsingPencilButton() in C:\SAMAutomation\SAM\SAM\Features\EditingAnObject.feature:line 27]]></stack-trace>
                    </failure>
                  </test-case>
                  <test-case name="SAM.Features.EditingAnObjectFeature.EditingObjectUsingSpecialCharacter" description="Editing object Using Special Character" executed="True" result="Error" success="False" time="3.020" asserts="0">
                    <categories>
                      <category name="mytag" />
                    </categories>
                    <properties>
                      <property name="Description" value="Editing object Using Special Character" />
                    </properties>
                    <failure>
                      <message><![CDATA[OpenQA.Selenium.WebDriverException : Unexpected error. System.Net.WebException: Unable to connect to the remote server ---> System.Net.Sockets.SocketException: No connection could be made because the target machine actively refused it 127.0.0.1:4723
   at System.Net.Sockets.Socket.DoConnect(EndPoint endPointSnapshot, SocketAddress socketAddress)
   at System.Net.ServicePoint.ConnectSocketInternal(Boolean connectFailure, Socket s4, Socket s6, Socket& socket, IPAddress& address, ConnectSocketState state, IAsyncResult asyncResult, Exception& exception)
   --- End of inner exception stack trace ---
   at OpenQA.Selenium.Appium.Service.AppiumCommandExecutor.Execute(Command commandToExecute)
   at OpenQA.Selenium.Remote.RemoteWebDriver.Execute(String driverCommandToExecute, Dictionary`2 parameters)]]></message>
                      <stack-trace><![CDATA[   at OpenQA.Selenium.Remote.RemoteWebDriver.UnpackAndThrowOnError(Response errorResponse)
   at OpenQA.Selenium.Remote.RemoteWebDriver.Execute(String driverCommandToExecute, Dictionary`2 parameters)
   at OpenQA.Selenium.Remote.RemoteWebDriver.StartSession(ICapabilities desiredCapabilities)
   at OpenQA.Selenium.Remote.RemoteWebDriver..ctor(ICommandExecutor commandExecutor, ICapabilities desiredCapabilities)
   at OpenQA.Selenium.Appium.Windows.WindowsDriver`1..ctor(Uri remoteAddress, DesiredCapabilities desiredCapabilities, TimeSpan commandTimeout)
   at SAM.Utilities.Driver.get_Current() in C:\SAMAutomation\SAM\SAM\Utilities\Driver.cs:line 41
   at SAM.WinFormObjects.WarningDialogObjects.IsWarningDialogDisplayed() in C:\SAMAutomation\SAM\SAM\WinFormObjects\WarningDialogObjects.cs:line 36
   at SAM.Steps.WarningDialogSteps.WhenTheWarningMessageIsDisplayed() in C:\SAMAutomation\SAM\SAM\Steps\WarningDialogSteps.cs:line 21
   at TechTalk.SpecFlow.Bindings.BindingInvoker.InvokeBinding(IBinding binding, IContextManager contextManager, Object[] arguments, ITestTracer testTracer, TimeSpan& duration)
   at TechTalk.SpecFlow.Infrastructure.TestExecutionEngine.ExecuteStepMatch(BindingMatch match, Object[] arguments)
   at TechTalk.SpecFlow.Infrastructure.TestExecutionEngine.ExecuteStep(IContextManager contextManager, StepInstance stepInstance)
   at TechTalk.SpecFlow.Infrastructure.TestExecutionEngine.OnAfterLastStep()
   at TechTalk.SpecFlow.TestRunner.CollectScenarioErrors()
   at SAM.Features.EditingAnObjectFeature.ScenarioCleanup()
   at SAM.Features.EditingAnObjectFeature.EditingObjectUsingSpecialCharacter() in C:\SAMAutomation\SAM\SAM\Features\EditingAnObject.feature:line 83]]></stack-trace>
                    </failure>
                  </test-case>
                  <test-case name="SAM.Features.EditingAnObjectFeature.EditingObjectUsingTheEnterKey" description="Editing object Using the Enter key" executed="True" result="Error" success="False" time="3.020" asserts="0">
                    <categories>
                      <category name="mytag" />
                    </categories>
                    <properties>
                      <property name="Description" value="Editing object Using the Enter key" />
                    </properties>
                    <failure>
                      <message><![CDATA[OpenQA.Selenium.WebDriverException : Unexpected error. System.Net.WebException: Unable to connect to the remote server ---> System.Net.Sockets.SocketException: No connection could be made because the target machine actively refused it 127.0.0.1:4723
   at System.Net.Sockets.Socket.DoConnect(EndPoint endPointSnapshot, SocketAddress socketAddress)
   at System.Net.ServicePoint.ConnectSocketInternal(Boolean connectFailure, Socket s4, Socket s6, Socket& socket, IPAddress& address, ConnectSocketState state, IAsyncResult asyncResult, Exception& exception)
   --- End of inner exception stack trace ---
   at OpenQA.Selenium.Appium.Service.AppiumCommandExecutor.Execute(Command commandToExecute)
   at OpenQA.Selenium.Remote.RemoteWebDriver.Execute(String driverCommandToExecute, Dictionary`2 parameters)]]></message>
                      <stack-trace><![CDATA[   at OpenQA.Selenium.Remote.RemoteWebDriver.UnpackAndThrowOnError(Response errorResponse)
   at OpenQA.Selenium.Remote.RemoteWebDriver.Execute(String driverCommandToExecute, Dictionary`2 parameters)
   at OpenQA.Selenium.Remote.RemoteWebDriver.StartSession(ICapabilities desiredCapabilities)
   at OpenQA.Selenium.Remote.RemoteWebDriver..ctor(ICommandExecutor commandExecutor, ICapabilities desiredCapabilities)
   at OpenQA.Selenium.Appium.Windows.WindowsDriver`1..ctor(Uri remoteAddress, DesiredCapabilities desiredCapabilities, TimeSpan commandTimeout)
   at SAM.Utilities.Driver.get_Current() in C:\SAMAutomation\SAM\SAM\Utilities\Driver.cs:line 41
   at SAM.WinFormObjects.WarningDialogObjects.IsWarningDialogDisplayed() in C:\SAMAutomation\SAM\SAM\WinFormObjects\WarningDialogObjects.cs:line 36
   at SAM.Steps.WarningDialogSteps.WhenTheWarningMessageIsDisplayed() in C:\SAMAutomation\SAM\SAM\Steps\WarningDialogSteps.cs:line 21
   at TechTalk.SpecFlow.Bindings.BindingInvoker.InvokeBinding(IBinding binding, IContextManager contextManager, Object[] arguments, ITestTracer testTracer, TimeSpan& duration)
   at TechTalk.SpecFlow.Infrastructure.TestExecutionEngine.ExecuteStepMatch(BindingMatch match, Object[] arguments)
   at TechTalk.SpecFlow.Infrastructure.TestExecutionEngine.ExecuteStep(IContextManager contextManager, StepInstance stepInstance)
   at TechTalk.SpecFlow.Infrastructure.TestExecutionEngine.OnAfterLastStep()
   at TechTalk.SpecFlow.TestRunner.CollectScenarioErrors()
   at SAM.Features.EditingAnObjectFeature.ScenarioCleanup()
   at SAM.Features.EditingAnObjectFeature.EditingObjectUsingTheEnterKey() in C:\SAMAutomation\SAM\SAM\Features\EditingAnObject.feature:line 46]]></stack-trace>
                    </failure>
                  </test-case>
                  <test-case name="SAM.Features.EditingAnObjectFeature.EditingObjectUsingTheKeyboard" description="Editing object Using the keyboard" executed="True" result="Error" success="False" time="3.023" asserts="0">
                    <categories>
                      <category name="mytag" />
                    </categories>
                    <properties>
                      <property name="Description" value="Editing object Using the keyboard" />
                    </properties>
                    <failure>
                      <message><![CDATA[OpenQA.Selenium.WebDriverException : Unexpected error. System.Net.WebException: Unable to connect to the remote server ---> System.Net.Sockets.SocketException: No connection could be made because the target machine actively refused it 127.0.0.1:4723
   at System.Net.Sockets.Socket.DoConnect(EndPoint endPointSnapshot, SocketAddress socketAddress)
   at System.Net.ServicePoint.ConnectSocketInternal(Boolean connectFailure, Socket s4, Socket s6, Socket& socket, IPAddress& address, ConnectSocketState state, IAsyncResult asyncResult, Exception& exception)
   --- End of inner exception stack trace ---
   at OpenQA.Selenium.Appium.Service.AppiumCommandExecutor.Execute(Command commandToExecute)
   at OpenQA.Selenium.Remote.RemoteWebDriver.Execute(String driverCommandToExecute, Dictionary`2 parameters)]]></message>
                      <stack-trace><![CDATA[   at OpenQA.Selenium.Remote.RemoteWebDriver.UnpackAndThrowOnError(Response errorResponse)
   at OpenQA.Selenium.Remote.RemoteWebDriver.Execute(String driverCommandToExecute, Dictionary`2 parameters)
   at OpenQA.Selenium.Remote.RemoteWebDriver.StartSession(ICapabilities desiredCapabilities)
   at OpenQA.Selenium.Remote.RemoteWebDriver..ctor(ICommandExecutor commandExecutor, ICapabilities desiredCapabilities)
   at OpenQA.Selenium.Appium.Windows.WindowsDriver`1..ctor(Uri remoteAddress, DesiredCapabilities desiredCapabilities, TimeSpan commandTimeout)
   at SAM.Utilities.Driver.get_Current() in C:\SAMAutomation\SAM\SAM\Utilities\Driver.cs:line 41
   at SAM.WinFormObjects.WarningDialogObjects.IsWarningDialogDisplayed() in C:\SAMAutomation\SAM\SAM\WinFormObjects\WarningDialogObjects.cs:line 36
   at SAM.Steps.WarningDialogSteps.WhenTheWarningMessageIsDisplayed() in C:\SAMAutomation\SAM\SAM\Steps\WarningDialogSteps.cs:line 21
   at TechTalk.SpecFlow.Bindings.BindingInvoker.InvokeBinding(IBinding binding, IContextManager contextManager, Object[] arguments, ITestTracer testTracer, TimeSpan& duration)
   at TechTalk.SpecFlow.Infrastructure.TestExecutionEngine.ExecuteStepMatch(BindingMatch match, Object[] arguments)
   at TechTalk.SpecFlow.Infrastructure.TestExecutionEngine.ExecuteStep(IContextManager contextManager, StepInstance stepInstance)
   at TechTalk.SpecFlow.Infrastructure.TestExecutionEngine.OnAfterLastStep()
   at TechTalk.SpecFlow.TestRunner.CollectScenarioErrors()
   at SAM.Features.EditingAnObjectFeature.ScenarioCleanup()
   at SAM.Features.EditingAnObjectFeature.EditingObjectUsingTheKeyboard() in C:\SAMAutomation\SAM\SAM\Features\EditingAnObject.feature:line 37]]></stack-trace>
                    </failure>
                  </test-case>
                </results>
              </test-suite>
              <test-suite type="TestFixture" name="InsertableObjectDescriptionFeature" description="Insertable Object Description" executed="True" result="Failure" success="False" time="3.095" asserts="0">
                <properties>
                  <property name="Description" value="Insertable Object Description" />
                </properties>
                <failure>
                  <message><![CDATA[One or more child tests had errors]]></message>
                  <stack-trace />
                </failure>
                <results>
                  <test-case name="SAM.Features.InsertableObjectDescriptionFeature.FolderExpandUsingLeftRightArrowKey" description="Folder Expand using leftRight Arrow key" executed="True" result="Inconclusive" success="False" time="0.071" asserts="0">
                    <categories>
                      <category name="mytag" />
                    </categories>
                    <properties>
                      <property name="Description" value="Folder Expand using leftRight Arrow key" />
                    </properties>
                    <reason>
                      <message><![CDATA[No matching step definition found for one or more steps.
using System;
using TechTalk.SpecFlow;

namespace MyNamespace
{
    [Binding]
    public class StepDefinitions
    {
        [Given(@"the press the ""(.*)"" key on the keyboard")]
        public void GivenThePressTheKeyOnTheKeyboard(string p0)
        {
            ScenarioContext.Current.Pending();
        }
        
        [Given(@"the user press the ""(.*)"" key on the keyboard")]
        public void GivenTheUserPressTheKeyOnTheKeyboard(string p0)
        {
            ScenarioContext.Current.Pending();
        }
        
        [Then(@"the user folder item collapse on the design explorer")]
        public void ThenTheUserFolderItemCollapseOnTheDesignExplorer()
        {
            ScenarioContext.Current.Pending();
        }
    }
}
]]></message>
                    </reason>
                  </test-case>
                  <test-case name="SAM.Features.InsertableObjectDescriptionFeature.FolderGroupingOfObject" description="Folder Grouping of object" executed="True" result="Inconclusive" success="False" time="0.005" asserts="0">
                    <categories>
                      <category name="mytag" />
                    </categories>
                    <properties>
                      <property name="Description" value="Folder Grouping of object" />
                    </properties>
                    <reason>
                      <message><![CDATA[No matching step definition found for one or more steps.
using System;
using TechTalk.SpecFlow;

namespace MyNamespace
{
    [Binding]
    public class StepDefinitions
    {
        [Given(@"the user clicks on the Insert button")]
        public void GivenTheUserClicksOnTheInsertButton()
        {
            ScenarioContext.Current.Pending();
        }
        
        [Given(@"the user double click an object placeholder")]
        public void GivenTheUserDoubleClickAnObjectPlaceholder()
        {
            ScenarioContext.Current.Pending();
        }
        
        [Given(@"the user click an object")]
        public void GivenTheUserClickAnObject()
        {
            ScenarioContext.Current.Pending();
        }
        
        [Given(@"the object should be inserted in the design explorer")]
        public void GivenTheObjectShouldBeInsertedInTheDesignExplorer()
        {
            ScenarioContext.Current.Pending();
        }
        
        [Then(@"the structure is one level deep")]
        public void ThenTheStructureIsOneLevelDeep()
        {
            ScenarioContext.Current.Pending();
        }
    }
}
]]></message>
                    </reason>
                  </test-case>
                  <test-case name="SAM.Features.InsertableObjectDescriptionFeature.InsertableObjectDescription" description="Insertable Object Description" executed="True" result="Error" success="False" time="3.017" asserts="0">
                    <categories>
                      <category name="mytag" />
                    </categories>
                    <properties>
                      <property name="Description" value="Insertable Object Description" />
                    </properties>
                    <failure>
                      <message><![CDATA[OpenQA.Selenium.WebDriverException : Unexpected error. System.Net.WebException: Unable to connect to the remote server ---> System.Net.Sockets.SocketException: No connection could be made because the target machine actively refused it 127.0.0.1:4723
   at System.Net.Sockets.Socket.DoConnect(EndPoint endPointSnapshot, SocketAddress socketAddress)
   at System.Net.ServicePoint.ConnectSocketInternal(Boolean connectFailure, Socket s4, Socket s6, Socket& socket, IPAddress& address, ConnectSocketState state, IAsyncResult asyncResult, Exception& exception)
   --- End of inner exception stack trace ---
   at OpenQA.Selenium.Appium.Service.AppiumCommandExecutor.Execute(Command commandToExecute)
   at OpenQA.Selenium.Remote.RemoteWebDriver.Execute(String driverCommandToExecute, Dictionary`2 parameters)]]></message>
                      <stack-trace><![CDATA[   at OpenQA.Selenium.Remote.RemoteWebDriver.UnpackAndThrowOnError(Response errorResponse)
   at OpenQA.Selenium.Remote.RemoteWebDriver.Execute(String driverCommandToExecute, Dictionary`2 parameters)
   at OpenQA.Selenium.Remote.RemoteWebDriver.StartSession(ICapabilities desiredCapabilities)
   at OpenQA.Selenium.Remote.RemoteWebDriver..ctor(ICommandExecutor commandExecutor, ICapabilities desiredCapabilities)
   at OpenQA.Selenium.Appium.Windows.WindowsDriver`1..ctor(Uri remoteAddress, DesiredCapabilities desiredCapabilities, TimeSpan commandTimeout)
   at SAM.Utilities.Driver.get_Current() in C:\SAMAutomation\SAM\SAM\Utilities\Driver.cs:line 41
   at SAM.WinFormObjects.WarningDialogObjects.IsWarningDialogDisplayed() in C:\SAMAutomation\SAM\SAM\WinFormObjects\WarningDialogObjects.cs:line 36
   at SAM.Steps.WarningDialogSteps.WhenTheWarningMessageIsDisplayed() in C:\SAMAutomation\SAM\SAM\Steps\WarningDialogSteps.cs:line 21
   at TechTalk.SpecFlow.Bindings.BindingInvoker.InvokeBinding(IBinding binding, IContextManager contextManager, Object[] arguments, ITestTracer testTracer, TimeSpan& duration)
   at TechTalk.SpecFlow.Infrastructure.TestExecutionEngine.ExecuteStepMatch(BindingMatch match, Object[] arguments)
   at TechTalk.SpecFlow.Infrastructure.TestExecutionEngine.ExecuteStep(IContextManager contextManager, StepInstance stepInstance)
   at TechTalk.SpecFlow.Infrastructure.TestExecutionEngine.OnAfterLastStep()
   at TechTalk.SpecFlow.TestRunner.CollectScenarioErrors()
   at SAM.Features.InsertableObjectDescriptionFeature.ScenarioCleanup()
   at SAM.Features.InsertableObjectDescriptionFeature.InsertableObjectDescription() in C:\SAMAutomation\SAM\SAM\Features\InsertableObjectDescription.feature:line 15]]></stack-trace>
                    </failure>
                  </test-case>
                </results>
              </test-suite>
              <test-suite type="TestFixture" name="InsertingMutipleObjectFeature" description="Inserting Mutiple Object" executed="True" result="Failure" success="False" time="12.066" asserts="0">
                <properties>
                  <property name="Description" value="Inserting Mutiple Object" />
                </properties>
                <failure>
                  <message><![CDATA[One or more child tests had errors]]></message>
                  <stack-trace />
                </failure>
                <results>
                  <test-case name="SAM.Features.InsertingMutipleObjectFeature.InsertMutipleObjectUsingColon" description="Insert mutiple object Using Colon" executed="True" result="Error" success="False" time="3.016" asserts="0">
                    <categories>
                      <category name="insert" />
                    </categories>
                    <properties>
                      <property name="Description" value="Insert mutiple object Using Colon" />
                    </properties>
                    <failure>
                      <message><![CDATA[OpenQA.Selenium.WebDriverException : Unexpected error. System.Net.WebException: Unable to connect to the remote server ---> System.Net.Sockets.SocketException: No connection could be made because the target machine actively refused it 127.0.0.1:4723
   at System.Net.Sockets.Socket.DoConnect(EndPoint endPointSnapshot, SocketAddress socketAddress)
   at System.Net.ServicePoint.ConnectSocketInternal(Boolean connectFailure, Socket s4, Socket s6, Socket& socket, IPAddress& address, ConnectSocketState state, IAsyncResult asyncResult, Exception& exception)
   --- End of inner exception stack trace ---
   at OpenQA.Selenium.Appium.Service.AppiumCommandExecutor.Execute(Command commandToExecute)
   at OpenQA.Selenium.Remote.RemoteWebDriver.Execute(String driverCommandToExecute, Dictionary`2 parameters)]]></message>
                      <stack-trace><![CDATA[   at OpenQA.Selenium.Remote.RemoteWebDriver.UnpackAndThrowOnError(Response errorResponse)
   at OpenQA.Selenium.Remote.RemoteWebDriver.Execute(String driverCommandToExecute, Dictionary`2 parameters)
   at OpenQA.Selenium.Remote.RemoteWebDriver.StartSession(ICapabilities desiredCapabilities)
   at OpenQA.Selenium.Remote.RemoteWebDriver..ctor(ICommandExecutor commandExecutor, ICapabilities desiredCapabilities)
   at OpenQA.Selenium.Appium.Windows.WindowsDriver`1..ctor(Uri remoteAddress, DesiredCapabilities desiredCapabilities, TimeSpan commandTimeout)
   at SAM.Utilities.Driver.get_Current() in C:\SAMAutomation\SAM\SAM\Utilities\Driver.cs:line 41
   at SAM.WinFormObjects.WarningDialogObjects.IsWarningDialogDisplayed() in C:\SAMAutomation\SAM\SAM\WinFormObjects\WarningDialogObjects.cs:line 36
   at SAM.Steps.WarningDialogSteps.WhenTheWarningMessageIsDisplayed() in C:\SAMAutomation\SAM\SAM\Steps\WarningDialogSteps.cs:line 21
   at TechTalk.SpecFlow.Bindings.BindingInvoker.InvokeBinding(IBinding binding, IContextManager contextManager, Object[] arguments, ITestTracer testTracer, TimeSpan& duration)
   at TechTalk.SpecFlow.Infrastructure.TestExecutionEngine.ExecuteStepMatch(BindingMatch match, Object[] arguments)
   at TechTalk.SpecFlow.Infrastructure.TestExecutionEngine.ExecuteStep(IContextManager contextManager, StepInstance stepInstance)
   at TechTalk.SpecFlow.Infrastructure.TestExecutionEngine.OnAfterLastStep()
   at TechTalk.SpecFlow.TestRunner.CollectScenarioErrors()
   at SAM.Features.InsertingMutipleObjectFeature.ScenarioCleanup()
   at SAM.Features.InsertingMutipleObjectFeature.InsertMutipleObjectUsingColon() in C:\SAMAutomation\SAM\SAM\Features\InsertMutipleObject.feature:line 31]]></stack-trace>
                    </failure>
                  </test-case>
                  <test-suite type="ParameterizedTest" name="InsertMutipleObjectUsingComma" description="Insert mutiple object Using Comma" executed="True" result="Failure" success="False" time="3.024" asserts="0">
                    <categories>
                      <category name="insert" />
                    </categories>
                    <properties>
                      <property name="Description" value="Insert mutiple object Using Comma" />
                    </properties>
                    <failure>
                      <message><![CDATA[One or more child tests had errors]]></message>
                      <stack-trace />
                    </failure>
                    <results>
                      <test-case name="SAM.Features.InsertingMutipleObjectFeature.InsertMutipleObjectUsingComma(&quot;geom placeholder&quot;,&quot;b1, b2, b3, b4&quot;,null)" executed="True" result="Error" success="False" time="3.023" asserts="0">
                        <failure>
                          <message><![CDATA[OpenQA.Selenium.WebDriverException : Unexpected error. System.Net.WebException: Unable to connect to the remote server ---> System.Net.Sockets.SocketException: No connection could be made because the target machine actively refused it 127.0.0.1:4723
   at System.Net.Sockets.Socket.DoConnect(EndPoint endPointSnapshot, SocketAddress socketAddress)
   at System.Net.ServicePoint.ConnectSocketInternal(Boolean connectFailure, Socket s4, Socket s6, Socket& socket, IPAddress& address, ConnectSocketState state, IAsyncResult asyncResult, Exception& exception)
   --- End of inner exception stack trace ---
   at OpenQA.Selenium.Appium.Service.AppiumCommandExecutor.Execute(Command commandToExecute)
   at OpenQA.Selenium.Remote.RemoteWebDriver.Execute(String driverCommandToExecute, Dictionary`2 parameters)]]></message>
                          <stack-trace><![CDATA[   at OpenQA.Selenium.Remote.RemoteWebDriver.UnpackAndThrowOnError(Response errorResponse)
   at OpenQA.Selenium.Remote.RemoteWebDriver.Execute(String driverCommandToExecute, Dictionary`2 parameters)
   at OpenQA.Selenium.Remote.RemoteWebDriver.StartSession(ICapabilities desiredCapabilities)
   at OpenQA.Selenium.Remote.RemoteWebDriver..ctor(ICommandExecutor commandExecutor, ICapabilities desiredCapabilities)
   at OpenQA.Selenium.Appium.Windows.WindowsDriver`1..ctor(Uri remoteAddress, DesiredCapabilities desiredCapabilities, TimeSpan commandTimeout)
   at SAM.Utilities.Driver.get_Current() in C:\SAMAutomation\SAM\SAM\Utilities\Driver.cs:line 41
   at SAM.WinFormObjects.WarningDialogObjects.IsWarningDialogDisplayed() in C:\SAMAutomation\SAM\SAM\WinFormObjects\WarningDialogObjects.cs:line 36
   at SAM.Steps.WarningDialogSteps.WhenTheWarningMessageIsDisplayed() in C:\SAMAutomation\SAM\SAM\Steps\WarningDialogSteps.cs:line 21
   at TechTalk.SpecFlow.Bindings.BindingInvoker.InvokeBinding(IBinding binding, IContextManager contextManager, Object[] arguments, ITestTracer testTracer, TimeSpan& duration)
   at TechTalk.SpecFlow.Infrastructure.TestExecutionEngine.ExecuteStepMatch(BindingMatch match, Object[] arguments)
   at TechTalk.SpecFlow.Infrastructure.TestExecutionEngine.ExecuteStep(IContextManager contextManager, StepInstance stepInstance)
   at TechTalk.SpecFlow.Infrastructure.TestExecutionEngine.OnAfterLastStep()
   at TechTalk.SpecFlow.TestRunner.CollectScenarioErrors()
   at SAM.Features.InsertingMutipleObjectFeature.ScenarioCleanup()
   at SAM.Features.InsertingMutipleObjectFeature.InsertMutipleObjectUsingComma(String object, String text, String[] exampleTags) in C:\SAMAutomation\SAM\SAM\Features\InsertMutipleObject.feature:line 16]]></stack-trace>
                        </failure>
                      </test-case>
                    </results>
                  </test-suite>
                  <test-case name="SAM.Features.InsertingMutipleObjectFeature.InsertMutipleObjectUsingPlusButton" description="Insert mutiple object using plus button" executed="True" result="Error" success="False" time="3.012" asserts="0">
                    <categories>
                      <category name="mytag" />
                    </categories>
                    <properties>
                      <property name="Description" value="Insert mutiple object using plus button" />
                    </properties>
                    <failure>
                      <message><![CDATA[OpenQA.Selenium.WebDriverException : Unexpected error. System.Net.WebException: Unable to connect to the remote server ---> System.Net.Sockets.SocketException: No connection could be made because the target machine actively refused it 127.0.0.1:4723
   at System.Net.Sockets.Socket.DoConnect(EndPoint endPointSnapshot, SocketAddress socketAddress)
   at System.Net.ServicePoint.ConnectSocketInternal(Boolean connectFailure, Socket s4, Socket s6, Socket& socket, IPAddress& address, ConnectSocketState state, IAsyncResult asyncResult, Exception& exception)
   --- End of inner exception stack trace ---
   at OpenQA.Selenium.Appium.Service.AppiumCommandExecutor.Execute(Command commandToExecute)
   at OpenQA.Selenium.Remote.RemoteWebDriver.Execute(String driverCommandToExecute, Dictionary`2 parameters)]]></message>
                      <stack-trace><![CDATA[   at OpenQA.Selenium.Remote.RemoteWebDriver.UnpackAndThrowOnError(Response errorResponse)
   at OpenQA.Selenium.Remote.RemoteWebDriver.Execute(String driverCommandToExecute, Dictionary`2 parameters)
   at OpenQA.Selenium.Remote.RemoteWebDriver.StartSession(ICapabilities desiredCapabilities)
   at OpenQA.Selenium.Remote.RemoteWebDriver..ctor(ICommandExecutor commandExecutor, ICapabilities desiredCapabilities)
   at OpenQA.Selenium.Appium.Windows.WindowsDriver`1..ctor(Uri remoteAddress, DesiredCapabilities desiredCapabilities, TimeSpan commandTimeout)
   at SAM.Utilities.Driver.get_Current() in C:\SAMAutomation\SAM\SAM\Utilities\Driver.cs:line 41
   at SAM.WinFormObjects.WarningDialogObjects.IsWarningDialogDisplayed() in C:\SAMAutomation\SAM\SAM\WinFormObjects\WarningDialogObjects.cs:line 36
   at SAM.Steps.WarningDialogSteps.WhenTheWarningMessageIsDisplayed() in C:\SAMAutomation\SAM\SAM\Steps\WarningDialogSteps.cs:line 21
   at TechTalk.SpecFlow.Bindings.BindingInvoker.InvokeBinding(IBinding binding, IContextManager contextManager, Object[] arguments, ITestTracer testTracer, TimeSpan& duration)
   at TechTalk.SpecFlow.Infrastructure.TestExecutionEngine.ExecuteStepMatch(BindingMatch match, Object[] arguments)
   at TechTalk.SpecFlow.Infrastructure.TestExecutionEngine.ExecuteStep(IContextManager contextManager, StepInstance stepInstance)
   at TechTalk.SpecFlow.Infrastructure.TestExecutionEngine.OnAfterLastStep()
   at TechTalk.SpecFlow.TestRunner.CollectScenarioErrors()
   at SAM.Features.InsertingMutipleObjectFeature.ScenarioCleanup()
   at SAM.Features.InsertingMutipleObjectFeature.InsertMutipleObjectUsingPlusButton() in C:\SAMAutomation\SAM\SAM\Features\InsertMutipleObject.feature:line 44]]></stack-trace>
                    </failure>
                  </test-case>
                  <test-case name="SAM.Features.InsertingMutipleObjectFeature.InsertObjectUsingTheRightArrowKeyOnKeyboard" description="Insert object Using the Right Arrow key on Keyboard" executed="True" result="Error" success="False" time="3.012" asserts="0">
                    <categories>
                      <category name="mytag" />
                    </categories>
                    <properties>
                      <property name="Description" value="Insert object Using the Right Arrow key on Keyboard" />
                    </properties>
                    <failure>
                      <message><![CDATA[OpenQA.Selenium.WebDriverException : Unexpected error. System.Net.WebException: Unable to connect to the remote server ---> System.Net.Sockets.SocketException: No connection could be made because the target machine actively refused it 127.0.0.1:4723
   at System.Net.Sockets.Socket.DoConnect(EndPoint endPointSnapshot, SocketAddress socketAddress)
   at System.Net.ServicePoint.ConnectSocketInternal(Boolean connectFailure, Socket s4, Socket s6, Socket& socket, IPAddress& address, ConnectSocketState state, IAsyncResult asyncResult, Exception& exception)
   --- End of inner exception stack trace ---
   at OpenQA.Selenium.Appium.Service.AppiumCommandExecutor.Execute(Command commandToExecute)
   at OpenQA.Selenium.Remote.RemoteWebDriver.Execute(String driverCommandToExecute, Dictionary`2 parameters)]]></message>
                      <stack-trace><![CDATA[   at OpenQA.Selenium.Remote.RemoteWebDriver.UnpackAndThrowOnError(Response errorResponse)
   at OpenQA.Selenium.Remote.RemoteWebDriver.Execute(String driverCommandToExecute, Dictionary`2 parameters)
   at OpenQA.Selenium.Remote.RemoteWebDriver.StartSession(ICapabilities desiredCapabilities)
   at OpenQA.Selenium.Remote.RemoteWebDriver..ctor(ICommandExecutor commandExecutor, ICapabilities desiredCapabilities)
   at OpenQA.Selenium.Appium.Windows.WindowsDriver`1..ctor(Uri remoteAddress, DesiredCapabilities desiredCapabilities, TimeSpan commandTimeout)
   at SAM.Utilities.Driver.get_Current() in C:\SAMAutomation\SAM\SAM\Utilities\Driver.cs:line 41
   at SAM.WinFormObjects.WarningDialogObjects.IsWarningDialogDisplayed() in C:\SAMAutomation\SAM\SAM\WinFormObjects\WarningDialogObjects.cs:line 36
   at SAM.Steps.WarningDialogSteps.WhenTheWarningMessageIsDisplayed() in C:\SAMAutomation\SAM\SAM\Steps\WarningDialogSteps.cs:line 21
   at TechTalk.SpecFlow.Bindings.BindingInvoker.InvokeBinding(IBinding binding, IContextManager contextManager, Object[] arguments, ITestTracer testTracer, TimeSpan& duration)
   at TechTalk.SpecFlow.Infrastructure.TestExecutionEngine.ExecuteStepMatch(BindingMatch match, Object[] arguments)
   at TechTalk.SpecFlow.Infrastructure.TestExecutionEngine.ExecuteStep(IContextManager contextManager, StepInstance stepInstance)
   at TechTalk.SpecFlow.Infrastructure.TestExecutionEngine.OnAfterLastStep()
   at TechTalk.SpecFlow.TestRunner.CollectScenarioErrors()
   at SAM.Features.InsertingMutipleObjectFeature.ScenarioCleanup()
   at SAM.Features.InsertingMutipleObjectFeature.InsertObjectUsingTheRightArrowKeyOnKeyboard() in C:\SAMAutomation\SAM\SAM\Features\InsertMutipleObject.feature:line 56]]></stack-trace>
                    </failure>
                  </test-case>
                </results>
              </test-suite>
              <test-suite type="TestFixture" name="InsertingObjectIsDisplayedFeature" description="Inserting Object Is Displayed" executed="True" result="Failure" success="False" time="21.097" asserts="0">
                <properties>
                  <property name="Description" value="Inserting Object Is Displayed" />
                </properties>
                <failure>
                  <message><![CDATA[One or more child tests had errors]]></message>
                  <stack-trace />
                </failure>
                <results>
                  <test-suite type="ParameterizedTest" name="InsertObjectsDisplayed" description="Insert objects displayed" executed="True" result="Failure" success="False" time="21.095" asserts="0">
                    <categories>
                      <category name="insert" />
                    </categories>
                    <properties>
                      <property name="Description" value="Insert objects displayed" />
                    </properties>
                    <failure>
                      <message><![CDATA[One or more child tests had errors]]></message>
                      <stack-trace />
                    </failure>
                    <results>
                      <test-case name="SAM.Features.InsertingObjectIsDisplayedFeature.InsertObjectsDisplayed(&quot;geom placeholder&quot;,null)" executed="True" result="Error" success="False" time="3.017" asserts="0">
                        <failure>
                          <message><![CDATA[OpenQA.Selenium.WebDriverException : Unexpected error. System.Net.WebException: Unable to connect to the remote server ---> System.Net.Sockets.SocketException: No connection could be made because the target machine actively refused it 127.0.0.1:4723
   at System.Net.Sockets.Socket.DoConnect(EndPoint endPointSnapshot, SocketAddress socketAddress)
   at System.Net.ServicePoint.ConnectSocketInternal(Boolean connectFailure, Socket s4, Socket s6, Socket& socket, IPAddress& address, ConnectSocketState state, IAsyncResult asyncResult, Exception& exception)
   --- End of inner exception stack trace ---
   at OpenQA.Selenium.Appium.Service.AppiumCommandExecutor.Execute(Command commandToExecute)
   at OpenQA.Selenium.Remote.RemoteWebDriver.Execute(String driverCommandToExecute, Dictionary`2 parameters)]]></message>
                          <stack-trace><![CDATA[   at OpenQA.Selenium.Remote.RemoteWebDriver.UnpackAndThrowOnError(Response errorResponse)
   at OpenQA.Selenium.Remote.RemoteWebDriver.Execute(String driverCommandToExecute, Dictionary`2 parameters)
   at OpenQA.Selenium.Remote.RemoteWebDriver.StartSession(ICapabilities desiredCapabilities)
   at OpenQA.Selenium.Remote.RemoteWebDriver..ctor(ICommandExecutor commandExecutor, ICapabilities desiredCapabilities)
   at OpenQA.Selenium.Appium.Windows.WindowsDriver`1..ctor(Uri remoteAddress, DesiredCapabilities desiredCapabilities, TimeSpan commandTimeout)
   at SAM.Utilities.Driver.get_Current() in C:\SAMAutomation\SAM\SAM\Utilities\Driver.cs:line 41
   at SAM.WinFormObjects.WarningDialogObjects.IsWarningDialogDisplayed() in C:\SAMAutomation\SAM\SAM\WinFormObjects\WarningDialogObjects.cs:line 36
   at SAM.Steps.WarningDialogSteps.WhenTheWarningMessageIsDisplayed() in C:\SAMAutomation\SAM\SAM\Steps\WarningDialogSteps.cs:line 21
   at TechTalk.SpecFlow.Bindings.BindingInvoker.InvokeBinding(IBinding binding, IContextManager contextManager, Object[] arguments, ITestTracer testTracer, TimeSpan& duration)
   at TechTalk.SpecFlow.Infrastructure.TestExecutionEngine.ExecuteStepMatch(BindingMatch match, Object[] arguments)
   at TechTalk.SpecFlow.Infrastructure.TestExecutionEngine.ExecuteStep(IContextManager contextManager, StepInstance stepInstance)
   at TechTalk.SpecFlow.Infrastructure.TestExecutionEngine.OnAfterLastStep()
   at TechTalk.SpecFlow.TestRunner.CollectScenarioErrors()
   at SAM.Features.InsertingObjectIsDisplayedFeature.ScenarioCleanup()
   at SAM.Features.InsertingObjectIsDisplayedFeature.InsertObjectsDisplayed(String object, String[] exampleTags) in C:\SAMAutomation\SAM\SAM\Features\InsertObjectDisplayed.feature:line 15]]></stack-trace>
                        </failure>
                      </test-case>
                      <test-case name="SAM.Features.InsertingObjectIsDisplayedFeature.InsertObjectsDisplayed(&quot;man placeholder&quot;,null)" executed="True" result="Error" success="False" time="3.013" asserts="0">
                        <failure>
                          <message><![CDATA[OpenQA.Selenium.WebDriverException : Unexpected error. System.Net.WebException: Unable to connect to the remote server ---> System.Net.Sockets.SocketException: No connection could be made because the target machine actively refused it 127.0.0.1:4723
   at System.Net.Sockets.Socket.DoConnect(EndPoint endPointSnapshot, SocketAddress socketAddress)
   at System.Net.ServicePoint.ConnectSocketInternal(Boolean connectFailure, Socket s4, Socket s6, Socket& socket, IPAddress& address, ConnectSocketState state, IAsyncResult asyncResult, Exception& exception)
   --- End of inner exception stack trace ---
   at OpenQA.Selenium.Appium.Service.AppiumCommandExecutor.Execute(Command commandToExecute)
   at OpenQA.Selenium.Remote.RemoteWebDriver.Execute(String driverCommandToExecute, Dictionary`2 parameters)]]></message>
                          <stack-trace><![CDATA[   at OpenQA.Selenium.Remote.RemoteWebDriver.UnpackAndThrowOnError(Response errorResponse)
   at OpenQA.Selenium.Remote.RemoteWebDriver.Execute(String driverCommandToExecute, Dictionary`2 parameters)
   at OpenQA.Selenium.Remote.RemoteWebDriver.StartSession(ICapabilities desiredCapabilities)
   at OpenQA.Selenium.Remote.RemoteWebDriver..ctor(ICommandExecutor commandExecutor, ICapabilities desiredCapabilities)
   at OpenQA.Selenium.Appium.Windows.WindowsDriver`1..ctor(Uri remoteAddress, DesiredCapabilities desiredCapabilities, TimeSpan commandTimeout)
   at SAM.Utilities.Driver.get_Current() in C:\SAMAutomation\SAM\SAM\Utilities\Driver.cs:line 41
   at SAM.WinFormObjects.WarningDialogObjects.IsWarningDialogDisplayed() in C:\SAMAutomation\SAM\SAM\WinFormObjects\WarningDialogObjects.cs:line 36
   at SAM.Steps.WarningDialogSteps.WhenTheWarningMessageIsDisplayed() in C:\SAMAutomation\SAM\SAM\Steps\WarningDialogSteps.cs:line 21
   at TechTalk.SpecFlow.Bindings.BindingInvoker.InvokeBinding(IBinding binding, IContextManager contextManager, Object[] arguments, ITestTracer testTracer, TimeSpan& duration)
   at TechTalk.SpecFlow.Infrastructure.TestExecutionEngine.ExecuteStepMatch(BindingMatch match, Object[] arguments)
   at TechTalk.SpecFlow.Infrastructure.TestExecutionEngine.ExecuteStep(IContextManager contextManager, StepInstance stepInstance)
   at TechTalk.SpecFlow.Infrastructure.TestExecutionEngine.OnAfterLastStep()
   at TechTalk.SpecFlow.TestRunner.CollectScenarioErrors()
   at SAM.Features.InsertingObjectIsDisplayedFeature.ScenarioCleanup()
   at SAM.Features.InsertingObjectIsDisplayedFeature.InsertObjectsDisplayed(String object, String[] exampleTags) in C:\SAMAutomation\SAM\SAM\Features\InsertObjectDisplayed.feature:line 15]]></stack-trace>
                        </failure>
                      </test-case>
                      <test-case name="SAM.Features.InsertingObjectIsDisplayedFeature.InsertObjectsDisplayed(&quot;military placeholder&quot;,null)" executed="True" result="Error" success="False" time="3.013" asserts="0">
                        <failure>
                          <message><![CDATA[OpenQA.Selenium.WebDriverException : Unexpected error. System.Net.WebException: Unable to connect to the remote server ---> System.Net.Sockets.SocketException: No connection could be made because the target machine actively refused it 127.0.0.1:4723
   at System.Net.Sockets.Socket.DoConnect(EndPoint endPointSnapshot, SocketAddress socketAddress)
   at System.Net.ServicePoint.ConnectSocketInternal(Boolean connectFailure, Socket s4, Socket s6, Socket& socket, IPAddress& address, ConnectSocketState state, IAsyncResult asyncResult, Exception& exception)
   --- End of inner exception stack trace ---
   at OpenQA.Selenium.Appium.Service.AppiumCommandExecutor.Execute(Command commandToExecute)
   at OpenQA.Selenium.Remote.RemoteWebDriver.Execute(String driverCommandToExecute, Dictionary`2 parameters)]]></message>
                          <stack-trace><![CDATA[   at OpenQA.Selenium.Remote.RemoteWebDriver.UnpackAndThrowOnError(Response errorResponse)
   at OpenQA.Selenium.Remote.RemoteWebDriver.Execute(String driverCommandToExecute, Dictionary`2 parameters)
   at OpenQA.Selenium.Remote.RemoteWebDriver.StartSession(ICapabilities desiredCapabilities)
   at OpenQA.Selenium.Remote.RemoteWebDriver..ctor(ICommandExecutor commandExecutor, ICapabilities desiredCapabilities)
   at OpenQA.Selenium.Appium.Windows.WindowsDriver`1..ctor(Uri remoteAddress, DesiredCapabilities desiredCapabilities, TimeSpan commandTimeout)
   at SAM.Utilities.Driver.get_Current() in C:\SAMAutomation\SAM\SAM\Utilities\Driver.cs:line 41
   at SAM.WinFormObjects.WarningDialogObjects.IsWarningDialogDisplayed() in C:\SAMAutomation\SAM\SAM\WinFormObjects\WarningDialogObjects.cs:line 36
   at SAM.Steps.WarningDialogSteps.WhenTheWarningMessageIsDisplayed() in C:\SAMAutomation\SAM\SAM\Steps\WarningDialogSteps.cs:line 21
   at TechTalk.SpecFlow.Bindings.BindingInvoker.InvokeBinding(IBinding binding, IContextManager contextManager, Object[] arguments, ITestTracer testTracer, TimeSpan& duration)
   at TechTalk.SpecFlow.Infrastructure.TestExecutionEngine.ExecuteStepMatch(BindingMatch match, Object[] arguments)
   at TechTalk.SpecFlow.Infrastructure.TestExecutionEngine.ExecuteStep(IContextManager contextManager, StepInstance stepInstance)
   at TechTalk.SpecFlow.Infrastructure.TestExecutionEngine.OnAfterLastStep()
   at TechTalk.SpecFlow.TestRunner.CollectScenarioErrors()
   at SAM.Features.InsertingObjectIsDisplayedFeature.ScenarioCleanup()
   at SAM.Features.InsertingObjectIsDisplayedFeature.InsertObjectsDisplayed(String object, String[] exampleTags) in C:\SAMAutomation\SAM\SAM\Features\InsertObjectDisplayed.feature:line 15]]></stack-trace>
                        </failure>
                      </test-case>
                      <test-case name="SAM.Features.InsertingObjectIsDisplayedFeature.InsertObjectsDisplayed(&quot;seakeeping placeholder&quot;,null)" executed="True" result="Error" success="False" time="3.011" asserts="0">
                        <failure>
                          <message><![CDATA[OpenQA.Selenium.WebDriverException : Unexpected error. System.Net.WebException: Unable to connect to the remote server ---> System.Net.Sockets.SocketException: No connection could be made because the target machine actively refused it 127.0.0.1:4723
   at System.Net.Sockets.Socket.DoConnect(EndPoint endPointSnapshot, SocketAddress socketAddress)
   at System.Net.ServicePoint.ConnectSocketInternal(Boolean connectFailure, Socket s4, Socket s6, Socket& socket, IPAddress& address, ConnectSocketState state, IAsyncResult asyncResult, Exception& exception)
   --- End of inner exception stack trace ---
   at OpenQA.Selenium.Appium.Service.AppiumCommandExecutor.Execute(Command commandToExecute)
   at OpenQA.Selenium.Remote.RemoteWebDriver.Execute(String driverCommandToExecute, Dictionary`2 parameters)]]></message>
                          <stack-trace><![CDATA[   at OpenQA.Selenium.Remote.RemoteWebDriver.UnpackAndThrowOnError(Response errorResponse)
   at OpenQA.Selenium.Remote.RemoteWebDriver.Execute(String driverCommandToExecute, Dictionary`2 parameters)
   at OpenQA.Selenium.Remote.RemoteWebDriver.StartSession(ICapabilities desiredCapabilities)
   at OpenQA.Selenium.Remote.RemoteWebDriver..ctor(ICommandExecutor commandExecutor, ICapabilities desiredCapabilities)
   at OpenQA.Selenium.Appium.Windows.WindowsDriver`1..ctor(Uri remoteAddress, DesiredCapabilities desiredCapabilities, TimeSpan commandTimeout)
   at SAM.Utilities.Driver.get_Current() in C:\SAMAutomation\SAM\SAM\Utilities\Driver.cs:line 41
   at SAM.WinFormObjects.WarningDialogObjects.IsWarningDialogDisplayed() in C:\SAMAutomation\SAM\SAM\WinFormObjects\WarningDialogObjects.cs:line 36
   at SAM.Steps.WarningDialogSteps.WhenTheWarningMessageIsDisplayed() in C:\SAMAutomation\SAM\SAM\Steps\WarningDialogSteps.cs:line 21
   at TechTalk.SpecFlow.Bindings.BindingInvoker.InvokeBinding(IBinding binding, IContextManager contextManager, Object[] arguments, ITestTracer testTracer, TimeSpan& duration)
   at TechTalk.SpecFlow.Infrastructure.TestExecutionEngine.ExecuteStepMatch(BindingMatch match, Object[] arguments)
   at TechTalk.SpecFlow.Infrastructure.TestExecutionEngine.ExecuteStep(IContextManager contextManager, StepInstance stepInstance)
   at TechTalk.SpecFlow.Infrastructure.TestExecutionEngine.OnAfterLastStep()
   at TechTalk.SpecFlow.TestRunner.CollectScenarioErrors()
   at SAM.Features.InsertingObjectIsDisplayedFeature.ScenarioCleanup()
   at SAM.Features.InsertingObjectIsDisplayedFeature.InsertObjectsDisplayed(String object, String[] exampleTags) in C:\SAMAutomation\SAM\SAM\Features\InsertObjectDisplayed.feature:line 15]]></stack-trace>
                        </failure>
                      </test-case>
                      <test-case name="SAM.Features.InsertingObjectIsDisplayedFeature.InsertObjectsDisplayed(&quot;stub placeholder&quot;,null)" executed="True" result="Error" success="False" time="3.017" asserts="0">
                        <failure>
                          <message><![CDATA[OpenQA.Selenium.WebDriverException : Unexpected error. System.Net.WebException: Unable to connect to the remote server ---> System.Net.Sockets.SocketException: No connection could be made because the target machine actively refused it 127.0.0.1:4723
   at System.Net.Sockets.Socket.DoConnect(EndPoint endPointSnapshot, SocketAddress socketAddress)
   at System.Net.ServicePoint.ConnectSocketInternal(Boolean connectFailure, Socket s4, Socket s6, Socket& socket, IPAddress& address, ConnectSocketState state, IAsyncResult asyncResult, Exception& exception)
   --- End of inner exception stack trace ---
   at OpenQA.Selenium.Appium.Service.AppiumCommandExecutor.Execute(Command commandToExecute)
   at OpenQA.Selenium.Remote.RemoteWebDriver.Execute(String driverCommandToExecute, Dictionary`2 parameters)]]></message>
                          <stack-trace><![CDATA[   at OpenQA.Selenium.Remote.RemoteWebDriver.UnpackAndThrowOnError(Response errorResponse)
   at OpenQA.Selenium.Remote.RemoteWebDriver.Execute(String driverCommandToExecute, Dictionary`2 parameters)
   at OpenQA.Selenium.Remote.RemoteWebDriver.StartSession(ICapabilities desiredCapabilities)
   at OpenQA.Selenium.Remote.RemoteWebDriver..ctor(ICommandExecutor commandExecutor, ICapabilities desiredCapabilities)
   at OpenQA.Selenium.Appium.Windows.WindowsDriver`1..ctor(Uri remoteAddress, DesiredCapabilities desiredCapabilities, TimeSpan commandTimeout)
   at SAM.Utilities.Driver.get_Current() in C:\SAMAutomation\SAM\SAM\Utilities\Driver.cs:line 41
   at SAM.WinFormObjects.WarningDialogObjects.IsWarningDialogDisplayed() in C:\SAMAutomation\SAM\SAM\WinFormObjects\WarningDialogObjects.cs:line 36
   at SAM.Steps.WarningDialogSteps.WhenTheWarningMessageIsDisplayed() in C:\SAMAutomation\SAM\SAM\Steps\WarningDialogSteps.cs:line 21
   at TechTalk.SpecFlow.Bindings.BindingInvoker.InvokeBinding(IBinding binding, IContextManager contextManager, Object[] arguments, ITestTracer testTracer, TimeSpan& duration)
   at TechTalk.SpecFlow.Infrastructure.TestExecutionEngine.ExecuteStepMatch(BindingMatch match, Object[] arguments)
   at TechTalk.SpecFlow.Infrastructure.TestExecutionEngine.ExecuteStep(IContextManager contextManager, StepInstance stepInstance)
   at TechTalk.SpecFlow.Infrastructure.TestExecutionEngine.OnAfterLastStep()
   at TechTalk.SpecFlow.TestRunner.CollectScenarioErrors()
   at SAM.Features.InsertingObjectIsDisplayedFeature.ScenarioCleanup()
   at SAM.Features.InsertingObjectIsDisplayedFeature.InsertObjectsDisplayed(String object, String[] exampleTags) in C:\SAMAutomation\SAM\SAM\Features\InsertObjectDisplayed.feature:line 15]]></stack-trace>
                        </failure>
                      </test-case>
                      <test-case name="SAM.Features.InsertingObjectIsDisplayedFeature.InsertObjectsDisplayed(&quot;structure placeholder&quot;,null)" executed="True" result="Error" success="False" time="3.012" asserts="0">
                        <failure>
                          <message><![CDATA[OpenQA.Selenium.WebDriverException : Unexpected error. System.Net.WebException: Unable to connect to the remote server ---> System.Net.Sockets.SocketException: No connection could be made because the target machine actively refused it 127.0.0.1:4723
   at System.Net.Sockets.Socket.DoConnect(EndPoint endPointSnapshot, SocketAddress socketAddress)
   at System.Net.ServicePoint.ConnectSocketInternal(Boolean connectFailure, Socket s4, Socket s6, Socket& socket, IPAddress& address, ConnectSocketState state, IAsyncResult asyncResult, Exception& exception)
   --- End of inner exception stack trace ---
   at OpenQA.Selenium.Appium.Service.AppiumCommandExecutor.Execute(Command commandToExecute)
   at OpenQA.Selenium.Remote.RemoteWebDriver.Execute(String driverCommandToExecute, Dictionary`2 parameters)]]></message>
                          <stack-trace><![CDATA[   at OpenQA.Selenium.Remote.RemoteWebDriver.UnpackAndThrowOnError(Response errorResponse)
   at OpenQA.Selenium.Remote.RemoteWebDriver.Execute(String driverCommandToExecute, Dictionary`2 parameters)
   at OpenQA.Selenium.Remote.RemoteWebDriver.StartSession(ICapabilities desiredCapabilities)
   at OpenQA.Selenium.Remote.RemoteWebDriver..ctor(ICommandExecutor commandExecutor, ICapabilities desiredCapabilities)
   at OpenQA.Selenium.Appium.Windows.WindowsDriver`1..ctor(Uri remoteAddress, DesiredCapabilities desiredCapabilities, TimeSpan commandTimeout)
   at SAM.Utilities.Driver.get_Current() in C:\SAMAutomation\SAM\SAM\Utilities\Driver.cs:line 41
   at SAM.WinFormObjects.WarningDialogObjects.IsWarningDialogDisplayed() in C:\SAMAutomation\SAM\SAM\WinFormObjects\WarningDialogObjects.cs:line 36
   at SAM.Steps.WarningDialogSteps.WhenTheWarningMessageIsDisplayed() in C:\SAMAutomation\SAM\SAM\Steps\WarningDialogSteps.cs:line 21
   at TechTalk.SpecFlow.Bindings.BindingInvoker.InvokeBinding(IBinding binding, IContextManager contextManager, Object[] arguments, ITestTracer testTracer, TimeSpan& duration)
   at TechTalk.SpecFlow.Infrastructure.TestExecutionEngine.ExecuteStepMatch(BindingMatch match, Object[] arguments)
   at TechTalk.SpecFlow.Infrastructure.TestExecutionEngine.ExecuteStep(IContextManager contextManager, StepInstance stepInstance)
   at TechTalk.SpecFlow.Infrastructure.TestExecutionEngine.OnAfterLastStep()
   at TechTalk.SpecFlow.TestRunner.CollectScenarioErrors()
   at SAM.Features.InsertingObjectIsDisplayedFeature.ScenarioCleanup()
   at SAM.Features.InsertingObjectIsDisplayedFeature.InsertObjectsDisplayed(String object, String[] exampleTags) in C:\SAMAutomation\SAM\SAM\Features\InsertObjectDisplayed.feature:line 15]]></stack-trace>
                        </failure>
                      </test-case>
                      <test-case name="SAM.Features.InsertingObjectIsDisplayedFeature.InsertObjectsDisplayed(&quot;struct placeholder old&quot;,null)" executed="True" result="Error" success="False" time="3.011" asserts="0">
                        <failure>
                          <message><![CDATA[OpenQA.Selenium.WebDriverException : Unexpected error. System.Net.WebException: Unable to connect to the remote server ---> System.Net.Sockets.SocketException: No connection could be made because the target machine actively refused it 127.0.0.1:4723
   at System.Net.Sockets.Socket.DoConnect(EndPoint endPointSnapshot, SocketAddress socketAddress)
   at System.Net.ServicePoint.ConnectSocketInternal(Boolean connectFailure, Socket s4, Socket s6, Socket& socket, IPAddress& address, ConnectSocketState state, IAsyncResult asyncResult, Exception& exception)
   --- End of inner exception stack trace ---
   at OpenQA.Selenium.Appium.Service.AppiumCommandExecutor.Execute(Command commandToExecute)
   at OpenQA.Selenium.Remote.RemoteWebDriver.Execute(String driverCommandToExecute, Dictionary`2 parameters)]]></message>
                          <stack-trace><![CDATA[   at OpenQA.Selenium.Remote.RemoteWebDriver.UnpackAndThrowOnError(Response errorResponse)
   at OpenQA.Selenium.Remote.RemoteWebDriver.Execute(String driverCommandToExecute, Dictionary`2 parameters)
   at OpenQA.Selenium.Remote.RemoteWebDriver.StartSession(ICapabilities desiredCapabilities)
   at OpenQA.Selenium.Remote.RemoteWebDriver..ctor(ICommandExecutor commandExecutor, ICapabilities desiredCapabilities)
   at OpenQA.Selenium.Appium.Windows.WindowsDriver`1..ctor(Uri remoteAddress, DesiredCapabilities desiredCapabilities, TimeSpan commandTimeout)
   at SAM.Utilities.Driver.get_Current() in C:\SAMAutomation\SAM\SAM\Utilities\Driver.cs:line 41
   at SAM.WinFormObjects.WarningDialogObjects.IsWarningDialogDisplayed() in C:\SAMAutomation\SAM\SAM\WinFormObjects\WarningDialogObjects.cs:line 36
   at SAM.Steps.WarningDialogSteps.WhenTheWarningMessageIsDisplayed() in C:\SAMAutomation\SAM\SAM\Steps\WarningDialogSteps.cs:line 21
   at TechTalk.SpecFlow.Bindings.BindingInvoker.InvokeBinding(IBinding binding, IContextManager contextManager, Object[] arguments, ITestTracer testTracer, TimeSpan& duration)
   at TechTalk.SpecFlow.Infrastructure.TestExecutionEngine.ExecuteStepMatch(BindingMatch match, Object[] arguments)
   at TechTalk.SpecFlow.Infrastructure.TestExecutionEngine.ExecuteStep(IContextManager contextManager, StepInstance stepInstance)
   at TechTalk.SpecFlow.Infrastructure.TestExecutionEngine.OnAfterLastStep()
   at TechTalk.SpecFlow.TestRunner.CollectScenarioErrors()
   at SAM.Features.InsertingObjectIsDisplayedFeature.ScenarioCleanup()
   at SAM.Features.InsertingObjectIsDisplayedFeature.InsertObjectsDisplayed(String object, String[] exampleTags) in C:\SAMAutomation\SAM\SAM\Features\InsertObjectDisplayed.feature:line 15]]></stack-trace>
                        </failure>
                      </test-case>
                    </results>
                  </test-suite>
                </results>
              </test-suite>
              <test-suite type="TestFixture" name="InsertRibbonIsEnabledFeature" description="InsertRibbonIsEnabled" executed="True" result="Failure" success="False" time="3.022" asserts="0">
                <properties>
                  <property name="Description" value="InsertRibbonIsEnabled" />
                </properties>
                <failure>
                  <message><![CDATA[One or more child tests had errors]]></message>
                  <stack-trace />
                </failure>
                <results>
                  <test-case name="SAM.Features.InsertRibbonIsEnabledFeature.InsertRibbonEnabled" description="Insert Ribbon Enabled" executed="True" result="Error" success="False" time="3.020" asserts="0">
                    <categories>
                      <category name="mytag" />
                    </categories>
                    <properties>
                      <property name="Description" value="Insert Ribbon Enabled" />
                    </properties>
                    <failure>
                      <message><![CDATA[OpenQA.Selenium.WebDriverException : Unexpected error. System.Net.WebException: Unable to connect to the remote server ---> System.Net.Sockets.SocketException: No connection could be made because the target machine actively refused it 127.0.0.1:4723
   at System.Net.Sockets.Socket.DoConnect(EndPoint endPointSnapshot, SocketAddress socketAddress)
   at System.Net.ServicePoint.ConnectSocketInternal(Boolean connectFailure, Socket s4, Socket s6, Socket& socket, IPAddress& address, ConnectSocketState state, IAsyncResult asyncResult, Exception& exception)
   --- End of inner exception stack trace ---
   at OpenQA.Selenium.Appium.Service.AppiumCommandExecutor.Execute(Command commandToExecute)
   at OpenQA.Selenium.Remote.RemoteWebDriver.Execute(String driverCommandToExecute, Dictionary`2 parameters)]]></message>
                      <stack-trace><![CDATA[   at OpenQA.Selenium.Remote.RemoteWebDriver.UnpackAndThrowOnError(Response errorResponse)
   at OpenQA.Selenium.Remote.RemoteWebDriver.Execute(String driverCommandToExecute, Dictionary`2 parameters)
   at OpenQA.Selenium.Remote.RemoteWebDriver.StartSession(ICapabilities desiredCapabilities)
   at OpenQA.Selenium.Remote.RemoteWebDriver..ctor(ICommandExecutor commandExecutor, ICapabilities desiredCapabilities)
   at OpenQA.Selenium.Appium.Windows.WindowsDriver`1..ctor(Uri remoteAddress, DesiredCapabilities desiredCapabilities, TimeSpan commandTimeout)
   at SAM.Utilities.Driver.get_Current() in C:\SAMAutomation\SAM\SAM\Utilities\Driver.cs:line 41
   at SAM.WinFormObjects.WarningDialogObjects.IsWarningDialogDisplayed() in C:\SAMAutomation\SAM\SAM\WinFormObjects\WarningDialogObjects.cs:line 36
   at SAM.Steps.WarningDialogSteps.WhenTheWarningMessageIsDisplayed() in C:\SAMAutomation\SAM\SAM\Steps\WarningDialogSteps.cs:line 21
   at TechTalk.SpecFlow.Bindings.BindingInvoker.InvokeBinding(IBinding binding, IContextManager contextManager, Object[] arguments, ITestTracer testTracer, TimeSpan& duration)
   at TechTalk.SpecFlow.Infrastructure.TestExecutionEngine.ExecuteStepMatch(BindingMatch match, Object[] arguments)
   at TechTalk.SpecFlow.Infrastructure.TestExecutionEngine.ExecuteStep(IContextManager contextManager, StepInstance stepInstance)
   at TechTalk.SpecFlow.Infrastructure.TestExecutionEngine.OnAfterLastStep()
   at TechTalk.SpecFlow.TestRunner.CollectScenarioErrors()
   at SAM.Features.InsertRibbonIsEnabledFeature.ScenarioCleanup()
   at SAM.Features.InsertRibbonIsEnabledFeature.InsertRibbonEnabled() in C:\SAMAutomation\SAM\SAM\Features\InsertRibbonIsEnabled.feature:line 12]]></stack-trace>
                    </failure>
                  </test-case>
                </results>
              </test-suite>
              <test-suite type="TestFixture" name="NavigatingBetweenObjectFeature" description="Navigating between Object" executed="True" result="Success" success="True" time="0.006" asserts="0">
                <categories>
                  <category name="navigation" />
                </categories>
                <properties>
                  <property name="Description" value="Navigating between Object" />
                </properties>
                <results>
                  <test-case name="SAM.Features.NavigatingBetweenObjectFeature.ClickingThePlayButton" description="Clicking the play button" executed="True" result="Success" success="True" time="0.003" asserts="0">
                    <categories>
                      <category name="mytag" />
                    </categories>
                    <properties>
                      <property name="Description" value="Clicking the play button" />
                    </properties>
                  </test-case>
                  <test-case name="SAM.Features.NavigatingBetweenObjectFeature.NavigateBetweenObject" description="Navigate between object" executed="True" result="Success" success="True" time="0.001" asserts="0">
                    <categories>
                      <category name="mytag" />
                    </categories>
                    <properties>
                      <property name="Description" value="Navigate between object" />
                    </properties>
                  </test-case>
                </results>
              </test-suite>
              <test-suite type="TestFixture" name="OpenInsertDialogFeature" description="OpenInsertDialog" executed="True" result="Failure" success="False" time="3.016" asserts="0">
                <properties>
                  <property name="Description" value="OpenInsertDialog" />
                </properties>
                <failure>
                  <message><![CDATA[One or more child tests had errors]]></message>
                  <stack-trace />
                </failure>
                <results>
                  <test-case name="SAM.Features.OpenInsertDialogFeature.ClickOnInsertRibbon" description="Click on InsertRibbon" executed="True" result="Error" success="False" time="3.014" asserts="0">
                    <categories>
                      <category name="mytag" />
                    </categories>
                    <properties>
                      <property name="Description" value="Click on InsertRibbon" />
                    </properties>
                    <failure>
                      <message><![CDATA[OpenQA.Selenium.WebDriverException : Unexpected error. System.Net.WebException: Unable to connect to the remote server ---> System.Net.Sockets.SocketException: No connection could be made because the target machine actively refused it 127.0.0.1:4723
   at System.Net.Sockets.Socket.DoConnect(EndPoint endPointSnapshot, SocketAddress socketAddress)
   at System.Net.ServicePoint.ConnectSocketInternal(Boolean connectFailure, Socket s4, Socket s6, Socket& socket, IPAddress& address, ConnectSocketState state, IAsyncResult asyncResult, Exception& exception)
   --- End of inner exception stack trace ---
   at OpenQA.Selenium.Appium.Service.AppiumCommandExecutor.Execute(Command commandToExecute)
   at OpenQA.Selenium.Remote.RemoteWebDriver.Execute(String driverCommandToExecute, Dictionary`2 parameters)]]></message>
                      <stack-trace><![CDATA[   at OpenQA.Selenium.Remote.RemoteWebDriver.UnpackAndThrowOnError(Response errorResponse)
   at OpenQA.Selenium.Remote.RemoteWebDriver.Execute(String driverCommandToExecute, Dictionary`2 parameters)
   at OpenQA.Selenium.Remote.RemoteWebDriver.StartSession(ICapabilities desiredCapabilities)
   at OpenQA.Selenium.Remote.RemoteWebDriver..ctor(ICommandExecutor commandExecutor, ICapabilities desiredCapabilities)
   at OpenQA.Selenium.Appium.Windows.WindowsDriver`1..ctor(Uri remoteAddress, DesiredCapabilities desiredCapabilities, TimeSpan commandTimeout)
   at SAM.Utilities.Driver.get_Current() in C:\SAMAutomation\SAM\SAM\Utilities\Driver.cs:line 41
   at SAM.WinFormObjects.WarningDialogObjects.IsWarningDialogDisplayed() in C:\SAMAutomation\SAM\SAM\WinFormObjects\WarningDialogObjects.cs:line 36
   at SAM.Steps.WarningDialogSteps.WhenTheWarningMessageIsDisplayed() in C:\SAMAutomation\SAM\SAM\Steps\WarningDialogSteps.cs:line 21
   at TechTalk.SpecFlow.Bindings.BindingInvoker.InvokeBinding(IBinding binding, IContextManager contextManager, Object[] arguments, ITestTracer testTracer, TimeSpan& duration)
   at TechTalk.SpecFlow.Infrastructure.TestExecutionEngine.ExecuteStepMatch(BindingMatch match, Object[] arguments)
   at TechTalk.SpecFlow.Infrastructure.TestExecutionEngine.ExecuteStep(IContextManager contextManager, StepInstance stepInstance)
   at TechTalk.SpecFlow.Infrastructure.TestExecutionEngine.OnAfterLastStep()
   at TechTalk.SpecFlow.TestRunner.CollectScenarioErrors()
   at SAM.Features.OpenInsertDialogFeature.ScenarioCleanup()
   at SAM.Features.OpenInsertDialogFeature.ClickOnInsertRibbon() in C:\SAMAutomation\SAM\SAM\Features\OpenInsertDialog.feature:line 11]]></stack-trace>
                    </failure>
                  </test-case>
                </results>
              </test-suite>
              <test-suite type="TestFixture" name="OpenSAMFeature" description="OpenSAM" executed="True" result="Failure" success="False" time="3.017" asserts="0">
                <properties>
                  <property name="Description" value="OpenSAM" />
                </properties>
                <failure>
                  <message><![CDATA[One or more child tests had errors]]></message>
                  <stack-trace />
                </failure>
                <results>
                  <test-case name="SAM.Features.OpenSAMFeature.OpeningSAM" description="Opening SAM" executed="True" result="Error" success="False" time="3.015" asserts="0">
                    <categories>
                      <category name="mytag" />
                    </categories>
                    <properties>
                      <property name="Description" value="Opening SAM" />
                    </properties>
                    <failure>
                      <message><![CDATA[OpenQA.Selenium.WebDriverException : Unexpected error. System.Net.WebException: Unable to connect to the remote server ---> System.Net.Sockets.SocketException: No connection could be made because the target machine actively refused it 127.0.0.1:4723
   at System.Net.Sockets.Socket.DoConnect(EndPoint endPointSnapshot, SocketAddress socketAddress)
   at System.Net.ServicePoint.ConnectSocketInternal(Boolean connectFailure, Socket s4, Socket s6, Socket& socket, IPAddress& address, ConnectSocketState state, IAsyncResult asyncResult, Exception& exception)
   --- End of inner exception stack trace ---
   at OpenQA.Selenium.Appium.Service.AppiumCommandExecutor.Execute(Command commandToExecute)
   at OpenQA.Selenium.Remote.RemoteWebDriver.Execute(String driverCommandToExecute, Dictionary`2 parameters)]]></message>
                      <stack-trace><![CDATA[   at OpenQA.Selenium.Remote.RemoteWebDriver.UnpackAndThrowOnError(Response errorResponse)
   at OpenQA.Selenium.Remote.RemoteWebDriver.Execute(String driverCommandToExecute, Dictionary`2 parameters)
   at OpenQA.Selenium.Remote.RemoteWebDriver.StartSession(ICapabilities desiredCapabilities)
   at OpenQA.Selenium.Remote.RemoteWebDriver..ctor(ICommandExecutor commandExecutor, ICapabilities desiredCapabilities)
   at OpenQA.Selenium.Appium.Windows.WindowsDriver`1..ctor(Uri remoteAddress, DesiredCapabilities desiredCapabilities, TimeSpan commandTimeout)
   at SAM.Utilities.Driver.get_Current() in C:\SAMAutomation\SAM\SAM\Utilities\Driver.cs:line 41
   at SAM.WinFormObjects.WarningDialogObjects.IsWarningDialogDisplayed() in C:\SAMAutomation\SAM\SAM\WinFormObjects\WarningDialogObjects.cs:line 36
   at SAM.Steps.WarningDialogSteps.WhenTheWarningMessageIsDisplayed() in C:\SAMAutomation\SAM\SAM\Steps\WarningDialogSteps.cs:line 21
   at TechTalk.SpecFlow.Bindings.BindingInvoker.InvokeBinding(IBinding binding, IContextManager contextManager, Object[] arguments, ITestTracer testTracer, TimeSpan& duration)
   at TechTalk.SpecFlow.Infrastructure.TestExecutionEngine.ExecuteStepMatch(BindingMatch match, Object[] arguments)
   at TechTalk.SpecFlow.Infrastructure.TestExecutionEngine.ExecuteStep(IContextManager contextManager, StepInstance stepInstance)
   at TechTalk.SpecFlow.Infrastructure.TestExecutionEngine.OnAfterLastStep()
   at TechTalk.SpecFlow.TestRunner.CollectScenarioErrors()
   at SAM.Features.OpenSAMFeature.ScenarioCleanup()
   at SAM.Features.OpenSAMFeature.OpeningSAM() in C:\SAMAutomation\SAM\SAM\Features\OpenSAM.feature:line 9]]></stack-trace>
                    </failure>
                  </test-case>
                </results>
              </test-suite>
              <test-suite type="TestFixture" name="SelectingObjectFeature" description="Selecting Object" executed="True" result="Failure" success="False" time="15.096" asserts="0">
                <properties>
                  <property name="Description" value="Selecting Object" />
                </properties>
                <failure>
                  <message><![CDATA[One or more child tests had errors]]></message>
                  <stack-trace />
                </failure>
                <results>
                  <test-case name="SAM.Features.SelectingObjectFeature.HoveringMouseOnAnObject" description="Hovering mouse on an Object" executed="True" result="Error" success="False" time="3.029" asserts="0">
                    <categories>
                      <category name="mytag" />
                    </categories>
                    <properties>
                      <property name="Description" value="Hovering mouse on an Object" />
                    </properties>
                    <failure>
                      <message><![CDATA[OpenQA.Selenium.WebDriverException : Unexpected error. System.Net.WebException: Unable to connect to the remote server ---> System.Net.Sockets.SocketException: No connection could be made because the target machine actively refused it 127.0.0.1:4723
   at System.Net.Sockets.Socket.DoConnect(EndPoint endPointSnapshot, SocketAddress socketAddress)
   at System.Net.ServicePoint.ConnectSocketInternal(Boolean connectFailure, Socket s4, Socket s6, Socket& socket, IPAddress& address, ConnectSocketState state, IAsyncResult asyncResult, Exception& exception)
   --- End of inner exception stack trace ---
   at OpenQA.Selenium.Appium.Service.AppiumCommandExecutor.Execute(Command commandToExecute)
   at OpenQA.Selenium.Remote.RemoteWebDriver.Execute(String driverCommandToExecute, Dictionary`2 parameters)]]></message>
                      <stack-trace><![CDATA[   at OpenQA.Selenium.Remote.RemoteWebDriver.UnpackAndThrowOnError(Response errorResponse)
   at OpenQA.Selenium.Remote.RemoteWebDriver.Execute(String driverCommandToExecute, Dictionary`2 parameters)
   at OpenQA.Selenium.Remote.RemoteWebDriver.StartSession(ICapabilities desiredCapabilities)
   at OpenQA.Selenium.Remote.RemoteWebDriver..ctor(ICommandExecutor commandExecutor, ICapabilities desiredCapabilities)
   at OpenQA.Selenium.Appium.Windows.WindowsDriver`1..ctor(Uri remoteAddress, DesiredCapabilities desiredCapabilities, TimeSpan commandTimeout)
   at SAM.Utilities.Driver.get_Current() in C:\SAMAutomation\SAM\SAM\Utilities\Driver.cs:line 41
   at SAM.WinFormObjects.WarningDialogObjects.IsWarningDialogDisplayed() in C:\SAMAutomation\SAM\SAM\WinFormObjects\WarningDialogObjects.cs:line 36
   at SAM.Steps.WarningDialogSteps.WhenTheWarningMessageIsDisplayed() in C:\SAMAutomation\SAM\SAM\Steps\WarningDialogSteps.cs:line 21
   at TechTalk.SpecFlow.Bindings.BindingInvoker.InvokeBinding(IBinding binding, IContextManager contextManager, Object[] arguments, ITestTracer testTracer, TimeSpan& duration)
   at TechTalk.SpecFlow.Infrastructure.TestExecutionEngine.ExecuteStepMatch(BindingMatch match, Object[] arguments)
   at TechTalk.SpecFlow.Infrastructure.TestExecutionEngine.ExecuteStep(IContextManager contextManager, StepInstance stepInstance)
   at TechTalk.SpecFlow.Infrastructure.TestExecutionEngine.OnAfterLastStep()
   at TechTalk.SpecFlow.TestRunner.CollectScenarioErrors()
   at SAM.Features.SelectingObjectFeature.ScenarioCleanup()
   at SAM.Features.SelectingObjectFeature.HoveringMouseOnAnObject() in C:\SAMAutomation\SAM\SAM\Features\SelectingObject.feature:line 12]]></stack-trace>
                    </failure>
                  </test-case>
                  <test-case name="SAM.Features.SelectingObjectFeature.SelectAnObjectOnClick" description="Select an Object On Click" executed="True" result="Error" success="False" time="3.011" asserts="0">
                    <categories>
                      <category name="mytag" />
                    </categories>
                    <properties>
                      <property name="Description" value="Select an Object On Click" />
                    </properties>
                    <failure>
                      <message><![CDATA[OpenQA.Selenium.WebDriverException : Unexpected error. System.Net.WebException: Unable to connect to the remote server ---> System.Net.Sockets.SocketException: No connection could be made because the target machine actively refused it 127.0.0.1:4723
   at System.Net.Sockets.Socket.DoConnect(EndPoint endPointSnapshot, SocketAddress socketAddress)
   at System.Net.ServicePoint.ConnectSocketInternal(Boolean connectFailure, Socket s4, Socket s6, Socket& socket, IPAddress& address, ConnectSocketState state, IAsyncResult asyncResult, Exception& exception)
   --- End of inner exception stack trace ---
   at OpenQA.Selenium.Appium.Service.AppiumCommandExecutor.Execute(Command commandToExecute)
   at OpenQA.Selenium.Remote.RemoteWebDriver.Execute(String driverCommandToExecute, Dictionary`2 parameters)]]></message>
                      <stack-trace><![CDATA[   at OpenQA.Selenium.Remote.RemoteWebDriver.UnpackAndThrowOnError(Response errorResponse)
   at OpenQA.Selenium.Remote.RemoteWebDriver.Execute(String driverCommandToExecute, Dictionary`2 parameters)
   at OpenQA.Selenium.Remote.RemoteWebDriver.StartSession(ICapabilities desiredCapabilities)
   at OpenQA.Selenium.Remote.RemoteWebDriver..ctor(ICommandExecutor commandExecutor, ICapabilities desiredCapabilities)
   at OpenQA.Selenium.Appium.Windows.WindowsDriver`1..ctor(Uri remoteAddress, DesiredCapabilities desiredCapabilities, TimeSpan commandTimeout)
   at SAM.Utilities.Driver.get_Current() in C:\SAMAutomation\SAM\SAM\Utilities\Driver.cs:line 41
   at SAM.WinFormObjects.WarningDialogObjects.IsWarningDialogDisplayed() in C:\SAMAutomation\SAM\SAM\WinFormObjects\WarningDialogObjects.cs:line 36
   at SAM.Steps.WarningDialogSteps.WhenTheWarningMessageIsDisplayed() in C:\SAMAutomation\SAM\SAM\Steps\WarningDialogSteps.cs:line 21
   at TechTalk.SpecFlow.Bindings.BindingInvoker.InvokeBinding(IBinding binding, IContextManager contextManager, Object[] arguments, ITestTracer testTracer, TimeSpan& duration)
   at TechTalk.SpecFlow.Infrastructure.TestExecutionEngine.ExecuteStepMatch(BindingMatch match, Object[] arguments)
   at TechTalk.SpecFlow.Infrastructure.TestExecutionEngine.ExecuteStep(IContextManager contextManager, StepInstance stepInstance)
   at TechTalk.SpecFlow.Infrastructure.TestExecutionEngine.OnAfterLastStep()
   at TechTalk.SpecFlow.TestRunner.CollectScenarioErrors()
   at SAM.Features.SelectingObjectFeature.ScenarioCleanup()
   at SAM.Features.SelectingObjectFeature.SelectAnObjectOnClick() in C:\SAMAutomation\SAM\SAM\Features\SelectingObject.feature:line 18]]></stack-trace>
                    </failure>
                  </test-case>
                  <test-case name="SAM.Features.SelectingObjectFeature.SelectAnObjectOnEdit" description="Select an Object On Edit" executed="True" result="Error" success="False" time="3.018" asserts="0">
                    <categories>
                      <category name="mytag" />
                    </categories>
                    <properties>
                      <property name="Description" value="Select an Object On Edit" />
                    </properties>
                    <failure>
                      <message><![CDATA[OpenQA.Selenium.WebDriverException : Unexpected error. System.Net.WebException: Unable to connect to the remote server ---> System.Net.Sockets.SocketException: No connection could be made because the target machine actively refused it 127.0.0.1:4723
   at System.Net.Sockets.Socket.DoConnect(EndPoint endPointSnapshot, SocketAddress socketAddress)
   at System.Net.ServicePoint.ConnectSocketInternal(Boolean connectFailure, Socket s4, Socket s6, Socket& socket, IPAddress& address, ConnectSocketState state, IAsyncResult asyncResult, Exception& exception)
   --- End of inner exception stack trace ---
   at OpenQA.Selenium.Appium.Service.AppiumCommandExecutor.Execute(Command commandToExecute)
   at OpenQA.Selenium.Remote.RemoteWebDriver.Execute(String driverCommandToExecute, Dictionary`2 parameters)]]></message>
                      <stack-trace><![CDATA[   at OpenQA.Selenium.Remote.RemoteWebDriver.UnpackAndThrowOnError(Response errorResponse)
   at OpenQA.Selenium.Remote.RemoteWebDriver.Execute(String driverCommandToExecute, Dictionary`2 parameters)
   at OpenQA.Selenium.Remote.RemoteWebDriver.StartSession(ICapabilities desiredCapabilities)
   at OpenQA.Selenium.Remote.RemoteWebDriver..ctor(ICommandExecutor commandExecutor, ICapabilities desiredCapabilities)
   at OpenQA.Selenium.Appium.Windows.WindowsDriver`1..ctor(Uri remoteAddress, DesiredCapabilities desiredCapabilities, TimeSpan commandTimeout)
   at SAM.Utilities.Driver.get_Current() in C:\SAMAutomation\SAM\SAM\Utilities\Driver.cs:line 41
   at SAM.WinFormObjects.WarningDialogObjects.IsWarningDialogDisplayed() in C:\SAMAutomation\SAM\SAM\WinFormObjects\WarningDialogObjects.cs:line 36
   at SAM.Steps.WarningDialogSteps.WhenTheWarningMessageIsDisplayed() in C:\SAMAutomation\SAM\SAM\Steps\WarningDialogSteps.cs:line 21
   at TechTalk.SpecFlow.Bindings.BindingInvoker.InvokeBinding(IBinding binding, IContextManager contextManager, Object[] arguments, ITestTracer testTracer, TimeSpan& duration)
   at TechTalk.SpecFlow.Infrastructure.TestExecutionEngine.ExecuteStepMatch(BindingMatch match, Object[] arguments)
   at TechTalk.SpecFlow.Infrastructure.TestExecutionEngine.ExecuteStep(IContextManager contextManager, StepInstance stepInstance)
   at TechTalk.SpecFlow.Infrastructure.TestExecutionEngine.OnAfterLastStep()
   at TechTalk.SpecFlow.TestRunner.CollectScenarioErrors()
   at SAM.Features.SelectingObjectFeature.ScenarioCleanup()
   at SAM.Features.SelectingObjectFeature.SelectAnObjectOnEdit() in C:\SAMAutomation\SAM\SAM\Features\SelectingObject.feature:line 38]]></stack-trace>
                    </failure>
                  </test-case>
                  <test-case name="SAM.Features.SelectingObjectFeature.SelectAnObjectOnPlusKey" description="Select an Object On Plus key" executed="True" result="Error" success="False" time="3.018" asserts="0">
                    <categories>
                      <category name="mytag" />
                    </categories>
                    <properties>
                      <property name="Description" value="Select an Object On Plus key" />
                    </properties>
                    <failure>
                      <message><![CDATA[OpenQA.Selenium.WebDriverException : Unexpected error. System.Net.WebException: Unable to connect to the remote server ---> System.Net.Sockets.SocketException: No connection could be made because the target machine actively refused it 127.0.0.1:4723
   at System.Net.Sockets.Socket.DoConnect(EndPoint endPointSnapshot, SocketAddress socketAddress)
   at System.Net.ServicePoint.ConnectSocketInternal(Boolean connectFailure, Socket s4, Socket s6, Socket& socket, IPAddress& address, ConnectSocketState state, IAsyncResult asyncResult, Exception& exception)
   --- End of inner exception stack trace ---
   at OpenQA.Selenium.Appium.Service.AppiumCommandExecutor.Execute(Command commandToExecute)
   at OpenQA.Selenium.Remote.RemoteWebDriver.Execute(String driverCommandToExecute, Dictionary`2 parameters)]]></message>
                      <stack-trace><![CDATA[   at OpenQA.Selenium.Remote.RemoteWebDriver.UnpackAndThrowOnError(Response errorResponse)
   at OpenQA.Selenium.Remote.RemoteWebDriver.Execute(String driverCommandToExecute, Dictionary`2 parameters)
   at OpenQA.Selenium.Remote.RemoteWebDriver.StartSession(ICapabilities desiredCapabilities)
   at OpenQA.Selenium.Remote.RemoteWebDriver..ctor(ICommandExecutor commandExecutor, ICapabilities desiredCapabilities)
   at OpenQA.Selenium.Appium.Windows.WindowsDriver`1..ctor(Uri remoteAddress, DesiredCapabilities desiredCapabilities, TimeSpan commandTimeout)
   at SAM.Utilities.Driver.get_Current() in C:\SAMAutomation\SAM\SAM\Utilities\Driver.cs:line 41
   at SAM.WinFormObjects.WarningDialogObjects.IsWarningDialogDisplayed() in C:\SAMAutomation\SAM\SAM\WinFormObjects\WarningDialogObjects.cs:line 36
   at SAM.Steps.WarningDialogSteps.WhenTheWarningMessageIsDisplayed() in C:\SAMAutomation\SAM\SAM\Steps\WarningDialogSteps.cs:line 21
   at TechTalk.SpecFlow.Bindings.BindingInvoker.InvokeBinding(IBinding binding, IContextManager contextManager, Object[] arguments, ITestTracer testTracer, TimeSpan& duration)
   at TechTalk.SpecFlow.Infrastructure.TestExecutionEngine.ExecuteStepMatch(BindingMatch match, Object[] arguments)
   at TechTalk.SpecFlow.Infrastructure.TestExecutionEngine.ExecuteStep(IContextManager contextManager, StepInstance stepInstance)
   at TechTalk.SpecFlow.Infrastructure.TestExecutionEngine.OnAfterLastStep()
   at TechTalk.SpecFlow.TestRunner.CollectScenarioErrors()
   at SAM.Features.SelectingObjectFeature.ScenarioCleanup()
   at SAM.Features.SelectingObjectFeature.SelectAnObjectOnPlusKey() in C:\SAMAutomation\SAM\SAM\Features\SelectingObject.feature:line 32]]></stack-trace>
                    </failure>
                  </test-case>
                  <test-case name="SAM.Features.SelectingObjectFeature.SelectAnObjectOnSpacebarKey" description="Select an Object On Spacebar key" executed="True" result="Error" success="False" time="3.018" asserts="0">
                    <categories>
                      <category name="mytag" />
                    </categories>
                    <properties>
                      <property name="Description" value="Select an Object On Spacebar key" />
                    </properties>
                    <failure>
                      <message><![CDATA[OpenQA.Selenium.WebDriverException : Unexpected error. System.Net.WebException: Unable to connect to the remote server ---> System.Net.Sockets.SocketException: No connection could be made because the target machine actively refused it 127.0.0.1:4723
   at System.Net.Sockets.Socket.DoConnect(EndPoint endPointSnapshot, SocketAddress socketAddress)
   at System.Net.ServicePoint.ConnectSocketInternal(Boolean connectFailure, Socket s4, Socket s6, Socket& socket, IPAddress& address, ConnectSocketState state, IAsyncResult asyncResult, Exception& exception)
   --- End of inner exception stack trace ---
   at OpenQA.Selenium.Appium.Service.AppiumCommandExecutor.Execute(Command commandToExecute)
   at OpenQA.Selenium.Remote.RemoteWebDriver.Execute(String driverCommandToExecute, Dictionary`2 parameters)]]></message>
                      <stack-trace><![CDATA[   at OpenQA.Selenium.Remote.RemoteWebDriver.UnpackAndThrowOnError(Response errorResponse)
   at OpenQA.Selenium.Remote.RemoteWebDriver.Execute(String driverCommandToExecute, Dictionary`2 parameters)
   at OpenQA.Selenium.Remote.RemoteWebDriver.StartSession(ICapabilities desiredCapabilities)
   at OpenQA.Selenium.Remote.RemoteWebDriver..ctor(ICommandExecutor commandExecutor, ICapabilities desiredCapabilities)
   at OpenQA.Selenium.Appium.Windows.WindowsDriver`1..ctor(Uri remoteAddress, DesiredCapabilities desiredCapabilities, TimeSpan commandTimeout)
   at SAM.Utilities.Driver.get_Current() in C:\SAMAutomation\SAM\SAM\Utilities\Driver.cs:line 41
   at SAM.WinFormObjects.WarningDialogObjects.IsWarningDialogDisplayed() in C:\SAMAutomation\SAM\SAM\WinFormObjects\WarningDialogObjects.cs:line 36
   at SAM.Steps.WarningDialogSteps.WhenTheWarningMessageIsDisplayed() in C:\SAMAutomation\SAM\SAM\Steps\WarningDialogSteps.cs:line 21
   at TechTalk.SpecFlow.Bindings.BindingInvoker.InvokeBinding(IBinding binding, IContextManager contextManager, Object[] arguments, ITestTracer testTracer, TimeSpan& duration)
   at TechTalk.SpecFlow.Infrastructure.TestExecutionEngine.ExecuteStepMatch(BindingMatch match, Object[] arguments)
   at TechTalk.SpecFlow.Infrastructure.TestExecutionEngine.ExecuteStep(IContextManager contextManager, StepInstance stepInstance)
   at TechTalk.SpecFlow.Infrastructure.TestExecutionEngine.OnAfterLastStep()
   at TechTalk.SpecFlow.TestRunner.CollectScenarioErrors()
   at SAM.Features.SelectingObjectFeature.ScenarioCleanup()
   at SAM.Features.SelectingObjectFeature.SelectAnObjectOnSpacebarKey() in C:\SAMAutomation\SAM\SAM\Features\SelectingObject.feature:line 25]]></stack-trace>
                    </failure>
                  </test-case>
                </results>
              </test-suite>
              <test-suite type="TestFixture" name="ToValidateAppendingNumberToMutipleObjectsFeature" description="To Validate Appending Number to Mutiple Objects" executed="True" result="Failure" success="False" time="9.142" asserts="0">
                <properties>
                  <property name="Description" value="To Validate Appending Number to Mutiple Objects" />
                </properties>
                <failure>
                  <message><![CDATA[One or more child tests had errors]]></message>
                  <stack-trace />
                </failure>
                <results>
                  <test-case name="SAM.Features.ToValidateAppendingNumberToMutipleObjectsFeature.AppendNumberToMultipleObject" description="Append Number to Multiple object" executed="True" result="Error" success="False" time="3.024" asserts="0">
                    <categories>
                      <category name="mytag" />
                    </categories>
                    <properties>
                      <property name="Description" value="Append Number to Multiple object" />
                    </properties>
                    <failure>
                      <message><![CDATA[OpenQA.Selenium.WebDriverException : Unexpected error. System.Net.WebException: Unable to connect to the remote server ---> System.Net.Sockets.SocketException: No connection could be made because the target machine actively refused it 127.0.0.1:4723
   at System.Net.Sockets.Socket.DoConnect(EndPoint endPointSnapshot, SocketAddress socketAddress)
   at System.Net.ServicePoint.ConnectSocketInternal(Boolean connectFailure, Socket s4, Socket s6, Socket& socket, IPAddress& address, ConnectSocketState state, IAsyncResult asyncResult, Exception& exception)
   --- End of inner exception stack trace ---
   at OpenQA.Selenium.Appium.Service.AppiumCommandExecutor.Execute(Command commandToExecute)
   at OpenQA.Selenium.Remote.RemoteWebDriver.Execute(String driverCommandToExecute, Dictionary`2 parameters)]]></message>
                      <stack-trace><![CDATA[   at OpenQA.Selenium.Remote.RemoteWebDriver.UnpackAndThrowOnError(Response errorResponse)
   at OpenQA.Selenium.Remote.RemoteWebDriver.Execute(String driverCommandToExecute, Dictionary`2 parameters)
   at OpenQA.Selenium.Remote.RemoteWebDriver.StartSession(ICapabilities desiredCapabilities)
   at OpenQA.Selenium.Remote.RemoteWebDriver..ctor(ICommandExecutor commandExecutor, ICapabilities desiredCapabilities)
   at OpenQA.Selenium.Appium.Windows.WindowsDriver`1..ctor(Uri remoteAddress, DesiredCapabilities desiredCapabilities, TimeSpan commandTimeout)
   at SAM.Utilities.Driver.get_Current() in C:\SAMAutomation\SAM\SAM\Utilities\Driver.cs:line 41
   at SAM.WinFormObjects.WarningDialogObjects.IsWarningDialogDisplayed() in C:\SAMAutomation\SAM\SAM\WinFormObjects\WarningDialogObjects.cs:line 36
   at SAM.Steps.WarningDialogSteps.WhenTheWarningMessageIsDisplayed() in C:\SAMAutomation\SAM\SAM\Steps\WarningDialogSteps.cs:line 21
   at TechTalk.SpecFlow.Bindings.BindingInvoker.InvokeBinding(IBinding binding, IContextManager contextManager, Object[] arguments, ITestTracer testTracer, TimeSpan& duration)
   at TechTalk.SpecFlow.Infrastructure.TestExecutionEngine.ExecuteStepMatch(BindingMatch match, Object[] arguments)
   at TechTalk.SpecFlow.Infrastructure.TestExecutionEngine.ExecuteStep(IContextManager contextManager, StepInstance stepInstance)
   at TechTalk.SpecFlow.Infrastructure.TestExecutionEngine.OnAfterLastStep()
   at TechTalk.SpecFlow.TestRunner.CollectScenarioErrors()
   at SAM.Features.ToValidateAppendingNumberToMutipleObjectsFeature.ScenarioCleanup()
   at SAM.Features.ToValidateAppendingNumberToMutipleObjectsFeature.AppendNumberToMultipleObject() in C:\SAMAutomation\SAM\SAM\Features\AppendNumbertoMutipleObject.feature:line 17]]></stack-trace>
                    </failure>
                  </test-case>
                  <test-case name="SAM.Features.ToValidateAppendingNumberToMutipleObjectsFeature.ObjectNameMustBeUniqueForSiblingObjects" description="Object name must be unique for sibling objects" executed="True" result="Error" success="False" time="3.057" asserts="0">
                    <categories>
                      <category name="mytag" />
                    </categories>
                    <properties>
                      <property name="Description" value="Object name must be unique for sibling objects" />
                    </properties>
                    <failure>
                      <message><![CDATA[OpenQA.Selenium.WebDriverException : Unexpected error. System.Net.WebException: Unable to connect to the remote server ---> System.Net.Sockets.SocketException: No connection could be made because the target machine actively refused it 127.0.0.1:4723
   at System.Net.Sockets.Socket.DoConnect(EndPoint endPointSnapshot, SocketAddress socketAddress)
   at System.Net.ServicePoint.ConnectSocketInternal(Boolean connectFailure, Socket s4, Socket s6, Socket& socket, IPAddress& address, ConnectSocketState state, IAsyncResult asyncResult, Exception& exception)
   --- End of inner exception stack trace ---
   at OpenQA.Selenium.Appium.Service.AppiumCommandExecutor.Execute(Command commandToExecute)
   at OpenQA.Selenium.Remote.RemoteWebDriver.Execute(String driverCommandToExecute, Dictionary`2 parameters)]]></message>
                      <stack-trace><![CDATA[   at OpenQA.Selenium.Remote.RemoteWebDriver.UnpackAndThrowOnError(Response errorResponse)
   at OpenQA.Selenium.Remote.RemoteWebDriver.Execute(String driverCommandToExecute, Dictionary`2 parameters)
   at OpenQA.Selenium.Remote.RemoteWebDriver.StartSession(ICapabilities desiredCapabilities)
   at OpenQA.Selenium.Remote.RemoteWebDriver..ctor(ICommandExecutor commandExecutor, ICapabilities desiredCapabilities)
   at OpenQA.Selenium.Appium.Windows.WindowsDriver`1..ctor(Uri remoteAddress, DesiredCapabilities desiredCapabilities, TimeSpan commandTimeout)
   at SAM.Utilities.Driver.get_Current() in C:\SAMAutomation\SAM\SAM\Utilities\Driver.cs:line 41
   at SAM.WinFormObjects.WarningDialogObjects.IsWarningDialogDisplayed() in C:\SAMAutomation\SAM\SAM\WinFormObjects\WarningDialogObjects.cs:line 36
   at SAM.Steps.WarningDialogSteps.WhenTheWarningMessageIsDisplayed() in C:\SAMAutomation\SAM\SAM\Steps\WarningDialogSteps.cs:line 21
   at TechTalk.SpecFlow.Bindings.BindingInvoker.InvokeBinding(IBinding binding, IContextManager contextManager, Object[] arguments, ITestTracer testTracer, TimeSpan& duration)
   at TechTalk.SpecFlow.Infrastructure.TestExecutionEngine.ExecuteStepMatch(BindingMatch match, Object[] arguments)
   at TechTalk.SpecFlow.Infrastructure.TestExecutionEngine.ExecuteStep(IContextManager contextManager, StepInstance stepInstance)
   at TechTalk.SpecFlow.Infrastructure.TestExecutionEngine.OnAfterLastStep()
   at TechTalk.SpecFlow.TestRunner.CollectScenarioErrors()
   at SAM.Features.ToValidateAppendingNumberToMutipleObjectsFeature.ScenarioCleanup()
   at SAM.Features.ToValidateAppendingNumberToMutipleObjectsFeature.ObjectNameMustBeUniqueForSiblingObjects() in C:\SAMAutomation\SAM\SAM\Features\AppendNumbertoMutipleObject.feature:line 28]]></stack-trace>
                    </failure>
                  </test-case>
                  <test-case name="SAM.Features.ToValidateAppendingNumberToMutipleObjectsFeature.ParentObjectNameMustNotStartWithDigit" description="Parent object name must not start with digit" executed="True" result="Error" success="False" time="3.059" asserts="0">
                    <categories>
                      <category name="mytag" />
                    </categories>
                    <properties>
                      <property name="Description" value="Parent object name must not start with digit" />
                    </properties>
                    <failure>
                      <message><![CDATA[OpenQA.Selenium.WebDriverException : Unexpected error. System.Net.WebException: Unable to connect to the remote server ---> System.Net.Sockets.SocketException: No connection could be made because the target machine actively refused it 127.0.0.1:4723
   at System.Net.Sockets.Socket.DoConnect(EndPoint endPointSnapshot, SocketAddress socketAddress)
   at System.Net.ServicePoint.ConnectSocketInternal(Boolean connectFailure, Socket s4, Socket s6, Socket& socket, IPAddress& address, ConnectSocketState state, IAsyncResult asyncResult, Exception& exception)
   --- End of inner exception stack trace ---
   at OpenQA.Selenium.Appium.Service.AppiumCommandExecutor.Execute(Command commandToExecute)
   at OpenQA.Selenium.Remote.RemoteWebDriver.Execute(String driverCommandToExecute, Dictionary`2 parameters)]]></message>
                      <stack-trace><![CDATA[   at OpenQA.Selenium.Remote.RemoteWebDriver.UnpackAndThrowOnError(Response errorResponse)
   at OpenQA.Selenium.Remote.RemoteWebDriver.Execute(String driverCommandToExecute, Dictionary`2 parameters)
   at OpenQA.Selenium.Remote.RemoteWebDriver.StartSession(ICapabilities desiredCapabilities)
   at OpenQA.Selenium.Remote.RemoteWebDriver..ctor(ICommandExecutor commandExecutor, ICapabilities desiredCapabilities)
   at OpenQA.Selenium.Appium.Windows.WindowsDriver`1..ctor(Uri remoteAddress, DesiredCapabilities desiredCapabilities, TimeSpan commandTimeout)
   at SAM.Utilities.Driver.get_Current() in C:\SAMAutomation\SAM\SAM\Utilities\Driver.cs:line 41
   at SAM.WinFormObjects.WarningDialogObjects.IsWarningDialogDisplayed() in C:\SAMAutomation\SAM\SAM\WinFormObjects\WarningDialogObjects.cs:line 36
   at SAM.Steps.WarningDialogSteps.WhenTheWarningMessageIsDisplayed() in C:\SAMAutomation\SAM\SAM\Steps\WarningDialogSteps.cs:line 21
   at TechTalk.SpecFlow.Bindings.BindingInvoker.InvokeBinding(IBinding binding, IContextManager contextManager, Object[] arguments, ITestTracer testTracer, TimeSpan& duration)
   at TechTalk.SpecFlow.Infrastructure.TestExecutionEngine.ExecuteStepMatch(BindingMatch match, Object[] arguments)
   at TechTalk.SpecFlow.Infrastructure.TestExecutionEngine.ExecuteStep(IContextManager contextManager, StepInstance stepInstance)
   at TechTalk.SpecFlow.Infrastructure.TestExecutionEngine.OnAfterLastStep()
   at TechTalk.SpecFlow.TestRunner.CollectScenarioErrors()
   at SAM.Features.ToValidateAppendingNumberToMutipleObjectsFeature.ScenarioCleanup()
   at SAM.Features.ToValidateAppendingNumberToMutipleObjectsFeature.ParentObjectNameMustNotStartWithDigit() in C:\SAMAutomation\SAM\SAM\Features\AppendNumbertoMutipleObject.feature:line 37]]></stack-trace>
                    </failure>
                  </test-case>
                </results>
              </test-suite>
              <test-suite type="TestFixture" name="ValidatingTheOKButtonEnabledFeature" description="Validating the OK button Enabled" executed="True" result="Failure" success="False" time="9.056" asserts="0">
                <properties>
                  <property name="Description" value="Validating the OK button Enabled" />
                </properties>
                <failure>
                  <message><![CDATA[One or more child tests had errors]]></message>
                  <stack-trace />
                </failure>
                <results>
                  <test-case name="SAM.Features.ValidatingTheOKButtonEnabledFeature.EnterKeyOnKeyboardInsertObjects" description="Enter Key on Keyboard insert Objects" executed="True" result="Error" success="False" time="3.020" asserts="0">
                    <categories>
                      <category name="mytag" />
                    </categories>
                    <properties>
                      <property name="Description" value="Enter Key on Keyboard insert Objects" />
                    </properties>
                    <failure>
                      <message><![CDATA[OpenQA.Selenium.WebDriverException : Unexpected error. System.Net.WebException: Unable to connect to the remote server ---> System.Net.Sockets.SocketException: No connection could be made because the target machine actively refused it 127.0.0.1:4723
   at System.Net.Sockets.Socket.DoConnect(EndPoint endPointSnapshot, SocketAddress socketAddress)
   at System.Net.ServicePoint.ConnectSocketInternal(Boolean connectFailure, Socket s4, Socket s6, Socket& socket, IPAddress& address, ConnectSocketState state, IAsyncResult asyncResult, Exception& exception)
   --- End of inner exception stack trace ---
   at OpenQA.Selenium.Appium.Service.AppiumCommandExecutor.Execute(Command commandToExecute)
   at OpenQA.Selenium.Remote.RemoteWebDriver.Execute(String driverCommandToExecute, Dictionary`2 parameters)]]></message>
                      <stack-trace><![CDATA[   at OpenQA.Selenium.Remote.RemoteWebDriver.UnpackAndThrowOnError(Response errorResponse)
   at OpenQA.Selenium.Remote.RemoteWebDriver.Execute(String driverCommandToExecute, Dictionary`2 parameters)
   at OpenQA.Selenium.Remote.RemoteWebDriver.StartSession(ICapabilities desiredCapabilities)
   at OpenQA.Selenium.Remote.RemoteWebDriver..ctor(ICommandExecutor commandExecutor, ICapabilities desiredCapabilities)
   at OpenQA.Selenium.Appium.Windows.WindowsDriver`1..ctor(Uri remoteAddress, DesiredCapabilities desiredCapabilities, TimeSpan commandTimeout)
   at SAM.Utilities.Driver.get_Current() in C:\SAMAutomation\SAM\SAM\Utilities\Driver.cs:line 41
   at SAM.WinFormObjects.WarningDialogObjects.IsWarningDialogDisplayed() in C:\SAMAutomation\SAM\SAM\WinFormObjects\WarningDialogObjects.cs:line 36
   at SAM.Steps.WarningDialogSteps.WhenTheWarningMessageIsDisplayed() in C:\SAMAutomation\SAM\SAM\Steps\WarningDialogSteps.cs:line 21
   at TechTalk.SpecFlow.Bindings.BindingInvoker.InvokeBinding(IBinding binding, IContextManager contextManager, Object[] arguments, ITestTracer testTracer, TimeSpan& duration)
   at TechTalk.SpecFlow.Infrastructure.TestExecutionEngine.ExecuteStepMatch(BindingMatch match, Object[] arguments)
   at TechTalk.SpecFlow.Infrastructure.TestExecutionEngine.ExecuteStep(IContextManager contextManager, StepInstance stepInstance)
   at TechTalk.SpecFlow.Infrastructure.TestExecutionEngine.OnAfterLastStep()
   at TechTalk.SpecFlow.TestRunner.CollectScenarioErrors()
   at SAM.Features.ValidatingTheOKButtonEnabledFeature.ScenarioCleanup()
   at SAM.Features.ValidatingTheOKButtonEnabledFeature.EnterKeyOnKeyboardInsertObjects() in C:\SAMAutomation\SAM\SAM\Features\OKbuttonEnabled.feature:line 31]]></stack-trace>
                    </failure>
                  </test-case>
                  <test-case name="SAM.Features.ValidatingTheOKButtonEnabledFeature.OKButtonEnabled" description="OK Button Enabled" executed="True" result="Error" success="False" time="3.019" asserts="0">
                    <categories>
                      <category name="mytag" />
                    </categories>
                    <properties>
                      <property name="Description" value="OK Button Enabled" />
                    </properties>
                    <failure>
                      <message><![CDATA[OpenQA.Selenium.WebDriverException : Unexpected error. System.Net.WebException: Unable to connect to the remote server ---> System.Net.Sockets.SocketException: No connection could be made because the target machine actively refused it 127.0.0.1:4723
   at System.Net.Sockets.Socket.DoConnect(EndPoint endPointSnapshot, SocketAddress socketAddress)
   at System.Net.ServicePoint.ConnectSocketInternal(Boolean connectFailure, Socket s4, Socket s6, Socket& socket, IPAddress& address, ConnectSocketState state, IAsyncResult asyncResult, Exception& exception)
   --- End of inner exception stack trace ---
   at OpenQA.Selenium.Appium.Service.AppiumCommandExecutor.Execute(Command commandToExecute)
   at OpenQA.Selenium.Remote.RemoteWebDriver.Execute(String driverCommandToExecute, Dictionary`2 parameters)]]></message>
                      <stack-trace><![CDATA[   at OpenQA.Selenium.Remote.RemoteWebDriver.UnpackAndThrowOnError(Response errorResponse)
   at OpenQA.Selenium.Remote.RemoteWebDriver.Execute(String driverCommandToExecute, Dictionary`2 parameters)
   at OpenQA.Selenium.Remote.RemoteWebDriver.StartSession(ICapabilities desiredCapabilities)
   at OpenQA.Selenium.Remote.RemoteWebDriver..ctor(ICommandExecutor commandExecutor, ICapabilities desiredCapabilities)
   at OpenQA.Selenium.Appium.Windows.WindowsDriver`1..ctor(Uri remoteAddress, DesiredCapabilities desiredCapabilities, TimeSpan commandTimeout)
   at SAM.Utilities.Driver.get_Current() in C:\SAMAutomation\SAM\SAM\Utilities\Driver.cs:line 41
   at SAM.WinFormObjects.WarningDialogObjects.IsWarningDialogDisplayed() in C:\SAMAutomation\SAM\SAM\WinFormObjects\WarningDialogObjects.cs:line 36
   at SAM.Steps.WarningDialogSteps.WhenTheWarningMessageIsDisplayed() in C:\SAMAutomation\SAM\SAM\Steps\WarningDialogSteps.cs:line 21
   at TechTalk.SpecFlow.Bindings.BindingInvoker.InvokeBinding(IBinding binding, IContextManager contextManager, Object[] arguments, ITestTracer testTracer, TimeSpan& duration)
   at TechTalk.SpecFlow.Infrastructure.TestExecutionEngine.ExecuteStepMatch(BindingMatch match, Object[] arguments)
   at TechTalk.SpecFlow.Infrastructure.TestExecutionEngine.ExecuteStep(IContextManager contextManager, StepInstance stepInstance)
   at TechTalk.SpecFlow.Infrastructure.TestExecutionEngine.OnAfterLastStep()
   at TechTalk.SpecFlow.TestRunner.CollectScenarioErrors()
   at SAM.Features.ValidatingTheOKButtonEnabledFeature.ScenarioCleanup()
   at SAM.Features.ValidatingTheOKButtonEnabledFeature.OKButtonEnabled() in C:\SAMAutomation\SAM\SAM\Features\OKbuttonEnabled.feature:line 16]]></stack-trace>
                    </failure>
                  </test-case>
                  <test-case name="SAM.Features.ValidatingTheOKButtonEnabledFeature.OKButttonInsertObjects" description="OK Buttton insert Objects" executed="True" result="Error" success="False" time="3.015" asserts="0">
                    <categories>
                      <category name="mytag" />
                    </categories>
                    <properties>
                      <property name="Description" value="OK Buttton insert Objects" />
                    </properties>
                    <failure>
                      <message><![CDATA[OpenQA.Selenium.WebDriverException : Unexpected error. System.Net.WebException: Unable to connect to the remote server ---> System.Net.Sockets.SocketException: No connection could be made because the target machine actively refused it 127.0.0.1:4723
   at System.Net.Sockets.Socket.DoConnect(EndPoint endPointSnapshot, SocketAddress socketAddress)
   at System.Net.ServicePoint.ConnectSocketInternal(Boolean connectFailure, Socket s4, Socket s6, Socket& socket, IPAddress& address, ConnectSocketState state, IAsyncResult asyncResult, Exception& exception)
   --- End of inner exception stack trace ---
   at OpenQA.Selenium.Appium.Service.AppiumCommandExecutor.Execute(Command commandToExecute)
   at OpenQA.Selenium.Remote.RemoteWebDriver.Execute(String driverCommandToExecute, Dictionary`2 parameters)]]></message>
                      <stack-trace><![CDATA[   at OpenQA.Selenium.Remote.RemoteWebDriver.UnpackAndThrowOnError(Response errorResponse)
   at OpenQA.Selenium.Remote.RemoteWebDriver.Execute(String driverCommandToExecute, Dictionary`2 parameters)
   at OpenQA.Selenium.Remote.RemoteWebDriver.StartSession(ICapabilities desiredCapabilities)
   at OpenQA.Selenium.Remote.RemoteWebDriver..ctor(ICommandExecutor commandExecutor, ICapabilities desiredCapabilities)
   at OpenQA.Selenium.Appium.Windows.WindowsDriver`1..ctor(Uri remoteAddress, DesiredCapabilities desiredCapabilities, TimeSpan commandTimeout)
   at SAM.Utilities.Driver.get_Current() in C:\SAMAutomation\SAM\SAM\Utilities\Driver.cs:line 41
   at SAM.WinFormObjects.WarningDialogObjects.IsWarningDialogDisplayed() in C:\SAMAutomation\SAM\SAM\WinFormObjects\WarningDialogObjects.cs:line 36
   at SAM.Steps.WarningDialogSteps.WhenTheWarningMessageIsDisplayed() in C:\SAMAutomation\SAM\SAM\Steps\WarningDialogSteps.cs:line 21
   at TechTalk.SpecFlow.Bindings.BindingInvoker.InvokeBinding(IBinding binding, IContextManager contextManager, Object[] arguments, ITestTracer testTracer, TimeSpan& duration)
   at TechTalk.SpecFlow.Infrastructure.TestExecutionEngine.ExecuteStepMatch(BindingMatch match, Object[] arguments)
   at TechTalk.SpecFlow.Infrastructure.TestExecutionEngine.ExecuteStep(IContextManager contextManager, StepInstance stepInstance)
   at TechTalk.SpecFlow.Infrastructure.TestExecutionEngine.OnAfterLastStep()
   at TechTalk.SpecFlow.TestRunner.CollectScenarioErrors()
   at SAM.Features.ValidatingTheOKButtonEnabledFeature.ScenarioCleanup()
   at SAM.Features.ValidatingTheOKButtonEnabledFeature.OKButttonInsertObjects() in C:\SAMAutomation\SAM\SAM\Features\OKbuttonEnabled.feature:line 24]]></stack-trace>
                    </failure>
                  </test-case>
                </results>
              </test-suite>
            </results>
          </test-suite>
        </results>
      </test-suite>
    </results>
  </test-suite>
</test-results>