<?xml version="1.0" encoding="utf-8" standalone="no"?>
<!--This file represents the results of running a test suite-->
<test-results name="SAM.dll" total="97" errors="3" failures="34" not-run="0" inconclusive="29" ignored="0" skipped="0" invalid="0" date="2019-05-27" time="22:01:11">
  <environment nunit-version="3.6.0.0" clr-version="4.0.30319.42000" os-version="Microsoft Windows NT 10.0.17134.0" platform="Win32NT" cwd="C:\SAMAutomation\SAM\SAM\Reports" machine-name="DESKTOP-IL0VTFQ" user="Patogunlaja" user-domain="DESKTOP-IL0VTFQ" />
  <culture-info current-culture="en-GB" current-uiculture="en-US" />
  <test-suite type="Assembly" name="SAM.dll" executed="True" result="Failure" success="False" time="2142.502" asserts="0">
    <properties>
      <property name="_PID" value="16020" />
      <property name="_APPDOMAIN" value="domain-" />
    </properties>
    <failure>
      <message><![CDATA[One or more child tests had errors]]></message>
      <stack-trace />
    </failure>
    <results>
      <test-suite type="TestSuite" name="SAM" executed="True" result="Failure" success="False" time="2142.480" asserts="0">
        <failure>
          <message><![CDATA[One or more child tests had errors]]></message>
          <stack-trace />
        </failure>
        <results>
          <test-suite type="TestSuite" name="Features" executed="True" result="Failure" success="False" time="2142.479" asserts="0">
            <failure>
              <message><![CDATA[One or more child tests had errors]]></message>
              <stack-trace />
            </failure>
            <results>
              <test-suite type="TestFixture" name="Calcs1Feature" description="calcs1" executed="True" result="Success" success="True" time="0.001" asserts="0">
                <properties>
                  <property name="Description" value="calcs1" />
                </properties>
                <results />
              </test-suite>
              <test-suite type="TestFixture" name="CancelButtonAvailableFeature" description="Cancel Button Available" executed="True" result="Success" success="True" time="50.394" asserts="0">
                <properties>
                  <property name="Description" value="Cancel Button Available" />
                </properties>
                <results>
                  <test-case name="SAM.Features.CancelButtonAvailableFeature.CancelButtonAvailable" description="Cancel Button Available" executed="True" result="Inconclusive" success="False" time="17.788" asserts="0">
                    <categories>
                      <category name="mytag" />
                    </categories>
                    <properties>
                      <property name="Description" value="Cancel Button Available" />
                    </properties>
                    <reason>
                      <message><![CDATA[No matching step definition found for one or more steps.
using System;
using TechTalk.SpecFlow;

namespace MyNamespace
{
    [Binding]
    public class StepDefinitions
    {
        [Then(@"the Cancel button is avaialable")]
        public void ThenTheCancelButtonIsAvaialable()
        {
            ScenarioContext.Current.Pending();
        }
        
        [Then(@"the user confirms the cancel button is available")]
        public void ThenTheUserConfirmsTheCancelButtonIsAvailable()
        {
            ScenarioContext.Current.Pending();
        }
    }
}
]]></message>
                    </reason>
                  </test-case>
                  <test-case name="SAM.Features.CancelButtonAvailableFeature.CancelButtonClosesOnClick" description="Cancel Button Closes On Click" executed="True" result="Inconclusive" success="False" time="15.759" asserts="0">
                    <categories>
                      <category name="mytag" />
                    </categories>
                    <properties>
                      <property name="Description" value="Cancel Button Closes On Click" />
                    </properties>
                    <reason>
                      <message><![CDATA[No matching step definition found for one or more steps.
using System;
using TechTalk.SpecFlow;

namespace MyNamespace
{
    [Binding]
    public class StepDefinitions
    {
        [Then(@"the Cancel button is available")]
        public void ThenTheCancelButtonIsAvailable()
        {
            ScenarioContext.Current.Pending();
        }
        
        [Then(@"the user click on the Cancel button")]
        public void ThenTheUserClickOnTheCancelButton()
        {
            ScenarioContext.Current.Pending();
        }
        
        [Then(@"the insert dialog closes")]
        public void ThenTheInsertDialogCloses()
        {
            ScenarioContext.Current.Pending();
        }
    }
}
]]></message>
                    </reason>
                  </test-case>
                  <test-case name="SAM.Features.CancelButtonAvailableFeature.CancelButtonClosesOnEscape" description="Cancel Button Closes On Escape" executed="True" result="Inconclusive" success="False" time="16.176" asserts="0">
                    <categories>
                      <category name="mytag" />
                    </categories>
                    <properties>
                      <property name="Description" value="Cancel Button Closes On Escape" />
                    </properties>
                    <reason>
                      <message><![CDATA[No matching step definition found for one or more steps.
using System;
using TechTalk.SpecFlow;

namespace MyNamespace
{
    [Binding]
    public class StepDefinitions
    {
        [Then(@"the Cancel button is available")]
        public void ThenTheCancelButtonIsAvailable()
        {
            ScenarioContext.Current.Pending();
        }
        
        [Then(@"the use press ""(.*)"" key on the keyboard")]
        public void ThenTheUsePressKeyOnTheKeyboard(string esc0)
        {
            ScenarioContext.Current.Pending();
        }
        
        [Then(@"the insert dialog closes")]
        public void ThenTheInsertDialogCloses()
        {
            ScenarioContext.Current.Pending();
        }
    }
}
]]></message>
                    </reason>
                  </test-case>
                </results>
              </test-suite>
              <test-suite type="TestFixture" name="DeSelectingAnObjectFeature" description="DeSelecting an Object" executed="True" result="Success" success="True" time="47.795" asserts="0">
                <properties>
                  <property name="Description" value="DeSelecting an Object" />
                </properties>
                <results>
                  <test-case name="SAM.Features.DeSelectingAnObjectFeature.DeSelectAnObjectUsingSpacebarKey" description="DeSelect an Object Using Spacebar key" executed="True" result="Inconclusive" success="False" time="15.635" asserts="0">
                    <categories>
                      <category name="mytag" />
                    </categories>
                    <properties>
                      <property name="Description" value="DeSelect an Object Using Spacebar key" />
                    </properties>
                    <reason>
                      <message><![CDATA[No matching step definition found for one or more steps.
using System;
using TechTalk.SpecFlow;

namespace MyNamespace
{
    [Binding]
    public class StepDefinitions
    {
        [Then(@"the user hover the mouse on an object")]
        public void ThenTheUserHoverTheMouseOnAnObject()
        {
            ScenarioContext.Current.Pending();
        }
        
        [Then(@"the user press the spacebar on the keyboard")]
        public void ThenTheUserPressTheSpacebarOnTheKeyboard()
        {
            ScenarioContext.Current.Pending();
        }
        
        [Then(@"the object is selected")]
        public void ThenTheObjectIsSelected()
        {
            ScenarioContext.Current.Pending();
        }
        
        [Then(@"the object is deselected")]
        public void ThenTheObjectIsDeselected()
        {
            ScenarioContext.Current.Pending();
        }
        
        [Then(@"the user click the cancel button")]
        public void ThenTheUserClickTheCancelButton()
        {
            ScenarioContext.Current.Pending();
        }
    }
}
]]></message>
                    </reason>
                  </test-case>
                  <test-case name="SAM.Features.DeSelectingAnObjectFeature.DeselectingObjectOnClick" description="Deselecting object On Click" executed="True" result="Inconclusive" success="False" time="16.093" asserts="0">
                    <categories>
                      <category name="mytag" />
                    </categories>
                    <properties>
                      <property name="Description" value="Deselecting object On Click" />
                    </properties>
                    <reason>
                      <message><![CDATA[No matching step definition found for one or more steps.
using System;
using TechTalk.SpecFlow;

namespace MyNamespace
{
    [Binding]
    public class StepDefinitions
    {
        [Then(@"the user hover the mouse on an object")]
        public void ThenTheUserHoverTheMouseOnAnObject()
        {
            ScenarioContext.Current.Pending();
        }
        
        [Then(@"the user click on the plus button on the pane")]
        public void ThenTheUserClickOnThePlusButtonOnThePane()
        {
            ScenarioContext.Current.Pending();
        }
        
        [Then(@"the user click on the minus button on the pane")]
        public void ThenTheUserClickOnTheMinusButtonOnThePane()
        {
            ScenarioContext.Current.Pending();
        }
        
        [Then(@"the object is deselected")]
        public void ThenTheObjectIsDeselected()
        {
            ScenarioContext.Current.Pending();
        }
        
        [Then(@"the user click the cancel button")]
        public void ThenTheUserClickTheCancelButton()
        {
            ScenarioContext.Current.Pending();
        }
    }
}
]]></message>
                    </reason>
                  </test-case>
                  <test-case name="SAM.Features.DeSelectingAnObjectFeature.DeselectingObjectUsingArrowKey" description="Deselecting object Using Arrow key" executed="True" result="Inconclusive" success="False" time="16.067" asserts="0">
                    <categories>
                      <category name="mytag" />
                    </categories>
                    <properties>
                      <property name="Description" value="Deselecting object Using Arrow key" />
                    </properties>
                    <reason>
                      <message><![CDATA[No matching step definition found for one or more steps.
using System;
using TechTalk.SpecFlow;

namespace MyNamespace
{
    [Binding]
    public class StepDefinitions
    {
        [Then(@"the user hover the mouse on an object")]
        public void ThenTheUserHoverTheMouseOnAnObject()
        {
            ScenarioContext.Current.Pending();
        }
        
        [Then(@"the user click on the ""(.*)"" key on the keyboard")]
        public void ThenTheUserClickOnTheKeyOnTheKeyboard(string p0)
        {
            ScenarioContext.Current.Pending();
        }
        
        [Then(@"the object is selected")]
        public void ThenTheObjectIsSelected()
        {
            ScenarioContext.Current.Pending();
        }
        
        [Then(@"the object is deselected")]
        public void ThenTheObjectIsDeselected()
        {
            ScenarioContext.Current.Pending();
        }
        
        [Then(@"the user click the cancel button")]
        public void ThenTheUserClickTheCancelButton()
        {
            ScenarioContext.Current.Pending();
        }
    }
}
]]></message>
                    </reason>
                  </test-case>
                </results>
              </test-suite>
              <test-suite type="TestFixture" name="EditingAnObjectFeature" description="Editing An Object" executed="True" result="Success" success="True" time="128.209" asserts="0">
                <properties>
                  <property name="Description" value="Editing An Object" />
                </properties>
                <results>
                  <test-case name="SAM.Features.EditingAnObjectFeature.DeSelectObjectToRenameClick" description="DeSelect object to Rename Click" executed="True" result="Inconclusive" success="False" time="16.238" asserts="0">
                    <categories>
                      <category name="mytag" />
                    </categories>
                    <properties>
                      <property name="Description" value="DeSelect object to Rename Click" />
                    </properties>
                    <reason>
                      <message><![CDATA[No matching step definition found for one or more steps.
using System;
using TechTalk.SpecFlow;

namespace MyNamespace
{
    [Binding]
    public class StepDefinitions
    {
        [Then(@"the user hover the mouse on an object")]
        public void ThenTheUserHoverTheMouseOnAnObject()
        {
            ScenarioContext.Current.Pending();
        }
        
        [Then(@"the user click on the pencil button on the object")]
        public void ThenTheUserClickOnThePencilButtonOnTheObject()
        {
            ScenarioContext.Current.Pending();
        }
        
        [Then(@"the user rename the object with ""(.*)""")]
        public void ThenTheUserRenameTheObjectWith(string text0)
        {
            ScenarioContext.Current.Pending();
        }
        
        [Then(@"the user press the enter key on the keyboard")]
        public void ThenTheUserPressTheEnterKeyOnTheKeyboard()
        {
            ScenarioContext.Current.Pending();
        }
        
        [Then(@"the user click on the minus button on the object")]
        public void ThenTheUserClickOnTheMinusButtonOnTheObject()
        {
            ScenarioContext.Current.Pending();
        }
        
        [Then(@"the name of the object is reverted to object")]
        public void ThenTheNameOfTheObjectIsRevertedToObject()
        {
            ScenarioContext.Current.Pending();
        }
        
        [Then(@"the user click the cancel button")]
        public void ThenTheUserClickTheCancelButton()
        {
            ScenarioContext.Current.Pending();
        }
    }
}
]]></message>
                    </reason>
                  </test-case>
                  <test-case name="SAM.Features.EditingAnObjectFeature.EditingObjectByPressingTheEscapeKey" description="Editing object by pressing the Escape key" executed="True" result="Inconclusive" success="False" time="16.345" asserts="0">
                    <categories>
                      <category name="mytag" />
                    </categories>
                    <properties>
                      <property name="Description" value="Editing object by pressing the Escape key" />
                    </properties>
                    <reason>
                      <message><![CDATA[No matching step definition found for one or more steps.
using System;
using TechTalk.SpecFlow;

namespace MyNamespace
{
    [Binding]
    public class StepDefinitions
    {
        [Then(@"the user hover the mouse on an object")]
        public void ThenTheUserHoverTheMouseOnAnObject()
        {
            ScenarioContext.Current.Pending();
        }
        
        [Then(@"the user press ""(.*)"" on the keyboard")]
        public void ThenTheUserPressOnTheKeyboard(string p0)
        {
            ScenarioContext.Current.Pending();
        }
        
        [Then(@"the user rename the object with ""(.*)""")]
        public void ThenTheUserRenameTheObjectWith(string text0)
        {
            ScenarioContext.Current.Pending();
        }
        
        [Then(@"the user press the escape key")]
        public void ThenTheUserPressTheEscapeKey()
        {
            ScenarioContext.Current.Pending();
        }
        
        [Then(@"the name of the object is reverted to object")]
        public void ThenTheNameOfTheObjectIsRevertedToObject()
        {
            ScenarioContext.Current.Pending();
        }
        
        [Then(@"the user click the cancel button")]
        public void ThenTheUserClickTheCancelButton()
        {
            ScenarioContext.Current.Pending();
        }
    }
}
]]></message>
                    </reason>
                  </test-case>
                  <test-case name="SAM.Features.EditingAnObjectFeature.EditingObjectClickingInsideTheWindow" description="Editing object Clicking inside the window" executed="True" result="Inconclusive" success="False" time="16.033" asserts="0">
                    <categories>
                      <category name="mytag" />
                    </categories>
                    <properties>
                      <property name="Description" value="Editing object Clicking inside the window" />
                    </properties>
                    <reason>
                      <message><![CDATA[No matching step definition found for one or more steps.
using System;
using TechTalk.SpecFlow;

namespace MyNamespace
{
    [Binding]
    public class StepDefinitions
    {
        [Then(@"the user hover the mouse on an object")]
        public void ThenTheUserHoverTheMouseOnAnObject()
        {
            ScenarioContext.Current.Pending();
        }
        
        [Then(@"the user press ""(.*)"" on the keyboard")]
        public void ThenTheUserPressOnTheKeyboard(string p0)
        {
            ScenarioContext.Current.Pending();
        }
        
        [Then(@"the user rename the object with ""(.*)""")]
        public void ThenTheUserRenameTheObjectWith(string text0)
        {
            ScenarioContext.Current.Pending();
        }
        
        [Then(@"the user click anywhere in the window")]
        public void ThenTheUserClickAnywhereInTheWindow()
        {
            ScenarioContext.Current.Pending();
        }
        
        [Then(@"the user click the ok button")]
        public void ThenTheUserClickTheOkButton()
        {
            ScenarioContext.Current.Pending();
        }
    }
}
]]></message>
                    </reason>
                  </test-case>
                  <test-case name="SAM.Features.EditingAnObjectFeature.EditingObjectUsingDigitsAndLetters" description="Editing object Using Digits and Letters" executed="True" result="Inconclusive" success="False" time="16.160" asserts="0">
                    <categories>
                      <category name="mytag" />
                    </categories>
                    <properties>
                      <property name="Description" value="Editing object Using Digits and Letters" />
                    </properties>
                    <reason>
                      <message><![CDATA[No matching step definition found for one or more steps.
using System;
using TechTalk.SpecFlow;

namespace MyNamespace
{
    [Binding]
    public class StepDefinitions
    {
        [Then(@"the user hover the mouse on an object")]
        public void ThenTheUserHoverTheMouseOnAnObject()
        {
            ScenarioContext.Current.Pending();
        }
        
        [Then(@"the user press ""(.*)"" on the keyboard")]
        public void ThenTheUserPressOnTheKeyboard(string p0)
        {
            ScenarioContext.Current.Pending();
        }
        
        [Then(@"the user rename the object with ""(.*)""")]
        public void ThenTheUserRenameTheObjectWith(string p0)
        {
            ScenarioContext.Current.Pending();
        }
        
        [Then(@"the user click anywhere in the window")]
        public void ThenTheUserClickAnywhereInTheWindow()
        {
            ScenarioContext.Current.Pending();
        }
        
        [Then(@"the user click the ok button")]
        public void ThenTheUserClickTheOkButton()
        {
            ScenarioContext.Current.Pending();
        }
    }
}
]]></message>
                    </reason>
                  </test-case>
                  <test-case name="SAM.Features.EditingAnObjectFeature.EditingObjectUsingPencilButton" description="Editing object Using Pencil Button" executed="True" result="Inconclusive" success="False" time="16.290" asserts="0">
                    <categories>
                      <category name="mytag" />
                    </categories>
                    <properties>
                      <property name="Description" value="Editing object Using Pencil Button" />
                    </properties>
                    <reason>
                      <message><![CDATA[No matching step definition found for one or more steps.
using System;
using TechTalk.SpecFlow;

namespace MyNamespace
{
    [Binding]
    public class StepDefinitions
    {
        [Then(@"the user hover the mouse on an object")]
        public void ThenTheUserHoverTheMouseOnAnObject()
        {
            ScenarioContext.Current.Pending();
        }
        
        [Then(@"the user click on the pencil button on the object")]
        public void ThenTheUserClickOnThePencilButtonOnTheObject()
        {
            ScenarioContext.Current.Pending();
        }
        
        [Then(@"the user rename the object with ""(.*)""")]
        public void ThenTheUserRenameTheObjectWith(string text0)
        {
            ScenarioContext.Current.Pending();
        }
        
        [Then(@"the user press the enter key on the keyboard")]
        public void ThenTheUserPressTheEnterKeyOnTheKeyboard()
        {
            ScenarioContext.Current.Pending();
        }
        
        [Then(@"the user click the ok button")]
        public void ThenTheUserClickTheOkButton()
        {
            ScenarioContext.Current.Pending();
        }
    }
}
]]></message>
                    </reason>
                  </test-case>
                  <test-case name="SAM.Features.EditingAnObjectFeature.EditingObjectUsingSpecialCharacter" description="Editing object Using Special Character" executed="True" result="Inconclusive" success="False" time="15.251" asserts="0">
                    <categories>
                      <category name="mytag" />
                    </categories>
                    <properties>
                      <property name="Description" value="Editing object Using Special Character" />
                    </properties>
                    <reason>
                      <message><![CDATA[No matching step definition found for one or more steps.
using System;
using TechTalk.SpecFlow;

namespace MyNamespace
{
    [Binding]
    public class StepDefinitions
    {
        [Then(@"the user hover the mouse on an object")]
        public void ThenTheUserHoverTheMouseOnAnObject()
        {
            ScenarioContext.Current.Pending();
        }
        
        [Then(@"the user press ""(.*)"" on the keyboard")]
        public void ThenTheUserPressOnTheKeyboard(string p0)
        {
            ScenarioContext.Current.Pending();
        }
        
        [Then(@"the user rename the object with ""(.*)""")]
        public void ThenTheUserRenameTheObjectWith(string p0)
        {
            ScenarioContext.Current.Pending();
        }
        
        [Then(@"the user press the enter key on the keyboard")]
        public void ThenTheUserPressTheEnterKeyOnTheKeyboard()
        {
            ScenarioContext.Current.Pending();
        }
        
        [Then(@"the error message should appear on the button")]
        public void ThenTheErrorMessageShouldAppearOnTheButton()
        {
            ScenarioContext.Current.Pending();
        }
        
        [Then(@"the user click the cancel button")]
        public void ThenTheUserClickTheCancelButton()
        {
            ScenarioContext.Current.Pending();
        }
    }
}
]]></message>
                    </reason>
                  </test-case>
                  <test-case name="SAM.Features.EditingAnObjectFeature.EditingObjectUsingTheEnterKey" description="Editing object Using the Enter key" executed="True" result="Inconclusive" success="False" time="16.702" asserts="0">
                    <categories>
                      <category name="mytag" />
                    </categories>
                    <properties>
                      <property name="Description" value="Editing object Using the Enter key" />
                    </properties>
                    <reason>
                      <message><![CDATA[No matching step definition found for one or more steps.
using System;
using TechTalk.SpecFlow;

namespace MyNamespace
{
    [Binding]
    public class StepDefinitions
    {
        [Then(@"the user hover the mouse on an object")]
        public void ThenTheUserHoverTheMouseOnAnObject()
        {
            ScenarioContext.Current.Pending();
        }
        
        [Then(@"the user press ""(.*)"" on the keyboard")]
        public void ThenTheUserPressOnTheKeyboard(string p0)
        {
            ScenarioContext.Current.Pending();
        }
        
        [Then(@"the user rename the object with ""(.*)""")]
        public void ThenTheUserRenameTheObjectWith(string text0)
        {
            ScenarioContext.Current.Pending();
        }
        
        [Then(@"the user press the enter key on the keyboard")]
        public void ThenTheUserPressTheEnterKeyOnTheKeyboard()
        {
            ScenarioContext.Current.Pending();
        }
        
        [Then(@"the user click the ok button")]
        public void ThenTheUserClickTheOkButton()
        {
            ScenarioContext.Current.Pending();
        }
    }
}
]]></message>
                    </reason>
                  </test-case>
                  <test-case name="SAM.Features.EditingAnObjectFeature.EditingObjectUsingTheKeyboard" description="Editing object Using the keyboard" executed="True" result="Inconclusive" success="False" time="15.188" asserts="0">
                    <categories>
                      <category name="mytag" />
                    </categories>
                    <properties>
                      <property name="Description" value="Editing object Using the keyboard" />
                    </properties>
                    <reason>
                      <message><![CDATA[No matching step definition found for one or more steps.
using System;
using TechTalk.SpecFlow;

namespace MyNamespace
{
    [Binding]
    public class StepDefinitions
    {
        [Then(@"the user hover the mouse on an object")]
        public void ThenTheUserHoverTheMouseOnAnObject()
        {
            ScenarioContext.Current.Pending();
        }
        
        [Then(@"the user press ""(.*)"" on the keyboard")]
        public void ThenTheUserPressOnTheKeyboard(string p0)
        {
            ScenarioContext.Current.Pending();
        }
        
        [Then(@"the user rename the object with ""(.*)""")]
        public void ThenTheUserRenameTheObjectWith(string text0)
        {
            ScenarioContext.Current.Pending();
        }
        
        [Then(@"the user press the enter key on the keyboard")]
        public void ThenTheUserPressTheEnterKeyOnTheKeyboard()
        {
            ScenarioContext.Current.Pending();
        }
        
        [Then(@"the user click the ok button")]
        public void ThenTheUserClickTheOkButton()
        {
            ScenarioContext.Current.Pending();
        }
    }
}
]]></message>
                    </reason>
                  </test-case>
                </results>
              </test-suite>
              <test-suite type="TestFixture" name="InsertableObjectDescriptionFeature" description="Insertable Object Description" executed="True" result="Success" success="True" time="16.891" asserts="0">
                <properties>
                  <property name="Description" value="Insertable Object Description" />
                </properties>
                <results>
                  <test-case name="SAM.Features.InsertableObjectDescriptionFeature.FolderExpandUsingLeftRightArrowKey" description="Folder Expand using leftRight Arrow key" executed="True" result="Inconclusive" success="False" time="0.008" asserts="0">
                    <categories>
                      <category name="mytag" />
                    </categories>
                    <properties>
                      <property name="Description" value="Folder Expand using leftRight Arrow key" />
                    </properties>
                    <reason>
                      <message><![CDATA[No matching step definition found for one or more steps.
using System;
using TechTalk.SpecFlow;

namespace MyNamespace
{
    [Binding]
    public class StepDefinitions
    {
        [Given(@"the press the ""(.*)"" key on the keyboard")]
        public void GivenThePressTheKeyOnTheKeyboard(string p0)
        {
            ScenarioContext.Current.Pending();
        }
        
        [Given(@"the user press the ""(.*)"" key on the keyboard")]
        public void GivenTheUserPressTheKeyOnTheKeyboard(string p0)
        {
            ScenarioContext.Current.Pending();
        }
        
        [Then(@"the user folder item collapse on the design explorer")]
        public void ThenTheUserFolderItemCollapseOnTheDesignExplorer()
        {
            ScenarioContext.Current.Pending();
        }
    }
}
]]></message>
                    </reason>
                  </test-case>
                  <test-case name="SAM.Features.InsertableObjectDescriptionFeature.FolderGroupingOfObject" description="Folder Grouping of object" executed="True" result="Inconclusive" success="False" time="0.016" asserts="0">
                    <categories>
                      <category name="mytag" />
                    </categories>
                    <properties>
                      <property name="Description" value="Folder Grouping of object" />
                    </properties>
                    <reason>
                      <message><![CDATA[No matching step definition found for one or more steps.
using System;
using TechTalk.SpecFlow;

namespace MyNamespace
{
    [Binding]
    public class StepDefinitions
    {
        [Given(@"the user clicks on the Insert button")]
        public void GivenTheUserClicksOnTheInsertButton()
        {
            ScenarioContext.Current.Pending();
        }
        
        [Given(@"the user double click an object placeholder")]
        public void GivenTheUserDoubleClickAnObjectPlaceholder()
        {
            ScenarioContext.Current.Pending();
        }
        
        [Given(@"the user click an object")]
        public void GivenTheUserClickAnObject()
        {
            ScenarioContext.Current.Pending();
        }
        
        [Given(@"the object should be inserted in the design explorer")]
        public void GivenTheObjectShouldBeInsertedInTheDesignExplorer()
        {
            ScenarioContext.Current.Pending();
        }
        
        [Then(@"the structure is one level deep")]
        public void ThenTheStructureIsOneLevelDeep()
        {
            ScenarioContext.Current.Pending();
        }
    }
}
]]></message>
                    </reason>
                  </test-case>
                  <test-case name="SAM.Features.InsertableObjectDescriptionFeature.InsertableObjectDescription" description="Insertable Object Description" executed="True" result="Inconclusive" success="False" time="16.866" asserts="0">
                    <categories>
                      <category name="mytag" />
                    </categories>
                    <properties>
                      <property name="Description" value="Insertable Object Description" />
                    </properties>
                    <reason>
                      <message><![CDATA[No matching step definition found for one or more steps.
using System;
using TechTalk.SpecFlow;

namespace MyNamespace
{
    [Binding]
    public class StepDefinitions
    {
        [Then(@"the user click an object")]
        public void ThenTheUserClickAnObject()
        {
            ScenarioContext.Current.Pending();
        }
        
        [Then(@"the object will have the following ""(.*)""")]
        public void ThenTheObjectWillHaveTheFollowing(string description0)
        {
            ScenarioContext.Current.Pending();
        }
        
        [Then(@"the user click the ok button")]
        public void ThenTheUserClickTheOkButton()
        {
            ScenarioContext.Current.Pending();
        }
    }
}
]]></message>
                    </reason>
                  </test-case>
                </results>
              </test-suite>
              <test-suite type="TestFixture" name="InsertingMutipleObjectFeature" description="Inserting Mutiple Object" executed="True" result="Failure" success="False" time="204.018" asserts="0">
                <properties>
                  <property name="Description" value="Inserting Mutiple Object" />
                </properties>
                <failure>
                  <message><![CDATA[One or more child tests had errors]]></message>
                  <stack-trace />
                </failure>
                <results>
                  <test-case name="SAM.Features.InsertingMutipleObjectFeature.InsertMutipleObjectUsingColon" description="Insert mutiple object Using Colon" executed="True" result="Success" success="True" time="15.174" asserts="0">
                    <categories>
                      <category name="insert" />
                    </categories>
                    <properties>
                      <property name="Description" value="Insert mutiple object Using Colon" />
                    </properties>
                  </test-case>
                  <test-suite type="ParameterizedTest" name="InsertMutipleObjectUsingComma" description="Insert mutiple object Using Comma" executed="True" result="Failure" success="False" time="156.582" asserts="0">
                    <categories>
                      <category name="insert" />
                    </categories>
                    <properties>
                      <property name="Description" value="Insert mutiple object Using Comma" />
                    </properties>
                    <failure>
                      <message><![CDATA[One or more child tests had errors]]></message>
                      <stack-trace />
                    </failure>
                    <results>
                      <test-case name="SAM.Features.InsertingMutipleObjectFeature.InsertMutipleObjectUsingComma(&quot;geom placeholder&quot;,&quot;b1, b2, b3, b4&quot;,null)" executed="True" result="Error" success="False" time="156.581" asserts="0">
                        <failure>
                          <message><![CDATA[OpenQA.Selenium.WebDriverException : The HTTP request to the remote WebDriver server for URL http://127.0.0.1:4723/session/DC157C80-E5BA-4AC2-8A84-192A5EF1E40B/element timed out after 120 seconds.
  ----> System.Net.WebException : The request was aborted: The operation has timed out.]]></message>
                          <stack-trace><![CDATA[   at OpenQA.Selenium.Appium.Service.AppiumCommandExecutor.Execute(Command commandToExecute)
   at OpenQA.Selenium.Remote.RemoteWebDriver.Execute(String driverCommandToExecute, Dictionary`2 parameters)
   at OpenQA.Selenium.Remote.RemoteWebDriver.FindElement(String mechanism, String value)
   at OpenQA.Selenium.Appium.AppiumDriver`1.FindElementByName(String name)
   at SAM.WinFormObjects.InsertFormObject.get_editingControl() in C:\SAMAutomation\SAM\SAM\WinFormObjects\InsertFormObject.cs:line 25
   at SAM.WinFormObjects.InsertFormObject.ChangeObjectText(String text) in C:\SAMAutomation\SAM\SAM\WinFormObjects\InsertFormObject.cs:line 203
   at SAM.Steps.InsertSteps.GivenTheUserTypeAText(String text) in C:\SAMAutomation\SAM\SAM\Steps\InsertSteps.cs:line 42
   at TechTalk.SpecFlow.Bindings.BindingInvoker.InvokeBinding(IBinding binding, IContextManager contextManager, Object[] arguments, ITestTracer testTracer, TimeSpan& duration)
   at TechTalk.SpecFlow.Infrastructure.TestExecutionEngine.ExecuteStepMatch(BindingMatch match, Object[] arguments)
   at TechTalk.SpecFlow.Infrastructure.TestExecutionEngine.ExecuteStep(IContextManager contextManager, StepInstance stepInstance)
   at TechTalk.SpecFlow.Infrastructure.TestExecutionEngine.OnAfterLastStep()
   at TechTalk.SpecFlow.TestRunner.CollectScenarioErrors()
   at SAM.Features.InsertingMutipleObjectFeature.ScenarioCleanup()
   at SAM.Features.InsertingMutipleObjectFeature.InsertMutipleObjectUsingComma(String object, String text, String[] exampleTags) in C:\SAMAutomation\SAM\SAM\Features\InsertMutipleObject.feature:line 17
--WebException
   at System.Net.HttpWebRequest.GetResponse()
   at OpenQA.Selenium.Remote.HttpCommandExecutor.CreateResponse(WebRequest request)]]></stack-trace>
                        </failure>
                      </test-case>
                    </results>
                  </test-suite>
                  <test-case name="SAM.Features.InsertingMutipleObjectFeature.InsertMutipleObjectUsingPlusButton" description="Insert mutiple object using plus button" executed="True" result="Success" success="True" time="16.359" asserts="0">
                    <categories>
                      <category name="mytag" />
                    </categories>
                    <properties>
                      <property name="Description" value="Insert mutiple object using plus button" />
                    </properties>
                  </test-case>
                  <test-case name="SAM.Features.InsertingMutipleObjectFeature.InsertObjectUsingTheRightArrowKeyOnKeyboard" description="Insert object Using the Right Arrow key on Keyboard" executed="True" result="Success" success="True" time="15.902" asserts="0">
                    <categories>
                      <category name="mytag" />
                    </categories>
                    <properties>
                      <property name="Description" value="Insert object Using the Right Arrow key on Keyboard" />
                    </properties>
                  </test-case>
                </results>
              </test-suite>
              <test-suite type="TestFixture" name="InsertingObjectIsDisplayedFeature" description="Inserting Object Is Displayed" executed="True" result="Failure" success="False" time="925.737" asserts="0">
                <properties>
                  <property name="Description" value="Inserting Object Is Displayed" />
                </properties>
                <failure>
                  <message><![CDATA[One or more child tests had errors]]></message>
                  <stack-trace />
                </failure>
                <results>
                  <test-suite type="ParameterizedTest" name="InsertMiscellaneousObjectsDisplayed" description="Insert Miscellaneous objects displayed" executed="True" result="Failure" success="False" time="585.505" asserts="0">
                    <categories>
                      <category name="insert" />
                    </categories>
                    <properties>
                      <property name="Description" value="Insert Miscellaneous objects displayed" />
                    </properties>
                    <failure>
                      <message><![CDATA[One or more child tests had errors]]></message>
                      <stack-trace />
                    </failure>
                    <results>
                      <test-case name="SAM.Features.InsertingObjectIsDisplayedFeature.InsertMiscellaneousObjectsDisplayed(&quot;bitmap from file&quot;,null)" executed="True" result="Failure" success="False" time="23.928" asserts="0">
                        <failure>
                          <message><![CDATA[Expected boolean to be true because Insert Object is not displayed, but found False.]]></message>
                          <stack-trace><![CDATA[   at FluentAssertions.Execution.LateBoundTestFramework.Throw(String message) in C:\projects\fluentassertions-vf06b\Src\FluentAssertions\Execution\LateBoundTestFramework.cs:line 16
   at FluentAssertions.Execution.AssertionScope.FailWith(Func`1 failReasonFunc) in C:\projects\fluentassertions-vf06b\Src\FluentAssertions\Execution\AssertionScope.cs:line 181
   at FluentAssertions.Primitives.BooleanAssertions.BeTrue(String because, Object[] becauseArgs) in C:\projects\fluentassertions-vf06b\Src\FluentAssertions\Primitives\BooleanAssertions.cs:line 59
   at SAM.Steps.InsertSteps.ThenTheInsertObjectIsDisplayed(String objectText) in C:\SAMAutomation\SAM\SAM\Steps\InsertSteps.cs:line 33
   at TechTalk.SpecFlow.Bindings.BindingInvoker.InvokeBinding(IBinding binding, IContextManager contextManager, Object[] arguments, ITestTracer testTracer, TimeSpan& duration)
   at TechTalk.SpecFlow.Infrastructure.TestExecutionEngine.ExecuteStepMatch(BindingMatch match, Object[] arguments)
   at TechTalk.SpecFlow.Infrastructure.TestExecutionEngine.ExecuteStep(IContextManager contextManager, StepInstance stepInstance)
   at TechTalk.SpecFlow.Infrastructure.TestExecutionEngine.OnAfterLastStep()
   at TechTalk.SpecFlow.TestRunner.CollectScenarioErrors()
   at SAM.Features.InsertingObjectIsDisplayedFeature.ScenarioCleanup()
   at SAM.Features.InsertingObjectIsDisplayedFeature.InsertMiscellaneousObjectsDisplayed(String object, String[] exampleTags) in C:\SAMAutomation\SAM\SAM\Features\InsertObjectDisplayed.feature:line 50
]]></stack-trace>
                        </failure>
                      </test-case>
                      <test-case name="SAM.Features.InsertingObjectIsDisplayedFeature.InsertMiscellaneousObjectsDisplayed(&quot;report&quot;,null)" executed="True" result="Failure" success="False" time="23.545" asserts="0">
                        <failure>
                          <message><![CDATA[Expected boolean to be true because Insert Object is not displayed, but found False.]]></message>
                          <stack-trace><![CDATA[   at FluentAssertions.Execution.LateBoundTestFramework.Throw(String message) in C:\projects\fluentassertions-vf06b\Src\FluentAssertions\Execution\LateBoundTestFramework.cs:line 16
   at FluentAssertions.Execution.AssertionScope.FailWith(Func`1 failReasonFunc) in C:\projects\fluentassertions-vf06b\Src\FluentAssertions\Execution\AssertionScope.cs:line 181
   at FluentAssertions.Primitives.BooleanAssertions.BeTrue(String because, Object[] becauseArgs) in C:\projects\fluentassertions-vf06b\Src\FluentAssertions\Primitives\BooleanAssertions.cs:line 59
   at SAM.Steps.InsertSteps.ThenTheInsertObjectIsDisplayed(String objectText) in C:\SAMAutomation\SAM\SAM\Steps\InsertSteps.cs:line 33
   at TechTalk.SpecFlow.Bindings.BindingInvoker.InvokeBinding(IBinding binding, IContextManager contextManager, Object[] arguments, ITestTracer testTracer, TimeSpan& duration)
   at TechTalk.SpecFlow.Infrastructure.TestExecutionEngine.ExecuteStepMatch(BindingMatch match, Object[] arguments)
   at TechTalk.SpecFlow.Infrastructure.TestExecutionEngine.ExecuteStep(IContextManager contextManager, StepInstance stepInstance)
   at TechTalk.SpecFlow.Infrastructure.TestExecutionEngine.OnAfterLastStep()
   at TechTalk.SpecFlow.TestRunner.CollectScenarioErrors()
   at SAM.Features.InsertingObjectIsDisplayedFeature.ScenarioCleanup()
   at SAM.Features.InsertingObjectIsDisplayedFeature.InsertMiscellaneousObjectsDisplayed(String object, String[] exampleTags) in C:\SAMAutomation\SAM\SAM\Features\InsertObjectDisplayed.feature:line 50
]]></stack-trace>
                        </failure>
                      </test-case>
                      <test-case name="SAM.Features.InsertingObjectIsDisplayedFeature.InsertMiscellaneousObjectsDisplayed(&quot;design comparer&quot;,null)" executed="True" result="Failure" success="False" time="23.331" asserts="0">
                        <failure>
                          <message><![CDATA[Expected boolean to be true because Insert Object is not displayed, but found False.]]></message>
                          <stack-trace><![CDATA[   at FluentAssertions.Execution.LateBoundTestFramework.Throw(String message) in C:\projects\fluentassertions-vf06b\Src\FluentAssertions\Execution\LateBoundTestFramework.cs:line 16
   at FluentAssertions.Execution.AssertionScope.FailWith(Func`1 failReasonFunc) in C:\projects\fluentassertions-vf06b\Src\FluentAssertions\Execution\AssertionScope.cs:line 181
   at FluentAssertions.Primitives.BooleanAssertions.BeTrue(String because, Object[] becauseArgs) in C:\projects\fluentassertions-vf06b\Src\FluentAssertions\Primitives\BooleanAssertions.cs:line 59
   at SAM.Steps.InsertSteps.ThenTheInsertObjectIsDisplayed(String objectText) in C:\SAMAutomation\SAM\SAM\Steps\InsertSteps.cs:line 33
   at TechTalk.SpecFlow.Bindings.BindingInvoker.InvokeBinding(IBinding binding, IContextManager contextManager, Object[] arguments, ITestTracer testTracer, TimeSpan& duration)
   at TechTalk.SpecFlow.Infrastructure.TestExecutionEngine.ExecuteStepMatch(BindingMatch match, Object[] arguments)
   at TechTalk.SpecFlow.Infrastructure.TestExecutionEngine.ExecuteStep(IContextManager contextManager, StepInstance stepInstance)
   at TechTalk.SpecFlow.Infrastructure.TestExecutionEngine.OnAfterLastStep()
   at TechTalk.SpecFlow.TestRunner.CollectScenarioErrors()
   at SAM.Features.InsertingObjectIsDisplayedFeature.ScenarioCleanup()
   at SAM.Features.InsertingObjectIsDisplayedFeature.InsertMiscellaneousObjectsDisplayed(String object, String[] exampleTags) in C:\SAMAutomation\SAM\SAM\Features\InsertObjectDisplayed.feature:line 50
]]></stack-trace>
                        </failure>
                      </test-case>
                      <test-case name="SAM.Features.InsertingObjectIsDisplayedFeature.InsertMiscellaneousObjectsDisplayed(&quot;display capture&quot;,null)" executed="True" result="Failure" success="False" time="23.197" asserts="0">
                        <failure>
                          <message><![CDATA[Expected boolean to be true because Insert Object is not displayed, but found False.]]></message>
                          <stack-trace><![CDATA[   at FluentAssertions.Execution.LateBoundTestFramework.Throw(String message) in C:\projects\fluentassertions-vf06b\Src\FluentAssertions\Execution\LateBoundTestFramework.cs:line 16
   at FluentAssertions.Execution.AssertionScope.FailWith(Func`1 failReasonFunc) in C:\projects\fluentassertions-vf06b\Src\FluentAssertions\Execution\AssertionScope.cs:line 181
   at FluentAssertions.Primitives.BooleanAssertions.BeTrue(String because, Object[] becauseArgs) in C:\projects\fluentassertions-vf06b\Src\FluentAssertions\Primitives\BooleanAssertions.cs:line 59
   at SAM.Steps.InsertSteps.ThenTheInsertObjectIsDisplayed(String objectText) in C:\SAMAutomation\SAM\SAM\Steps\InsertSteps.cs:line 33
   at TechTalk.SpecFlow.Bindings.BindingInvoker.InvokeBinding(IBinding binding, IContextManager contextManager, Object[] arguments, ITestTracer testTracer, TimeSpan& duration)
   at TechTalk.SpecFlow.Infrastructure.TestExecutionEngine.ExecuteStepMatch(BindingMatch match, Object[] arguments)
   at TechTalk.SpecFlow.Infrastructure.TestExecutionEngine.ExecuteStep(IContextManager contextManager, StepInstance stepInstance)
   at TechTalk.SpecFlow.Infrastructure.TestExecutionEngine.OnAfterLastStep()
   at TechTalk.SpecFlow.TestRunner.CollectScenarioErrors()
   at SAM.Features.InsertingObjectIsDisplayedFeature.ScenarioCleanup()
   at SAM.Features.InsertingObjectIsDisplayedFeature.InsertMiscellaneousObjectsDisplayed(String object, String[] exampleTags) in C:\SAMAutomation\SAM\SAM\Features\InsertObjectDisplayed.feature:line 50
]]></stack-trace>
                        </failure>
                      </test-case>
                      <test-case name="SAM.Features.InsertingObjectIsDisplayedFeature.InsertMiscellaneousObjectsDisplayed(&quot;display case locker&quot;,null)" executed="True" result="Failure" success="False" time="23.718" asserts="0">
                        <failure>
                          <message><![CDATA[Expected boolean to be true because Insert Object is not displayed, but found False.]]></message>
                          <stack-trace><![CDATA[   at FluentAssertions.Execution.LateBoundTestFramework.Throw(String message) in C:\projects\fluentassertions-vf06b\Src\FluentAssertions\Execution\LateBoundTestFramework.cs:line 16
   at FluentAssertions.Execution.AssertionScope.FailWith(Func`1 failReasonFunc) in C:\projects\fluentassertions-vf06b\Src\FluentAssertions\Execution\AssertionScope.cs:line 181
   at FluentAssertions.Primitives.BooleanAssertions.BeTrue(String because, Object[] becauseArgs) in C:\projects\fluentassertions-vf06b\Src\FluentAssertions\Primitives\BooleanAssertions.cs:line 59
   at SAM.Steps.InsertSteps.ThenTheInsertObjectIsDisplayed(String objectText) in C:\SAMAutomation\SAM\SAM\Steps\InsertSteps.cs:line 33
   at TechTalk.SpecFlow.Bindings.BindingInvoker.InvokeBinding(IBinding binding, IContextManager contextManager, Object[] arguments, ITestTracer testTracer, TimeSpan& duration)
   at TechTalk.SpecFlow.Infrastructure.TestExecutionEngine.ExecuteStepMatch(BindingMatch match, Object[] arguments)
   at TechTalk.SpecFlow.Infrastructure.TestExecutionEngine.ExecuteStep(IContextManager contextManager, StepInstance stepInstance)
   at TechTalk.SpecFlow.Infrastructure.TestExecutionEngine.OnAfterLastStep()
   at TechTalk.SpecFlow.TestRunner.CollectScenarioErrors()
   at SAM.Features.InsertingObjectIsDisplayedFeature.ScenarioCleanup()
   at SAM.Features.InsertingObjectIsDisplayedFeature.InsertMiscellaneousObjectsDisplayed(String object, String[] exampleTags) in C:\SAMAutomation\SAM\SAM\Features\InsertObjectDisplayed.feature:line 50
]]></stack-trace>
                        </failure>
                      </test-case>
                      <test-case name="SAM.Features.InsertingObjectIsDisplayedFeature.InsertMiscellaneousObjectsDisplayed(&quot;drawing&quot;,null)" executed="True" result="Failure" success="False" time="23.298" asserts="0">
                        <failure>
                          <message><![CDATA[Expected boolean to be true because Insert Object is not displayed, but found False.]]></message>
                          <stack-trace><![CDATA[   at FluentAssertions.Execution.LateBoundTestFramework.Throw(String message) in C:\projects\fluentassertions-vf06b\Src\FluentAssertions\Execution\LateBoundTestFramework.cs:line 16
   at FluentAssertions.Execution.AssertionScope.FailWith(Func`1 failReasonFunc) in C:\projects\fluentassertions-vf06b\Src\FluentAssertions\Execution\AssertionScope.cs:line 181
   at FluentAssertions.Primitives.BooleanAssertions.BeTrue(String because, Object[] becauseArgs) in C:\projects\fluentassertions-vf06b\Src\FluentAssertions\Primitives\BooleanAssertions.cs:line 59
   at SAM.Steps.InsertSteps.ThenTheInsertObjectIsDisplayed(String objectText) in C:\SAMAutomation\SAM\SAM\Steps\InsertSteps.cs:line 33
   at TechTalk.SpecFlow.Bindings.BindingInvoker.InvokeBinding(IBinding binding, IContextManager contextManager, Object[] arguments, ITestTracer testTracer, TimeSpan& duration)
   at TechTalk.SpecFlow.Infrastructure.TestExecutionEngine.ExecuteStepMatch(BindingMatch match, Object[] arguments)
   at TechTalk.SpecFlow.Infrastructure.TestExecutionEngine.ExecuteStep(IContextManager contextManager, StepInstance stepInstance)
   at TechTalk.SpecFlow.Infrastructure.TestExecutionEngine.OnAfterLastStep()
   at TechTalk.SpecFlow.TestRunner.CollectScenarioErrors()
   at SAM.Features.InsertingObjectIsDisplayedFeature.ScenarioCleanup()
   at SAM.Features.InsertingObjectIsDisplayedFeature.InsertMiscellaneousObjectsDisplayed(String object, String[] exampleTags) in C:\SAMAutomation\SAM\SAM\Features\InsertObjectDisplayed.feature:line 50
]]></stack-trace>
                        </failure>
                      </test-case>
                      <test-case name="SAM.Features.InsertingObjectIsDisplayedFeature.InsertMiscellaneousObjectsDisplayed(&quot;earth axes workbook&quot;,null)" executed="True" result="Failure" success="False" time="23.056" asserts="0">
                        <failure>
                          <message><![CDATA[Expected boolean to be true because Insert Object is not displayed, but found False.]]></message>
                          <stack-trace><![CDATA[   at FluentAssertions.Execution.LateBoundTestFramework.Throw(String message) in C:\projects\fluentassertions-vf06b\Src\FluentAssertions\Execution\LateBoundTestFramework.cs:line 16
   at FluentAssertions.Execution.AssertionScope.FailWith(Func`1 failReasonFunc) in C:\projects\fluentassertions-vf06b\Src\FluentAssertions\Execution\AssertionScope.cs:line 181
   at FluentAssertions.Primitives.BooleanAssertions.BeTrue(String because, Object[] becauseArgs) in C:\projects\fluentassertions-vf06b\Src\FluentAssertions\Primitives\BooleanAssertions.cs:line 59
   at SAM.Steps.InsertSteps.ThenTheInsertObjectIsDisplayed(String objectText) in C:\SAMAutomation\SAM\SAM\Steps\InsertSteps.cs:line 33
   at TechTalk.SpecFlow.Bindings.BindingInvoker.InvokeBinding(IBinding binding, IContextManager contextManager, Object[] arguments, ITestTracer testTracer, TimeSpan& duration)
   at TechTalk.SpecFlow.Infrastructure.TestExecutionEngine.ExecuteStepMatch(BindingMatch match, Object[] arguments)
   at TechTalk.SpecFlow.Infrastructure.TestExecutionEngine.ExecuteStep(IContextManager contextManager, StepInstance stepInstance)
   at TechTalk.SpecFlow.Infrastructure.TestExecutionEngine.OnAfterLastStep()
   at TechTalk.SpecFlow.TestRunner.CollectScenarioErrors()
   at SAM.Features.InsertingObjectIsDisplayedFeature.ScenarioCleanup()
   at SAM.Features.InsertingObjectIsDisplayedFeature.InsertMiscellaneousObjectsDisplayed(String object, String[] exampleTags) in C:\SAMAutomation\SAM\SAM\Features\InsertObjectDisplayed.feature:line 50
]]></stack-trace>
                        </failure>
                      </test-case>
                      <test-case name="SAM.Features.InsertingObjectIsDisplayedFeature.InsertMiscellaneousObjectsDisplayed(&quot;excel workbook&quot;,null)" executed="True" result="Failure" success="False" time="23.417" asserts="0">
                        <failure>
                          <message><![CDATA[Expected boolean to be true because Insert Object is not displayed, but found False.]]></message>
                          <stack-trace><![CDATA[   at FluentAssertions.Execution.LateBoundTestFramework.Throw(String message) in C:\projects\fluentassertions-vf06b\Src\FluentAssertions\Execution\LateBoundTestFramework.cs:line 16
   at FluentAssertions.Execution.AssertionScope.FailWith(Func`1 failReasonFunc) in C:\projects\fluentassertions-vf06b\Src\FluentAssertions\Execution\AssertionScope.cs:line 181
   at FluentAssertions.Primitives.BooleanAssertions.BeTrue(String because, Object[] becauseArgs) in C:\projects\fluentassertions-vf06b\Src\FluentAssertions\Primitives\BooleanAssertions.cs:line 59
   at SAM.Steps.InsertSteps.ThenTheInsertObjectIsDisplayed(String objectText) in C:\SAMAutomation\SAM\SAM\Steps\InsertSteps.cs:line 33
   at TechTalk.SpecFlow.Bindings.BindingInvoker.InvokeBinding(IBinding binding, IContextManager contextManager, Object[] arguments, ITestTracer testTracer, TimeSpan& duration)
   at TechTalk.SpecFlow.Infrastructure.TestExecutionEngine.ExecuteStepMatch(BindingMatch match, Object[] arguments)
   at TechTalk.SpecFlow.Infrastructure.TestExecutionEngine.ExecuteStep(IContextManager contextManager, StepInstance stepInstance)
   at TechTalk.SpecFlow.Infrastructure.TestExecutionEngine.OnAfterLastStep()
   at TechTalk.SpecFlow.TestRunner.CollectScenarioErrors()
   at SAM.Features.InsertingObjectIsDisplayedFeature.ScenarioCleanup()
   at SAM.Features.InsertingObjectIsDisplayedFeature.InsertMiscellaneousObjectsDisplayed(String object, String[] exampleTags) in C:\SAMAutomation\SAM\SAM\Features\InsertObjectDisplayed.feature:line 50
]]></stack-trace>
                        </failure>
                      </test-case>
                      <test-case name="SAM.Features.InsertingObjectIsDisplayedFeature.InsertMiscellaneousObjectsDisplayed(&quot;fly through&quot;,null)" executed="True" result="Failure" success="False" time="23.300" asserts="0">
                        <failure>
                          <message><![CDATA[Expected boolean to be true because Insert Object is not displayed, but found False.]]></message>
                          <stack-trace><![CDATA[   at FluentAssertions.Execution.LateBoundTestFramework.Throw(String message) in C:\projects\fluentassertions-vf06b\Src\FluentAssertions\Execution\LateBoundTestFramework.cs:line 16
   at FluentAssertions.Execution.AssertionScope.FailWith(Func`1 failReasonFunc) in C:\projects\fluentassertions-vf06b\Src\FluentAssertions\Execution\AssertionScope.cs:line 181
   at FluentAssertions.Primitives.BooleanAssertions.BeTrue(String because, Object[] becauseArgs) in C:\projects\fluentassertions-vf06b\Src\FluentAssertions\Primitives\BooleanAssertions.cs:line 59
   at SAM.Steps.InsertSteps.ThenTheInsertObjectIsDisplayed(String objectText) in C:\SAMAutomation\SAM\SAM\Steps\InsertSteps.cs:line 33
   at TechTalk.SpecFlow.Bindings.BindingInvoker.InvokeBinding(IBinding binding, IContextManager contextManager, Object[] arguments, ITestTracer testTracer, TimeSpan& duration)
   at TechTalk.SpecFlow.Infrastructure.TestExecutionEngine.ExecuteStepMatch(BindingMatch match, Object[] arguments)
   at TechTalk.SpecFlow.Infrastructure.TestExecutionEngine.ExecuteStep(IContextManager contextManager, StepInstance stepInstance)
   at TechTalk.SpecFlow.Infrastructure.TestExecutionEngine.OnAfterLastStep()
   at TechTalk.SpecFlow.TestRunner.CollectScenarioErrors()
   at SAM.Features.InsertingObjectIsDisplayedFeature.ScenarioCleanup()
   at SAM.Features.InsertingObjectIsDisplayedFeature.InsertMiscellaneousObjectsDisplayed(String object, String[] exampleTags) in C:\SAMAutomation\SAM\SAM\Features\InsertObjectDisplayed.feature:line 50
]]></stack-trace>
                        </failure>
                      </test-case>
                      <test-case name="SAM.Features.InsertingObjectIsDisplayedFeature.InsertMiscellaneousObjectsDisplayed(&quot;front panel&quot;,null)" executed="True" result="Failure" success="False" time="23.492" asserts="0">
                        <failure>
                          <message><![CDATA[Expected boolean to be true because Insert Object is not displayed, but found False.]]></message>
                          <stack-trace><![CDATA[   at FluentAssertions.Execution.LateBoundTestFramework.Throw(String message) in C:\projects\fluentassertions-vf06b\Src\FluentAssertions\Execution\LateBoundTestFramework.cs:line 16
   at FluentAssertions.Execution.AssertionScope.FailWith(Func`1 failReasonFunc) in C:\projects\fluentassertions-vf06b\Src\FluentAssertions\Execution\AssertionScope.cs:line 181
   at FluentAssertions.Primitives.BooleanAssertions.BeTrue(String because, Object[] becauseArgs) in C:\projects\fluentassertions-vf06b\Src\FluentAssertions\Primitives\BooleanAssertions.cs:line 59
   at SAM.Steps.InsertSteps.ThenTheInsertObjectIsDisplayed(String objectText) in C:\SAMAutomation\SAM\SAM\Steps\InsertSteps.cs:line 33
   at TechTalk.SpecFlow.Bindings.BindingInvoker.InvokeBinding(IBinding binding, IContextManager contextManager, Object[] arguments, ITestTracer testTracer, TimeSpan& duration)
   at TechTalk.SpecFlow.Infrastructure.TestExecutionEngine.ExecuteStepMatch(BindingMatch match, Object[] arguments)
   at TechTalk.SpecFlow.Infrastructure.TestExecutionEngine.ExecuteStep(IContextManager contextManager, StepInstance stepInstance)
   at TechTalk.SpecFlow.Infrastructure.TestExecutionEngine.OnAfterLastStep()
   at TechTalk.SpecFlow.TestRunner.CollectScenarioErrors()
   at SAM.Features.InsertingObjectIsDisplayedFeature.ScenarioCleanup()
   at SAM.Features.InsertingObjectIsDisplayedFeature.InsertMiscellaneousObjectsDisplayed(String object, String[] exampleTags) in C:\SAMAutomation\SAM\SAM\Features\InsertObjectDisplayed.feature:line 50
]]></stack-trace>
                        </failure>
                      </test-case>
                      <test-case name="SAM.Features.InsertingObjectIsDisplayedFeature.InsertMiscellaneousObjectsDisplayed(&quot;goal seek&quot;,null)" executed="True" result="Failure" success="False" time="23.337" asserts="0">
                        <failure>
                          <message><![CDATA[Expected boolean to be true because Insert Object is not displayed, but found False.]]></message>
                          <stack-trace><![CDATA[   at FluentAssertions.Execution.LateBoundTestFramework.Throw(String message) in C:\projects\fluentassertions-vf06b\Src\FluentAssertions\Execution\LateBoundTestFramework.cs:line 16
   at FluentAssertions.Execution.AssertionScope.FailWith(Func`1 failReasonFunc) in C:\projects\fluentassertions-vf06b\Src\FluentAssertions\Execution\AssertionScope.cs:line 181
   at FluentAssertions.Primitives.BooleanAssertions.BeTrue(String because, Object[] becauseArgs) in C:\projects\fluentassertions-vf06b\Src\FluentAssertions\Primitives\BooleanAssertions.cs:line 59
   at SAM.Steps.InsertSteps.ThenTheInsertObjectIsDisplayed(String objectText) in C:\SAMAutomation\SAM\SAM\Steps\InsertSteps.cs:line 33
   at TechTalk.SpecFlow.Bindings.BindingInvoker.InvokeBinding(IBinding binding, IContextManager contextManager, Object[] arguments, ITestTracer testTracer, TimeSpan& duration)
   at TechTalk.SpecFlow.Infrastructure.TestExecutionEngine.ExecuteStepMatch(BindingMatch match, Object[] arguments)
   at TechTalk.SpecFlow.Infrastructure.TestExecutionEngine.ExecuteStep(IContextManager contextManager, StepInstance stepInstance)
   at TechTalk.SpecFlow.Infrastructure.TestExecutionEngine.OnAfterLastStep()
   at TechTalk.SpecFlow.TestRunner.CollectScenarioErrors()
   at SAM.Features.InsertingObjectIsDisplayedFeature.ScenarioCleanup()
   at SAM.Features.InsertingObjectIsDisplayedFeature.InsertMiscellaneousObjectsDisplayed(String object, String[] exampleTags) in C:\SAMAutomation\SAM\SAM\Features\InsertObjectDisplayed.feature:line 50
]]></stack-trace>
                        </failure>
                      </test-case>
                      <test-case name="SAM.Features.InsertingObjectIsDisplayedFeature.InsertMiscellaneousObjectsDisplayed(&quot;graph&quot;,null)" executed="True" result="Failure" success="False" time="25.743" asserts="0">
                        <failure>
                          <message><![CDATA[Expected boolean to be true because Insert Object is not displayed, but found False.]]></message>
                          <stack-trace><![CDATA[   at FluentAssertions.Execution.LateBoundTestFramework.Throw(String message) in C:\projects\fluentassertions-vf06b\Src\FluentAssertions\Execution\LateBoundTestFramework.cs:line 16
   at FluentAssertions.Execution.AssertionScope.FailWith(Func`1 failReasonFunc) in C:\projects\fluentassertions-vf06b\Src\FluentAssertions\Execution\AssertionScope.cs:line 181
   at FluentAssertions.Primitives.BooleanAssertions.BeTrue(String because, Object[] becauseArgs) in C:\projects\fluentassertions-vf06b\Src\FluentAssertions\Primitives\BooleanAssertions.cs:line 59
   at SAM.Steps.InsertSteps.ThenTheInsertObjectIsDisplayed(String objectText) in C:\SAMAutomation\SAM\SAM\Steps\InsertSteps.cs:line 33
   at TechTalk.SpecFlow.Bindings.BindingInvoker.InvokeBinding(IBinding binding, IContextManager contextManager, Object[] arguments, ITestTracer testTracer, TimeSpan& duration)
   at TechTalk.SpecFlow.Infrastructure.TestExecutionEngine.ExecuteStepMatch(BindingMatch match, Object[] arguments)
   at TechTalk.SpecFlow.Infrastructure.TestExecutionEngine.ExecuteStep(IContextManager contextManager, StepInstance stepInstance)
   at TechTalk.SpecFlow.Infrastructure.TestExecutionEngine.OnAfterLastStep()
   at TechTalk.SpecFlow.TestRunner.CollectScenarioErrors()
   at SAM.Features.InsertingObjectIsDisplayedFeature.ScenarioCleanup()
   at SAM.Features.InsertingObjectIsDisplayedFeature.InsertMiscellaneousObjectsDisplayed(String object, String[] exampleTags) in C:\SAMAutomation\SAM\SAM\Features\InsertObjectDisplayed.feature:line 50
]]></stack-trace>
                        </failure>
                      </test-case>
                      <test-case name="SAM.Features.InsertingObjectIsDisplayedFeature.InsertMiscellaneousObjectsDisplayed(&quot;graph 2Y&quot;,null)" executed="True" result="Failure" success="False" time="23.115" asserts="0">
                        <failure>
                          <message><![CDATA[Expected boolean to be true because Insert Object is not displayed, but found False.]]></message>
                          <stack-trace><![CDATA[   at FluentAssertions.Execution.LateBoundTestFramework.Throw(String message) in C:\projects\fluentassertions-vf06b\Src\FluentAssertions\Execution\LateBoundTestFramework.cs:line 16
   at FluentAssertions.Execution.AssertionScope.FailWith(Func`1 failReasonFunc) in C:\projects\fluentassertions-vf06b\Src\FluentAssertions\Execution\AssertionScope.cs:line 181
   at FluentAssertions.Primitives.BooleanAssertions.BeTrue(String because, Object[] becauseArgs) in C:\projects\fluentassertions-vf06b\Src\FluentAssertions\Primitives\BooleanAssertions.cs:line 59
   at SAM.Steps.InsertSteps.ThenTheInsertObjectIsDisplayed(String objectText) in C:\SAMAutomation\SAM\SAM\Steps\InsertSteps.cs:line 33
   at TechTalk.SpecFlow.Bindings.BindingInvoker.InvokeBinding(IBinding binding, IContextManager contextManager, Object[] arguments, ITestTracer testTracer, TimeSpan& duration)
   at TechTalk.SpecFlow.Infrastructure.TestExecutionEngine.ExecuteStepMatch(BindingMatch match, Object[] arguments)
   at TechTalk.SpecFlow.Infrastructure.TestExecutionEngine.ExecuteStep(IContextManager contextManager, StepInstance stepInstance)
   at TechTalk.SpecFlow.Infrastructure.TestExecutionEngine.OnAfterLastStep()
   at TechTalk.SpecFlow.TestRunner.CollectScenarioErrors()
   at SAM.Features.InsertingObjectIsDisplayedFeature.ScenarioCleanup()
   at SAM.Features.InsertingObjectIsDisplayedFeature.InsertMiscellaneousObjectsDisplayed(String object, String[] exampleTags) in C:\SAMAutomation\SAM\SAM\Features\InsertObjectDisplayed.feature:line 50
]]></stack-trace>
                        </failure>
                      </test-case>
                      <test-case name="SAM.Features.InsertingObjectIsDisplayedFeature.InsertMiscellaneousObjectsDisplayed(&quot;graph polar&quot;,null)" executed="True" result="Failure" success="False" time="23.572" asserts="0">
                        <failure>
                          <message><![CDATA[Expected boolean to be true because Insert Object is not displayed, but found False.]]></message>
                          <stack-trace><![CDATA[   at FluentAssertions.Execution.LateBoundTestFramework.Throw(String message) in C:\projects\fluentassertions-vf06b\Src\FluentAssertions\Execution\LateBoundTestFramework.cs:line 16
   at FluentAssertions.Execution.AssertionScope.FailWith(Func`1 failReasonFunc) in C:\projects\fluentassertions-vf06b\Src\FluentAssertions\Execution\AssertionScope.cs:line 181
   at FluentAssertions.Primitives.BooleanAssertions.BeTrue(String because, Object[] becauseArgs) in C:\projects\fluentassertions-vf06b\Src\FluentAssertions\Primitives\BooleanAssertions.cs:line 59
   at SAM.Steps.InsertSteps.ThenTheInsertObjectIsDisplayed(String objectText) in C:\SAMAutomation\SAM\SAM\Steps\InsertSteps.cs:line 33
   at TechTalk.SpecFlow.Bindings.BindingInvoker.InvokeBinding(IBinding binding, IContextManager contextManager, Object[] arguments, ITestTracer testTracer, TimeSpan& duration)
   at TechTalk.SpecFlow.Infrastructure.TestExecutionEngine.ExecuteStepMatch(BindingMatch match, Object[] arguments)
   at TechTalk.SpecFlow.Infrastructure.TestExecutionEngine.ExecuteStep(IContextManager contextManager, StepInstance stepInstance)
   at TechTalk.SpecFlow.Infrastructure.TestExecutionEngine.OnAfterLastStep()
   at TechTalk.SpecFlow.TestRunner.CollectScenarioErrors()
   at SAM.Features.InsertingObjectIsDisplayedFeature.ScenarioCleanup()
   at SAM.Features.InsertingObjectIsDisplayedFeature.InsertMiscellaneousObjectsDisplayed(String object, String[] exampleTags) in C:\SAMAutomation\SAM\SAM\Features\InsertObjectDisplayed.feature:line 50
]]></stack-trace>
                        </failure>
                      </test-case>
                      <test-case name="SAM.Features.InsertingObjectIsDisplayedFeature.InsertMiscellaneousObjectsDisplayed(&quot;spreadsheet&quot;,null)" executed="True" result="Failure" success="False" time="23.073" asserts="0">
                        <failure>
                          <message><![CDATA[Expected boolean to be true because Insert Object is not displayed, but found False.]]></message>
                          <stack-trace><![CDATA[   at FluentAssertions.Execution.LateBoundTestFramework.Throw(String message) in C:\projects\fluentassertions-vf06b\Src\FluentAssertions\Execution\LateBoundTestFramework.cs:line 16
   at FluentAssertions.Execution.AssertionScope.FailWith(Func`1 failReasonFunc) in C:\projects\fluentassertions-vf06b\Src\FluentAssertions\Execution\AssertionScope.cs:line 181
   at FluentAssertions.Primitives.BooleanAssertions.BeTrue(String because, Object[] becauseArgs) in C:\projects\fluentassertions-vf06b\Src\FluentAssertions\Primitives\BooleanAssertions.cs:line 59
   at SAM.Steps.InsertSteps.ThenTheInsertObjectIsDisplayed(String objectText) in C:\SAMAutomation\SAM\SAM\Steps\InsertSteps.cs:line 33
   at TechTalk.SpecFlow.Bindings.BindingInvoker.InvokeBinding(IBinding binding, IContextManager contextManager, Object[] arguments, ITestTracer testTracer, TimeSpan& duration)
   at TechTalk.SpecFlow.Infrastructure.TestExecutionEngine.ExecuteStepMatch(BindingMatch match, Object[] arguments)
   at TechTalk.SpecFlow.Infrastructure.TestExecutionEngine.ExecuteStep(IContextManager contextManager, StepInstance stepInstance)
   at TechTalk.SpecFlow.Infrastructure.TestExecutionEngine.OnAfterLastStep()
   at TechTalk.SpecFlow.TestRunner.CollectScenarioErrors()
   at SAM.Features.InsertingObjectIsDisplayedFeature.ScenarioCleanup()
   at SAM.Features.InsertingObjectIsDisplayedFeature.InsertMiscellaneousObjectsDisplayed(String object, String[] exampleTags) in C:\SAMAutomation\SAM\SAM\Features\InsertObjectDisplayed.feature:line 50
]]></stack-trace>
                        </failure>
                      </test-case>
                      <test-case name="SAM.Features.InsertingObjectIsDisplayedFeature.InsertMiscellaneousObjectsDisplayed(&quot;switch object&quot;,null)" executed="True" result="Failure" success="False" time="21.205" asserts="0">
                        <failure>
                          <message><![CDATA[Expected boolean to be true because Insert Object is not displayed, but found False.]]></message>
                          <stack-trace><![CDATA[   at FluentAssertions.Execution.LateBoundTestFramework.Throw(String message) in C:\projects\fluentassertions-vf06b\Src\FluentAssertions\Execution\LateBoundTestFramework.cs:line 16
   at FluentAssertions.Execution.AssertionScope.FailWith(Func`1 failReasonFunc) in C:\projects\fluentassertions-vf06b\Src\FluentAssertions\Execution\AssertionScope.cs:line 181
   at FluentAssertions.Primitives.BooleanAssertions.BeTrue(String because, Object[] becauseArgs) in C:\projects\fluentassertions-vf06b\Src\FluentAssertions\Primitives\BooleanAssertions.cs:line 59
   at SAM.Steps.InsertSteps.ThenTheInsertObjectIsDisplayed(String objectText) in C:\SAMAutomation\SAM\SAM\Steps\InsertSteps.cs:line 33
   at TechTalk.SpecFlow.Bindings.BindingInvoker.InvokeBinding(IBinding binding, IContextManager contextManager, Object[] arguments, ITestTracer testTracer, TimeSpan& duration)
   at TechTalk.SpecFlow.Infrastructure.TestExecutionEngine.ExecuteStepMatch(BindingMatch match, Object[] arguments)
   at TechTalk.SpecFlow.Infrastructure.TestExecutionEngine.ExecuteStep(IContextManager contextManager, StepInstance stepInstance)
   at TechTalk.SpecFlow.Infrastructure.TestExecutionEngine.OnAfterLastStep()
   at TechTalk.SpecFlow.TestRunner.CollectScenarioErrors()
   at SAM.Features.InsertingObjectIsDisplayedFeature.ScenarioCleanup()
   at SAM.Features.InsertingObjectIsDisplayedFeature.InsertMiscellaneousObjectsDisplayed(String object, String[] exampleTags) in C:\SAMAutomation\SAM\SAM\Features\InsertObjectDisplayed.feature:line 50
]]></stack-trace>
                        </failure>
                      </test-case>
                      <test-case name="SAM.Features.InsertingObjectIsDisplayedFeature.InsertMiscellaneousObjectsDisplayed(&quot;table custom user input&quot;,null)" executed="True" result="Failure" success="False" time="24.789" asserts="0">
                        <failure>
                          <message><![CDATA[Expected boolean to be true because Insert Object is not displayed, but found False.]]></message>
                          <stack-trace><![CDATA[   at FluentAssertions.Execution.LateBoundTestFramework.Throw(String message) in C:\projects\fluentassertions-vf06b\Src\FluentAssertions\Execution\LateBoundTestFramework.cs:line 16
   at FluentAssertions.Execution.AssertionScope.FailWith(Func`1 failReasonFunc) in C:\projects\fluentassertions-vf06b\Src\FluentAssertions\Execution\AssertionScope.cs:line 181
   at FluentAssertions.Primitives.BooleanAssertions.BeTrue(String because, Object[] becauseArgs) in C:\projects\fluentassertions-vf06b\Src\FluentAssertions\Primitives\BooleanAssertions.cs:line 59
   at SAM.Steps.InsertSteps.ThenTheInsertObjectIsDisplayed(String objectText) in C:\SAMAutomation\SAM\SAM\Steps\InsertSteps.cs:line 33
   at TechTalk.SpecFlow.Bindings.BindingInvoker.InvokeBinding(IBinding binding, IContextManager contextManager, Object[] arguments, ITestTracer testTracer, TimeSpan& duration)
   at TechTalk.SpecFlow.Infrastructure.TestExecutionEngine.ExecuteStepMatch(BindingMatch match, Object[] arguments)
   at TechTalk.SpecFlow.Infrastructure.TestExecutionEngine.ExecuteStep(IContextManager contextManager, StepInstance stepInstance)
   at TechTalk.SpecFlow.Infrastructure.TestExecutionEngine.OnAfterLastStep()
   at TechTalk.SpecFlow.TestRunner.CollectScenarioErrors()
   at SAM.Features.InsertingObjectIsDisplayedFeature.ScenarioCleanup()
   at SAM.Features.InsertingObjectIsDisplayedFeature.InsertMiscellaneousObjectsDisplayed(String object, String[] exampleTags) in C:\SAMAutomation\SAM\SAM\Features\InsertObjectDisplayed.feature:line 50
]]></stack-trace>
                        </failure>
                      </test-case>
                      <test-case name="SAM.Features.InsertingObjectIsDisplayedFeature.InsertMiscellaneousObjectsDisplayed(&quot;tag&quot;,null)" executed="True" result="Failure" success="False" time="23.611" asserts="0">
                        <failure>
                          <message><![CDATA[Expected boolean to be true because Insert Object is not displayed, but found False.]]></message>
                          <stack-trace><![CDATA[   at FluentAssertions.Execution.LateBoundTestFramework.Throw(String message) in C:\projects\fluentassertions-vf06b\Src\FluentAssertions\Execution\LateBoundTestFramework.cs:line 16
   at FluentAssertions.Execution.AssertionScope.FailWith(Func`1 failReasonFunc) in C:\projects\fluentassertions-vf06b\Src\FluentAssertions\Execution\AssertionScope.cs:line 181
   at FluentAssertions.Primitives.BooleanAssertions.BeTrue(String because, Object[] becauseArgs) in C:\projects\fluentassertions-vf06b\Src\FluentAssertions\Primitives\BooleanAssertions.cs:line 59
   at SAM.Steps.InsertSteps.ThenTheInsertObjectIsDisplayed(String objectText) in C:\SAMAutomation\SAM\SAM\Steps\InsertSteps.cs:line 33
   at TechTalk.SpecFlow.Bindings.BindingInvoker.InvokeBinding(IBinding binding, IContextManager contextManager, Object[] arguments, ITestTracer testTracer, TimeSpan& duration)
   at TechTalk.SpecFlow.Infrastructure.TestExecutionEngine.ExecuteStepMatch(BindingMatch match, Object[] arguments)
   at TechTalk.SpecFlow.Infrastructure.TestExecutionEngine.ExecuteStep(IContextManager contextManager, StepInstance stepInstance)
   at TechTalk.SpecFlow.Infrastructure.TestExecutionEngine.OnAfterLastStep()
   at TechTalk.SpecFlow.TestRunner.CollectScenarioErrors()
   at SAM.Features.InsertingObjectIsDisplayedFeature.ScenarioCleanup()
   at SAM.Features.InsertingObjectIsDisplayedFeature.InsertMiscellaneousObjectsDisplayed(String object, String[] exampleTags) in C:\SAMAutomation\SAM\SAM\Features\InsertObjectDisplayed.feature:line 50
]]></stack-trace>
                        </failure>
                      </test-case>
                      <test-case name="SAM.Features.InsertingObjectIsDisplayedFeature.InsertMiscellaneousObjectsDisplayed(&quot;texture map&quot;,null)" executed="True" result="Failure" success="False" time="23.354" asserts="0">
                        <failure>
                          <message><![CDATA[Expected boolean to be true because Insert Object is not displayed, but found False.]]></message>
                          <stack-trace><![CDATA[   at FluentAssertions.Execution.LateBoundTestFramework.Throw(String message) in C:\projects\fluentassertions-vf06b\Src\FluentAssertions\Execution\LateBoundTestFramework.cs:line 16
   at FluentAssertions.Execution.AssertionScope.FailWith(Func`1 failReasonFunc) in C:\projects\fluentassertions-vf06b\Src\FluentAssertions\Execution\AssertionScope.cs:line 181
   at FluentAssertions.Primitives.BooleanAssertions.BeTrue(String because, Object[] becauseArgs) in C:\projects\fluentassertions-vf06b\Src\FluentAssertions\Primitives\BooleanAssertions.cs:line 59
   at SAM.Steps.InsertSteps.ThenTheInsertObjectIsDisplayed(String objectText) in C:\SAMAutomation\SAM\SAM\Steps\InsertSteps.cs:line 33
   at TechTalk.SpecFlow.Bindings.BindingInvoker.InvokeBinding(IBinding binding, IContextManager contextManager, Object[] arguments, ITestTracer testTracer, TimeSpan& duration)
   at TechTalk.SpecFlow.Infrastructure.TestExecutionEngine.ExecuteStepMatch(BindingMatch match, Object[] arguments)
   at TechTalk.SpecFlow.Infrastructure.TestExecutionEngine.ExecuteStep(IContextManager contextManager, StepInstance stepInstance)
   at TechTalk.SpecFlow.Infrastructure.TestExecutionEngine.OnAfterLastStep()
   at TechTalk.SpecFlow.TestRunner.CollectScenarioErrors()
   at SAM.Features.InsertingObjectIsDisplayedFeature.ScenarioCleanup()
   at SAM.Features.InsertingObjectIsDisplayedFeature.InsertMiscellaneousObjectsDisplayed(String object, String[] exampleTags) in C:\SAMAutomation\SAM\SAM\Features\InsertObjectDisplayed.feature:line 50
]]></stack-trace>
                        </failure>
                      </test-case>
                      <test-case name="SAM.Features.InsertingObjectIsDisplayedFeature.InsertMiscellaneousObjectsDisplayed(&quot;var&quot;,null)" executed="True" result="Failure" success="False" time="22.909" asserts="0">
                        <failure>
                          <message><![CDATA[Expected boolean to be true because Insert Object is not displayed, but found False.]]></message>
                          <stack-trace><![CDATA[   at FluentAssertions.Execution.LateBoundTestFramework.Throw(String message) in C:\projects\fluentassertions-vf06b\Src\FluentAssertions\Execution\LateBoundTestFramework.cs:line 16
   at FluentAssertions.Execution.AssertionScope.FailWith(Func`1 failReasonFunc) in C:\projects\fluentassertions-vf06b\Src\FluentAssertions\Execution\AssertionScope.cs:line 181
   at FluentAssertions.Primitives.BooleanAssertions.BeTrue(String because, Object[] becauseArgs) in C:\projects\fluentassertions-vf06b\Src\FluentAssertions\Primitives\BooleanAssertions.cs:line 59
   at SAM.Steps.InsertSteps.ThenTheInsertObjectIsDisplayed(String objectText) in C:\SAMAutomation\SAM\SAM\Steps\InsertSteps.cs:line 33
   at TechTalk.SpecFlow.Bindings.BindingInvoker.InvokeBinding(IBinding binding, IContextManager contextManager, Object[] arguments, ITestTracer testTracer, TimeSpan& duration)
   at TechTalk.SpecFlow.Infrastructure.TestExecutionEngine.ExecuteStepMatch(BindingMatch match, Object[] arguments)
   at TechTalk.SpecFlow.Infrastructure.TestExecutionEngine.ExecuteStep(IContextManager contextManager, StepInstance stepInstance)
   at TechTalk.SpecFlow.Infrastructure.TestExecutionEngine.OnAfterLastStep()
   at TechTalk.SpecFlow.TestRunner.CollectScenarioErrors()
   at SAM.Features.InsertingObjectIsDisplayedFeature.ScenarioCleanup()
   at SAM.Features.InsertingObjectIsDisplayedFeature.InsertMiscellaneousObjectsDisplayed(String object, String[] exampleTags) in C:\SAMAutomation\SAM\SAM\Features\InsertObjectDisplayed.feature:line 50
]]></stack-trace>
                        </failure>
                      </test-case>
                      <test-case name="SAM.Features.InsertingObjectIsDisplayedFeature.InsertMiscellaneousObjectsDisplayed(&quot;weight&quot;,null)" executed="True" result="Failure" success="False" time="22.713" asserts="0">
                        <failure>
                          <message><![CDATA[Expected boolean to be true because Insert Object is not displayed, but found False.]]></message>
                          <stack-trace><![CDATA[   at FluentAssertions.Execution.LateBoundTestFramework.Throw(String message) in C:\projects\fluentassertions-vf06b\Src\FluentAssertions\Execution\LateBoundTestFramework.cs:line 16
   at FluentAssertions.Execution.AssertionScope.FailWith(Func`1 failReasonFunc) in C:\projects\fluentassertions-vf06b\Src\FluentAssertions\Execution\AssertionScope.cs:line 181
   at FluentAssertions.Primitives.BooleanAssertions.BeTrue(String because, Object[] becauseArgs) in C:\projects\fluentassertions-vf06b\Src\FluentAssertions\Primitives\BooleanAssertions.cs:line 59
   at SAM.Steps.InsertSteps.ThenTheInsertObjectIsDisplayed(String objectText) in C:\SAMAutomation\SAM\SAM\Steps\InsertSteps.cs:line 33
   at TechTalk.SpecFlow.Bindings.BindingInvoker.InvokeBinding(IBinding binding, IContextManager contextManager, Object[] arguments, ITestTracer testTracer, TimeSpan& duration)
   at TechTalk.SpecFlow.Infrastructure.TestExecutionEngine.ExecuteStepMatch(BindingMatch match, Object[] arguments)
   at TechTalk.SpecFlow.Infrastructure.TestExecutionEngine.ExecuteStep(IContextManager contextManager, StepInstance stepInstance)
   at TechTalk.SpecFlow.Infrastructure.TestExecutionEngine.OnAfterLastStep()
   at TechTalk.SpecFlow.TestRunner.CollectScenarioErrors()
   at SAM.Features.InsertingObjectIsDisplayedFeature.ScenarioCleanup()
   at SAM.Features.InsertingObjectIsDisplayedFeature.InsertMiscellaneousObjectsDisplayed(String object, String[] exampleTags) in C:\SAMAutomation\SAM\SAM\Features\InsertObjectDisplayed.feature:line 50
]]></stack-trace>
                        </failure>
                      </test-case>
                      <test-case name="SAM.Features.InsertingObjectIsDisplayedFeature.InsertMiscellaneousObjectsDisplayed(&quot;weight distribution&quot;,null)" executed="True" result="Failure" success="False" time="23.466" asserts="0">
                        <failure>
                          <message><![CDATA[Expected boolean to be true because Insert Object is not displayed, but found False.]]></message>
                          <stack-trace><![CDATA[   at FluentAssertions.Execution.LateBoundTestFramework.Throw(String message) in C:\projects\fluentassertions-vf06b\Src\FluentAssertions\Execution\LateBoundTestFramework.cs:line 16
   at FluentAssertions.Execution.AssertionScope.FailWith(Func`1 failReasonFunc) in C:\projects\fluentassertions-vf06b\Src\FluentAssertions\Execution\AssertionScope.cs:line 181
   at FluentAssertions.Primitives.BooleanAssertions.BeTrue(String because, Object[] becauseArgs) in C:\projects\fluentassertions-vf06b\Src\FluentAssertions\Primitives\BooleanAssertions.cs:line 59
   at SAM.Steps.InsertSteps.ThenTheInsertObjectIsDisplayed(String objectText) in C:\SAMAutomation\SAM\SAM\Steps\InsertSteps.cs:line 33
   at TechTalk.SpecFlow.Bindings.BindingInvoker.InvokeBinding(IBinding binding, IContextManager contextManager, Object[] arguments, ITestTracer testTracer, TimeSpan& duration)
   at TechTalk.SpecFlow.Infrastructure.TestExecutionEngine.ExecuteStepMatch(BindingMatch match, Object[] arguments)
   at TechTalk.SpecFlow.Infrastructure.TestExecutionEngine.ExecuteStep(IContextManager contextManager, StepInstance stepInstance)
   at TechTalk.SpecFlow.Infrastructure.TestExecutionEngine.OnAfterLastStep()
   at TechTalk.SpecFlow.TestRunner.CollectScenarioErrors()
   at SAM.Features.InsertingObjectIsDisplayedFeature.ScenarioCleanup()
   at SAM.Features.InsertingObjectIsDisplayedFeature.InsertMiscellaneousObjectsDisplayed(String object, String[] exampleTags) in C:\SAMAutomation\SAM\SAM\Features\InsertObjectDisplayed.feature:line 50
]]></stack-trace>
                        </failure>
                      </test-case>
                      <test-case name="SAM.Features.InsertingObjectIsDisplayedFeature.InsertMiscellaneousObjectsDisplayed(&quot;weight linear&quot;,null)" executed="True" result="Failure" success="False" time="23.527" asserts="0">
                        <failure>
                          <message><![CDATA[Expected boolean to be true because Insert Object is not displayed, but found False.]]></message>
                          <stack-trace><![CDATA[   at FluentAssertions.Execution.LateBoundTestFramework.Throw(String message) in C:\projects\fluentassertions-vf06b\Src\FluentAssertions\Execution\LateBoundTestFramework.cs:line 16
   at FluentAssertions.Execution.AssertionScope.FailWith(Func`1 failReasonFunc) in C:\projects\fluentassertions-vf06b\Src\FluentAssertions\Execution\AssertionScope.cs:line 181
   at FluentAssertions.Primitives.BooleanAssertions.BeTrue(String because, Object[] becauseArgs) in C:\projects\fluentassertions-vf06b\Src\FluentAssertions\Primitives\BooleanAssertions.cs:line 59
   at SAM.Steps.InsertSteps.ThenTheInsertObjectIsDisplayed(String objectText) in C:\SAMAutomation\SAM\SAM\Steps\InsertSteps.cs:line 33
   at TechTalk.SpecFlow.Bindings.BindingInvoker.InvokeBinding(IBinding binding, IContextManager contextManager, Object[] arguments, ITestTracer testTracer, TimeSpan& duration)
   at TechTalk.SpecFlow.Infrastructure.TestExecutionEngine.ExecuteStepMatch(BindingMatch match, Object[] arguments)
   at TechTalk.SpecFlow.Infrastructure.TestExecutionEngine.ExecuteStep(IContextManager contextManager, StepInstance stepInstance)
   at TechTalk.SpecFlow.Infrastructure.TestExecutionEngine.OnAfterLastStep()
   at TechTalk.SpecFlow.TestRunner.CollectScenarioErrors()
   at SAM.Features.InsertingObjectIsDisplayedFeature.ScenarioCleanup()
   at SAM.Features.InsertingObjectIsDisplayedFeature.InsertMiscellaneousObjectsDisplayed(String object, String[] exampleTags) in C:\SAMAutomation\SAM\SAM\Features\InsertObjectDisplayed.feature:line 50
]]></stack-trace>
                        </failure>
                      </test-case>
                      <test-case name="SAM.Features.InsertingObjectIsDisplayedFeature.InsertMiscellaneousObjectsDisplayed(&quot;weight linear start end&quot;,null)" executed="True" result="Failure" success="False" time="23.474" asserts="0">
                        <failure>
                          <message><![CDATA[Expected boolean to be true because Insert Object is not displayed, but found False.]]></message>
                          <stack-trace><![CDATA[   at FluentAssertions.Execution.LateBoundTestFramework.Throw(String message) in C:\projects\fluentassertions-vf06b\Src\FluentAssertions\Execution\LateBoundTestFramework.cs:line 16
   at FluentAssertions.Execution.AssertionScope.FailWith(Func`1 failReasonFunc) in C:\projects\fluentassertions-vf06b\Src\FluentAssertions\Execution\AssertionScope.cs:line 181
   at FluentAssertions.Primitives.BooleanAssertions.BeTrue(String because, Object[] becauseArgs) in C:\projects\fluentassertions-vf06b\Src\FluentAssertions\Primitives\BooleanAssertions.cs:line 59
   at SAM.Steps.InsertSteps.ThenTheInsertObjectIsDisplayed(String objectText) in C:\SAMAutomation\SAM\SAM\Steps\InsertSteps.cs:line 33
   at TechTalk.SpecFlow.Bindings.BindingInvoker.InvokeBinding(IBinding binding, IContextManager contextManager, Object[] arguments, ITestTracer testTracer, TimeSpan& duration)
   at TechTalk.SpecFlow.Infrastructure.TestExecutionEngine.ExecuteStepMatch(BindingMatch match, Object[] arguments)
   at TechTalk.SpecFlow.Infrastructure.TestExecutionEngine.ExecuteStep(IContextManager contextManager, StepInstance stepInstance)
   at TechTalk.SpecFlow.Infrastructure.TestExecutionEngine.OnAfterLastStep()
   at TechTalk.SpecFlow.TestRunner.CollectScenarioErrors()
   at SAM.Features.InsertingObjectIsDisplayedFeature.ScenarioCleanup()
   at SAM.Features.InsertingObjectIsDisplayedFeature.InsertMiscellaneousObjectsDisplayed(String object, String[] exampleTags) in C:\SAMAutomation\SAM\SAM\Features\InsertObjectDisplayed.feature:line 50
]]></stack-trace>
                        </failure>
                      </test-case>
                      <test-case name="SAM.Features.InsertingObjectIsDisplayedFeature.InsertMiscellaneousObjectsDisplayed(&quot;weight summary&quot;,null)" executed="True" result="Failure" success="False" time="23.334" asserts="0">
                        <failure>
                          <message><![CDATA[Expected boolean to be true because Insert Object is not displayed, but found False.]]></message>
                          <stack-trace><![CDATA[   at FluentAssertions.Execution.LateBoundTestFramework.Throw(String message) in C:\projects\fluentassertions-vf06b\Src\FluentAssertions\Execution\LateBoundTestFramework.cs:line 16
   at FluentAssertions.Execution.AssertionScope.FailWith(Func`1 failReasonFunc) in C:\projects\fluentassertions-vf06b\Src\FluentAssertions\Execution\AssertionScope.cs:line 181
   at FluentAssertions.Primitives.BooleanAssertions.BeTrue(String because, Object[] becauseArgs) in C:\projects\fluentassertions-vf06b\Src\FluentAssertions\Primitives\BooleanAssertions.cs:line 59
   at SAM.Steps.InsertSteps.ThenTheInsertObjectIsDisplayed(String objectText) in C:\SAMAutomation\SAM\SAM\Steps\InsertSteps.cs:line 33
   at TechTalk.SpecFlow.Bindings.BindingInvoker.InvokeBinding(IBinding binding, IContextManager contextManager, Object[] arguments, ITestTracer testTracer, TimeSpan& duration)
   at TechTalk.SpecFlow.Infrastructure.TestExecutionEngine.ExecuteStepMatch(BindingMatch match, Object[] arguments)
   at TechTalk.SpecFlow.Infrastructure.TestExecutionEngine.ExecuteStep(IContextManager contextManager, StepInstance stepInstance)
   at TechTalk.SpecFlow.Infrastructure.TestExecutionEngine.OnAfterLastStep()
   at TechTalk.SpecFlow.TestRunner.CollectScenarioErrors()
   at SAM.Features.InsertingObjectIsDisplayedFeature.ScenarioCleanup()
   at SAM.Features.InsertingObjectIsDisplayedFeature.InsertMiscellaneousObjectsDisplayed(String object, String[] exampleTags) in C:\SAMAutomation\SAM\SAM\Features\InsertObjectDisplayed.feature:line 50
]]></stack-trace>
                        </failure>
                      </test-case>
                    </results>
                  </test-suite>
                  <test-suite type="ParameterizedTest" name="InsertOutputObjectsDisplayed" description="Insert Output objects displayed" executed="True" result="Failure" success="False" time="191.599" asserts="0">
                    <categories>
                      <category name="insert" />
                    </categories>
                    <properties>
                      <property name="Description" value="Insert Output objects displayed" />
                    </properties>
                    <failure>
                      <message><![CDATA[One or more child tests had errors]]></message>
                      <stack-trace />
                    </failure>
                    <results>
                      <test-case name="SAM.Features.InsertingObjectIsDisplayedFeature.InsertOutputObjectsDisplayed(&quot;graph diagram&quot;,null)" executed="True" result="Failure" success="False" time="23.624" asserts="0">
                        <failure>
                          <message><![CDATA[Expected boolean to be true because Insert Object is not displayed, but found False.]]></message>
                          <stack-trace><![CDATA[   at FluentAssertions.Execution.LateBoundTestFramework.Throw(String message) in C:\projects\fluentassertions-vf06b\Src\FluentAssertions\Execution\LateBoundTestFramework.cs:line 16
   at FluentAssertions.Execution.AssertionScope.FailWith(Func`1 failReasonFunc) in C:\projects\fluentassertions-vf06b\Src\FluentAssertions\Execution\AssertionScope.cs:line 181
   at FluentAssertions.Primitives.BooleanAssertions.BeTrue(String because, Object[] becauseArgs) in C:\projects\fluentassertions-vf06b\Src\FluentAssertions\Primitives\BooleanAssertions.cs:line 59
   at SAM.Steps.InsertSteps.ThenTheInsertObjectIsDisplayed(String objectText) in C:\SAMAutomation\SAM\SAM\Steps\InsertSteps.cs:line 33
   at TechTalk.SpecFlow.Bindings.BindingInvoker.InvokeBinding(IBinding binding, IContextManager contextManager, Object[] arguments, ITestTracer testTracer, TimeSpan& duration)
   at TechTalk.SpecFlow.Infrastructure.TestExecutionEngine.ExecuteStepMatch(BindingMatch match, Object[] arguments)
   at TechTalk.SpecFlow.Infrastructure.TestExecutionEngine.ExecuteStep(IContextManager contextManager, StepInstance stepInstance)
   at TechTalk.SpecFlow.Infrastructure.TestExecutionEngine.OnAfterLastStep()
   at TechTalk.SpecFlow.TestRunner.CollectScenarioErrors()
   at SAM.Features.InsertingObjectIsDisplayedFeature.ScenarioCleanup()
   at SAM.Features.InsertingObjectIsDisplayedFeature.InsertOutputObjectsDisplayed(String object, String[] exampleTags) in C:\SAMAutomation\SAM\SAM\Features\InsertObjectDisplayed.feature:line 29
]]></stack-trace>
                        </failure>
                      </test-case>
                      <test-case name="SAM.Features.InsertingObjectIsDisplayedFeature.InsertOutputObjectsDisplayed(&quot;report&quot;,null)" executed="True" result="Failure" success="False" time="22.870" asserts="0">
                        <failure>
                          <message><![CDATA[Expected boolean to be true because Insert Object is not displayed, but found False.]]></message>
                          <stack-trace><![CDATA[   at FluentAssertions.Execution.LateBoundTestFramework.Throw(String message) in C:\projects\fluentassertions-vf06b\Src\FluentAssertions\Execution\LateBoundTestFramework.cs:line 16
   at FluentAssertions.Execution.AssertionScope.FailWith(Func`1 failReasonFunc) in C:\projects\fluentassertions-vf06b\Src\FluentAssertions\Execution\AssertionScope.cs:line 181
   at FluentAssertions.Primitives.BooleanAssertions.BeTrue(String because, Object[] becauseArgs) in C:\projects\fluentassertions-vf06b\Src\FluentAssertions\Primitives\BooleanAssertions.cs:line 59
   at SAM.Steps.InsertSteps.ThenTheInsertObjectIsDisplayed(String objectText) in C:\SAMAutomation\SAM\SAM\Steps\InsertSteps.cs:line 33
   at TechTalk.SpecFlow.Bindings.BindingInvoker.InvokeBinding(IBinding binding, IContextManager contextManager, Object[] arguments, ITestTracer testTracer, TimeSpan& duration)
   at TechTalk.SpecFlow.Infrastructure.TestExecutionEngine.ExecuteStepMatch(BindingMatch match, Object[] arguments)
   at TechTalk.SpecFlow.Infrastructure.TestExecutionEngine.ExecuteStep(IContextManager contextManager, StepInstance stepInstance)
   at TechTalk.SpecFlow.Infrastructure.TestExecutionEngine.OnAfterLastStep()
   at TechTalk.SpecFlow.TestRunner.CollectScenarioErrors()
   at SAM.Features.InsertingObjectIsDisplayedFeature.ScenarioCleanup()
   at SAM.Features.InsertingObjectIsDisplayedFeature.InsertOutputObjectsDisplayed(String object, String[] exampleTags) in C:\SAMAutomation\SAM\SAM\Features\InsertObjectDisplayed.feature:line 29
]]></stack-trace>
                        </failure>
                      </test-case>
                      <test-case name="SAM.Features.InsertingObjectIsDisplayedFeature.InsertOutputObjectsDisplayed(&quot;report CSS definition&quot;,null)" executed="True" result="Failure" success="False" time="23.240" asserts="0">
                        <failure>
                          <message><![CDATA[Expected boolean to be true because Insert Object is not displayed, but found False.]]></message>
                          <stack-trace><![CDATA[   at FluentAssertions.Execution.LateBoundTestFramework.Throw(String message) in C:\projects\fluentassertions-vf06b\Src\FluentAssertions\Execution\LateBoundTestFramework.cs:line 16
   at FluentAssertions.Execution.AssertionScope.FailWith(Func`1 failReasonFunc) in C:\projects\fluentassertions-vf06b\Src\FluentAssertions\Execution\AssertionScope.cs:line 181
   at FluentAssertions.Primitives.BooleanAssertions.BeTrue(String because, Object[] becauseArgs) in C:\projects\fluentassertions-vf06b\Src\FluentAssertions\Primitives\BooleanAssertions.cs:line 59
   at SAM.Steps.InsertSteps.ThenTheInsertObjectIsDisplayed(String objectText) in C:\SAMAutomation\SAM\SAM\Steps\InsertSteps.cs:line 33
   at TechTalk.SpecFlow.Bindings.BindingInvoker.InvokeBinding(IBinding binding, IContextManager contextManager, Object[] arguments, ITestTracer testTracer, TimeSpan& duration)
   at TechTalk.SpecFlow.Infrastructure.TestExecutionEngine.ExecuteStepMatch(BindingMatch match, Object[] arguments)
   at TechTalk.SpecFlow.Infrastructure.TestExecutionEngine.ExecuteStep(IContextManager contextManager, StepInstance stepInstance)
   at TechTalk.SpecFlow.Infrastructure.TestExecutionEngine.OnAfterLastStep()
   at TechTalk.SpecFlow.TestRunner.CollectScenarioErrors()
   at SAM.Features.InsertingObjectIsDisplayedFeature.ScenarioCleanup()
   at SAM.Features.InsertingObjectIsDisplayedFeature.InsertOutputObjectsDisplayed(String object, String[] exampleTags) in C:\SAMAutomation\SAM\SAM\Features\InsertObjectDisplayed.feature:line 29
]]></stack-trace>
                        </failure>
                      </test-case>
                      <test-case name="SAM.Features.InsertingObjectIsDisplayedFeature.InsertOutputObjectsDisplayed(&quot;report deckplan&quot;,null)" executed="True" result="Failure" success="False" time="25.135" asserts="0">
                        <failure>
                          <message><![CDATA[Expected boolean to be true because Insert Object is not displayed, but found False.]]></message>
                          <stack-trace><![CDATA[   at FluentAssertions.Execution.LateBoundTestFramework.Throw(String message) in C:\projects\fluentassertions-vf06b\Src\FluentAssertions\Execution\LateBoundTestFramework.cs:line 16
   at FluentAssertions.Execution.AssertionScope.FailWith(Func`1 failReasonFunc) in C:\projects\fluentassertions-vf06b\Src\FluentAssertions\Execution\AssertionScope.cs:line 181
   at FluentAssertions.Primitives.BooleanAssertions.BeTrue(String because, Object[] becauseArgs) in C:\projects\fluentassertions-vf06b\Src\FluentAssertions\Primitives\BooleanAssertions.cs:line 59
   at SAM.Steps.InsertSteps.ThenTheInsertObjectIsDisplayed(String objectText) in C:\SAMAutomation\SAM\SAM\Steps\InsertSteps.cs:line 33
   at TechTalk.SpecFlow.Bindings.BindingInvoker.InvokeBinding(IBinding binding, IContextManager contextManager, Object[] arguments, ITestTracer testTracer, TimeSpan& duration)
   at TechTalk.SpecFlow.Infrastructure.TestExecutionEngine.ExecuteStepMatch(BindingMatch match, Object[] arguments)
   at TechTalk.SpecFlow.Infrastructure.TestExecutionEngine.ExecuteStep(IContextManager contextManager, StepInstance stepInstance)
   at TechTalk.SpecFlow.Infrastructure.TestExecutionEngine.OnAfterLastStep()
   at TechTalk.SpecFlow.TestRunner.CollectScenarioErrors()
   at SAM.Features.InsertingObjectIsDisplayedFeature.ScenarioCleanup()
   at SAM.Features.InsertingObjectIsDisplayedFeature.InsertOutputObjectsDisplayed(String object, String[] exampleTags) in C:\SAMAutomation\SAM\SAM\Features\InsertObjectDisplayed.feature:line 29
]]></stack-trace>
                        </failure>
                      </test-case>
                      <test-case name="SAM.Features.InsertingObjectIsDisplayedFeature.InsertOutputObjectsDisplayed(&quot;report deckplan review&quot;,null)" executed="True" result="Failure" success="False" time="23.399" asserts="0">
                        <failure>
                          <message><![CDATA[Expected boolean to be true because Insert Object is not displayed, but found False.]]></message>
                          <stack-trace><![CDATA[   at FluentAssertions.Execution.LateBoundTestFramework.Throw(String message) in C:\projects\fluentassertions-vf06b\Src\FluentAssertions\Execution\LateBoundTestFramework.cs:line 16
   at FluentAssertions.Execution.AssertionScope.FailWith(Func`1 failReasonFunc) in C:\projects\fluentassertions-vf06b\Src\FluentAssertions\Execution\AssertionScope.cs:line 181
   at FluentAssertions.Primitives.BooleanAssertions.BeTrue(String because, Object[] becauseArgs) in C:\projects\fluentassertions-vf06b\Src\FluentAssertions\Primitives\BooleanAssertions.cs:line 59
   at SAM.Steps.InsertSteps.ThenTheInsertObjectIsDisplayed(String objectText) in C:\SAMAutomation\SAM\SAM\Steps\InsertSteps.cs:line 33
   at TechTalk.SpecFlow.Bindings.BindingInvoker.InvokeBinding(IBinding binding, IContextManager contextManager, Object[] arguments, ITestTracer testTracer, TimeSpan& duration)
   at TechTalk.SpecFlow.Infrastructure.TestExecutionEngine.ExecuteStepMatch(BindingMatch match, Object[] arguments)
   at TechTalk.SpecFlow.Infrastructure.TestExecutionEngine.ExecuteStep(IContextManager contextManager, StepInstance stepInstance)
   at TechTalk.SpecFlow.Infrastructure.TestExecutionEngine.OnAfterLastStep()
   at TechTalk.SpecFlow.TestRunner.CollectScenarioErrors()
   at SAM.Features.InsertingObjectIsDisplayedFeature.ScenarioCleanup()
   at SAM.Features.InsertingObjectIsDisplayedFeature.InsertOutputObjectsDisplayed(String object, String[] exampleTags) in C:\SAMAutomation\SAM\SAM\Features\InsertObjectDisplayed.feature:line 29
]]></stack-trace>
                        </failure>
                      </test-case>
                      <test-case name="SAM.Features.InsertingObjectIsDisplayedFeature.InsertOutputObjectsDisplayed(&quot;report global settinngs&quot;,null)" executed="True" result="Failure" success="False" time="24.549" asserts="0">
                        <failure>
                          <message><![CDATA[Expected boolean to be true because Insert Object is not displayed, but found False.]]></message>
                          <stack-trace><![CDATA[   at FluentAssertions.Execution.LateBoundTestFramework.Throw(String message) in C:\projects\fluentassertions-vf06b\Src\FluentAssertions\Execution\LateBoundTestFramework.cs:line 16
   at FluentAssertions.Execution.AssertionScope.FailWith(Func`1 failReasonFunc) in C:\projects\fluentassertions-vf06b\Src\FluentAssertions\Execution\AssertionScope.cs:line 181
   at FluentAssertions.Primitives.BooleanAssertions.BeTrue(String because, Object[] becauseArgs) in C:\projects\fluentassertions-vf06b\Src\FluentAssertions\Primitives\BooleanAssertions.cs:line 59
   at SAM.Steps.InsertSteps.ThenTheInsertObjectIsDisplayed(String objectText) in C:\SAMAutomation\SAM\SAM\Steps\InsertSteps.cs:line 33
   at TechTalk.SpecFlow.Bindings.BindingInvoker.InvokeBinding(IBinding binding, IContextManager contextManager, Object[] arguments, ITestTracer testTracer, TimeSpan& duration)
   at TechTalk.SpecFlow.Infrastructure.TestExecutionEngine.ExecuteStepMatch(BindingMatch match, Object[] arguments)
   at TechTalk.SpecFlow.Infrastructure.TestExecutionEngine.ExecuteStep(IContextManager contextManager, StepInstance stepInstance)
   at TechTalk.SpecFlow.Infrastructure.TestExecutionEngine.OnAfterLastStep()
   at TechTalk.SpecFlow.TestRunner.CollectScenarioErrors()
   at SAM.Features.InsertingObjectIsDisplayedFeature.ScenarioCleanup()
   at SAM.Features.InsertingObjectIsDisplayedFeature.InsertOutputObjectsDisplayed(String object, String[] exampleTags) in C:\SAMAutomation\SAM\SAM\Features\InsertObjectDisplayed.feature:line 29
]]></stack-trace>
                        </failure>
                      </test-case>
                      <test-case name="SAM.Features.InsertingObjectIsDisplayedFeature.InsertOutputObjectsDisplayed(&quot;report schema&quot;,null)" executed="True" result="Failure" success="False" time="23.504" asserts="0">
                        <failure>
                          <message><![CDATA[Expected boolean to be true because Insert Object is not displayed, but found False.]]></message>
                          <stack-trace><![CDATA[   at FluentAssertions.Execution.LateBoundTestFramework.Throw(String message) in C:\projects\fluentassertions-vf06b\Src\FluentAssertions\Execution\LateBoundTestFramework.cs:line 16
   at FluentAssertions.Execution.AssertionScope.FailWith(Func`1 failReasonFunc) in C:\projects\fluentassertions-vf06b\Src\FluentAssertions\Execution\AssertionScope.cs:line 181
   at FluentAssertions.Primitives.BooleanAssertions.BeTrue(String because, Object[] becauseArgs) in C:\projects\fluentassertions-vf06b\Src\FluentAssertions\Primitives\BooleanAssertions.cs:line 59
   at SAM.Steps.InsertSteps.ThenTheInsertObjectIsDisplayed(String objectText) in C:\SAMAutomation\SAM\SAM\Steps\InsertSteps.cs:line 33
   at TechTalk.SpecFlow.Bindings.BindingInvoker.InvokeBinding(IBinding binding, IContextManager contextManager, Object[] arguments, ITestTracer testTracer, TimeSpan& duration)
   at TechTalk.SpecFlow.Infrastructure.TestExecutionEngine.ExecuteStepMatch(BindingMatch match, Object[] arguments)
   at TechTalk.SpecFlow.Infrastructure.TestExecutionEngine.ExecuteStep(IContextManager contextManager, StepInstance stepInstance)
   at TechTalk.SpecFlow.Infrastructure.TestExecutionEngine.OnAfterLastStep()
   at TechTalk.SpecFlow.TestRunner.CollectScenarioErrors()
   at SAM.Features.InsertingObjectIsDisplayedFeature.ScenarioCleanup()
   at SAM.Features.InsertingObjectIsDisplayedFeature.InsertOutputObjectsDisplayed(String object, String[] exampleTags) in C:\SAMAutomation\SAM\SAM\Features\InsertObjectDisplayed.feature:line 29
]]></stack-trace>
                        </failure>
                      </test-case>
                      <test-case name="SAM.Features.InsertingObjectIsDisplayedFeature.InsertOutputObjectsDisplayed(&quot;view 2D&quot;,null)" executed="True" result="Failure" success="False" time="25.277" asserts="0">
                        <failure>
                          <message><![CDATA[Expected boolean to be true because Insert Object is not displayed, but found False.]]></message>
                          <stack-trace><![CDATA[   at FluentAssertions.Execution.LateBoundTestFramework.Throw(String message) in C:\projects\fluentassertions-vf06b\Src\FluentAssertions\Execution\LateBoundTestFramework.cs:line 16
   at FluentAssertions.Execution.AssertionScope.FailWith(Func`1 failReasonFunc) in C:\projects\fluentassertions-vf06b\Src\FluentAssertions\Execution\AssertionScope.cs:line 181
   at FluentAssertions.Primitives.BooleanAssertions.BeTrue(String because, Object[] becauseArgs) in C:\projects\fluentassertions-vf06b\Src\FluentAssertions\Primitives\BooleanAssertions.cs:line 59
   at SAM.Steps.InsertSteps.ThenTheInsertObjectIsDisplayed(String objectText) in C:\SAMAutomation\SAM\SAM\Steps\InsertSteps.cs:line 33
   at TechTalk.SpecFlow.Bindings.BindingInvoker.InvokeBinding(IBinding binding, IContextManager contextManager, Object[] arguments, ITestTracer testTracer, TimeSpan& duration)
   at TechTalk.SpecFlow.Infrastructure.TestExecutionEngine.ExecuteStepMatch(BindingMatch match, Object[] arguments)
   at TechTalk.SpecFlow.Infrastructure.TestExecutionEngine.ExecuteStep(IContextManager contextManager, StepInstance stepInstance)
   at TechTalk.SpecFlow.Infrastructure.TestExecutionEngine.OnAfterLastStep()
   at TechTalk.SpecFlow.TestRunner.CollectScenarioErrors()
   at SAM.Features.InsertingObjectIsDisplayedFeature.ScenarioCleanup()
   at SAM.Features.InsertingObjectIsDisplayedFeature.InsertOutputObjectsDisplayed(String object, String[] exampleTags) in C:\SAMAutomation\SAM\SAM\Features\InsertObjectDisplayed.feature:line 29
]]></stack-trace>
                        </failure>
                      </test-case>
                    </results>
                  </test-suite>
                  <test-suite type="ParameterizedTest" name="InsertPlaceholderObjectsDisplayed" description="Insert placeholder objects displayed" executed="True" result="Failure" success="False" time="148.633" asserts="0">
                    <categories>
                      <category name="insert" />
                    </categories>
                    <properties>
                      <property name="Description" value="Insert placeholder objects displayed" />
                    </properties>
                    <failure>
                      <message><![CDATA[One or more child tests had errors]]></message>
                      <stack-trace />
                    </failure>
                    <results>
                      <test-case name="SAM.Features.InsertingObjectIsDisplayedFeature.InsertPlaceholderObjectsDisplayed(&quot;geom placeholder&quot;,null)" executed="True" result="Success" success="True" time="19.059" asserts="0" />
                      <test-case name="SAM.Features.InsertingObjectIsDisplayedFeature.InsertPlaceholderObjectsDisplayed(&quot;man placeholder&quot;,null)" executed="True" result="Success" success="True" time="18.838" asserts="0" />
                      <test-case name="SAM.Features.InsertingObjectIsDisplayedFeature.InsertPlaceholderObjectsDisplayed(&quot;military placeholder&quot;,null)" executed="True" result="Success" success="True" time="18.556" asserts="0" />
                      <test-case name="SAM.Features.InsertingObjectIsDisplayedFeature.InsertPlaceholderObjectsDisplayed(&quot;seakeeping placeholder&quot;,null)" executed="True" result="Success" success="True" time="20.682" asserts="0" />
                      <test-case name="SAM.Features.InsertingObjectIsDisplayedFeature.InsertPlaceholderObjectsDisplayed(&quot;stub placeholder&quot;,null)" executed="True" result="Failure" success="False" time="23.583" asserts="0">
                        <failure>
                          <message><![CDATA[Expected boolean to be true because Insert Object is not displayed, but found False.]]></message>
                          <stack-trace><![CDATA[   at FluentAssertions.Execution.LateBoundTestFramework.Throw(String message) in C:\projects\fluentassertions-vf06b\Src\FluentAssertions\Execution\LateBoundTestFramework.cs:line 16
   at FluentAssertions.Execution.AssertionScope.FailWith(Func`1 failReasonFunc) in C:\projects\fluentassertions-vf06b\Src\FluentAssertions\Execution\AssertionScope.cs:line 181
   at FluentAssertions.Primitives.BooleanAssertions.BeTrue(String because, Object[] becauseArgs) in C:\projects\fluentassertions-vf06b\Src\FluentAssertions\Primitives\BooleanAssertions.cs:line 59
   at SAM.Steps.InsertSteps.ThenTheInsertObjectIsDisplayed(String objectText) in C:\SAMAutomation\SAM\SAM\Steps\InsertSteps.cs:line 33
   at TechTalk.SpecFlow.Bindings.BindingInvoker.InvokeBinding(IBinding binding, IContextManager contextManager, Object[] arguments, ITestTracer testTracer, TimeSpan& duration)
   at TechTalk.SpecFlow.Infrastructure.TestExecutionEngine.ExecuteStepMatch(BindingMatch match, Object[] arguments)
   at TechTalk.SpecFlow.Infrastructure.TestExecutionEngine.ExecuteStep(IContextManager contextManager, StepInstance stepInstance)
   at TechTalk.SpecFlow.Infrastructure.TestExecutionEngine.OnAfterLastStep()
   at TechTalk.SpecFlow.TestRunner.CollectScenarioErrors()
   at SAM.Features.InsertingObjectIsDisplayedFeature.ScenarioCleanup()
   at SAM.Features.InsertingObjectIsDisplayedFeature.InsertPlaceholderObjectsDisplayed(String object, String[] exampleTags) in C:\SAMAutomation\SAM\SAM\Features\InsertObjectDisplayed.feature:line 9
]]></stack-trace>
                        </failure>
                      </test-case>
                      <test-case name="SAM.Features.InsertingObjectIsDisplayedFeature.InsertPlaceholderObjectsDisplayed(&quot;structure placeholder&quot;,null)" executed="True" result="Success" success="True" time="23.128" asserts="0" />
                      <test-case name="SAM.Features.InsertingObjectIsDisplayedFeature.InsertPlaceholderObjectsDisplayed(&quot;struct placeholder old&quot;,null)" executed="True" result="Success" success="True" time="24.786" asserts="0" />
                    </results>
                  </test-suite>
                </results>
              </test-suite>
              <test-suite type="TestFixture" name="InsertRibbonIsEnabledFeature" description="InsertRibbonIsEnabled" executed="True" result="Success" success="True" time="13.409" asserts="0">
                <properties>
                  <property name="Description" value="InsertRibbonIsEnabled" />
                </properties>
                <results>
                  <test-case name="SAM.Features.InsertRibbonIsEnabledFeature.InsertRibbonEnabled" description="Insert Ribbon Enabled" executed="True" result="Inconclusive" success="False" time="13.408" asserts="0">
                    <categories>
                      <category name="mytag" />
                    </categories>
                    <properties>
                      <property name="Description" value="Insert Ribbon Enabled" />
                    </properties>
                    <reason>
                      <message><![CDATA[No matching step definition found for one or more steps.
using System;
using TechTalk.SpecFlow;

namespace MyNamespace
{
    [Binding]
    public class StepDefinitions
    {
        [Then(@"the user place the mouse over the insert button")]
        public void ThenTheUserPlaceTheMouseOverTheInsertButton()
        {
            ScenarioContext.Current.Pending();
        }
        
        [Then(@"the ribbon should be enabled")]
        public void ThenTheRibbonShouldBeEnabled()
        {
            ScenarioContext.Current.Pending();
        }
        
        [Then(@"the user press the ""(.*)"" to open insert button")]
        public void ThenTheUserPressTheToOpenInsertButton(string p0)
        {
            ScenarioContext.Current.Pending();
        }
    }
}
]]></message>
                    </reason>
                  </test-case>
                </results>
              </test-suite>
              <test-suite type="TestFixture" name="NavigatingBetweenObjectFeature" description="Navigating between Object" executed="True" result="Success" success="True" time="0.010" asserts="0">
                <categories>
                  <category name="navigation" />
                </categories>
                <properties>
                  <property name="Description" value="Navigating between Object" />
                </properties>
                <results>
                  <test-case name="SAM.Features.NavigatingBetweenObjectFeature.ClickingThePlayButton" description="Clicking the play button" executed="True" result="Success" success="True" time="0.004" asserts="0">
                    <categories>
                      <category name="mytag" />
                    </categories>
                    <properties>
                      <property name="Description" value="Clicking the play button" />
                    </properties>
                  </test-case>
                  <test-case name="SAM.Features.NavigatingBetweenObjectFeature.NavigateBetweenObject" description="Navigate between object" executed="True" result="Success" success="True" time="0.005" asserts="0">
                    <categories>
                      <category name="mytag" />
                    </categories>
                    <properties>
                      <property name="Description" value="Navigate between object" />
                    </properties>
                  </test-case>
                </results>
              </test-suite>
              <test-suite type="TestFixture" name="OpenInsertDialogFeature" description="OpenInsertDialog" executed="True" result="Success" success="True" time="16.327" asserts="0">
                <properties>
                  <property name="Description" value="OpenInsertDialog" />
                </properties>
                <results>
                  <test-case name="SAM.Features.OpenInsertDialogFeature.ClickOnInsertRibbon" description="Click on InsertRibbon" executed="True" result="Success" success="True" time="16.325" asserts="0">
                    <categories>
                      <category name="mytag" />
                    </categories>
                    <properties>
                      <property name="Description" value="Click on InsertRibbon" />
                    </properties>
                  </test-case>
                </results>
              </test-suite>
              <test-suite type="TestFixture" name="OpenSAMFeature" description="OpenSAM" executed="True" result="Success" success="True" time="14.366" asserts="0">
                <properties>
                  <property name="Description" value="OpenSAM" />
                </properties>
                <results>
                  <test-case name="SAM.Features.OpenSAMFeature.OpeningSAM" description="Opening SAM" executed="True" result="Success" success="True" time="14.365" asserts="0">
                    <categories>
                      <category name="mytag" />
                    </categories>
                    <properties>
                      <property name="Description" value="Opening SAM" />
                    </properties>
                  </test-case>
                </results>
              </test-suite>
              <test-suite type="TestFixture" name="RibbonValidationsFeature" description="RibbonValidations" executed="True" result="Failure" success="False" time="550.754" asserts="0">
                <properties>
                  <property name="Description" value="RibbonValidations" />
                </properties>
                <failure>
                  <message><![CDATA[One or more child tests had errors]]></message>
                  <stack-trace />
                </failure>
                <results>
                  <test-suite type="ParameterizedTest" name="HomeRibbonAutoRecalIsDisplayed" description="Home Ribbon AutoRecal is Displayed" executed="True" result="Success" success="True" time="15.495" asserts="0">
                    <properties>
                      <property name="Description" value="Home Ribbon AutoRecal is Displayed" />
                    </properties>
                    <results>
                      <test-case name="SAM.Features.RibbonValidationsFeature.HomeRibbonAutoRecalIsDisplayed(&quot;Auto Recalculate&quot;,null)" executed="True" result="Success" success="True" time="15.495" asserts="0" />
                    </results>
                  </test-suite>
                  <test-suite type="ParameterizedTest" name="HomeRibbonBlockActionIsDisplayed" description="Home Ribbon Block Action is Displayed" executed="True" result="Failure" success="False" time="307.026" asserts="0">
                    <categories>
                      <category name="Ribbon" />
                    </categories>
                    <properties>
                      <property name="Description" value="Home Ribbon Block Action is Displayed" />
                    </properties>
                    <failure>
                      <message><![CDATA[One or more child tests had errors]]></message>
                      <stack-trace />
                    </failure>
                    <results>
                      <test-case name="SAM.Features.RibbonValidationsFeature.HomeRibbonBlockActionIsDisplayed(&quot;Insert&quot;,null)" executed="True" result="Success" success="True" time="15.823" asserts="0" />
                      <test-case name="SAM.Features.RibbonValidationsFeature.HomeRibbonBlockActionIsDisplayed(&quot;Find&quot;,null)" executed="True" result="Success" success="True" time="14.982" asserts="0" />
                      <test-case name="SAM.Features.RibbonValidationsFeature.HomeRibbonBlockActionIsDisplayed(&quot;Properties&quot;,null)" executed="True" result="Success" success="True" time="15.615" asserts="0" />
                      <test-case name="SAM.Features.RibbonValidationsFeature.HomeRibbonBlockActionIsDisplayed(&quot;Tabular View&quot;,null)" executed="True" result="Success" success="True" time="15.775" asserts="0" />
                      <test-case name="SAM.Features.RibbonValidationsFeature.HomeRibbonBlockActionIsDisplayed(&quot;Object Setup&quot;,null)" executed="True" result="Success" success="True" time="15.501" asserts="0" />
                      <test-case name="SAM.Features.RibbonValidationsFeature.HomeRibbonBlockActionIsDisplayed(&quot;Move Up&quot;,null)" executed="True" result="Success" success="True" time="15.758" asserts="0" />
                      <test-case name="SAM.Features.RibbonValidationsFeature.HomeRibbonBlockActionIsDisplayed(&quot;Move Down&quot;,null)" executed="True" result="Success" success="True" time="15.670" asserts="0" />
                      <test-case name="SAM.Features.RibbonValidationsFeature.HomeRibbonBlockActionIsDisplayed(&quot;Force Recalculate&quot;,null)" executed="True" result="Success" success="True" time="15.693" asserts="0" />
                      <test-case name="SAM.Features.RibbonValidationsFeature.HomeRibbonBlockActionIsDisplayed(&quot;Protect&quot;,null)" executed="True" result="Success" success="True" time="15.613" asserts="0" />
                      <test-case name="SAM.Features.RibbonValidationsFeature.HomeRibbonBlockActionIsDisplayed(&quot;Units&quot;,null)" executed="True" result="Success" success="True" time="15.672" asserts="0" />
                      <test-case name="SAM.Features.RibbonValidationsFeature.HomeRibbonBlockActionIsDisplayed(&quot;Show Ancestry&quot;,null)" executed="True" result="Error" success="False" time="135.259" asserts="0">
                        <failure>
                          <message><![CDATA[OpenQA.Selenium.WebDriverException : The HTTP request to the remote WebDriver server for URL http://127.0.0.1:4723/session/56728E5A-A8A9-477F-93FE-D2EE44D73811/element timed out after 120 seconds.
  ----> System.Net.WebException : The request was aborted: The operation has timed out.]]></message>
                          <stack-trace><![CDATA[   at OpenQA.Selenium.Appium.Service.AppiumCommandExecutor.Execute(Command commandToExecute)
   at OpenQA.Selenium.Remote.RemoteWebDriver.Execute(String driverCommandToExecute, Dictionary`2 parameters)
   at OpenQA.Selenium.Remote.RemoteWebDriver.FindElement(String mechanism, String value)
   at OpenQA.Selenium.Appium.AppiumDriver`1.FindElementByName(String name)
   at SAM.WinFormObjects.RibbonObjects.GetRibbon(String ribbonName) in C:\SAMAutomation\SAM\SAM\WinFormObjects\RibbonObjects.cs:line 31
   at SAM.WinFormObjects.RibbonObjects.IsRibbonButtonDisplayed(String ribbonText) in C:\SAMAutomation\SAM\SAM\WinFormObjects\RibbonObjects.cs:line 52
   at SAM.Steps.OpenInsertDialogSteps.ThenTheRibbonIsDisplayed(String ribbonName) in C:\SAMAutomation\SAM\SAM\Steps\RibbonSteps.cs:line 29
   at TechTalk.SpecFlow.Bindings.BindingInvoker.InvokeBinding(IBinding binding, IContextManager contextManager, Object[] arguments, ITestTracer testTracer, TimeSpan& duration)
   at TechTalk.SpecFlow.Infrastructure.TestExecutionEngine.ExecuteStepMatch(BindingMatch match, Object[] arguments)
   at TechTalk.SpecFlow.Infrastructure.TestExecutionEngine.ExecuteStep(IContextManager contextManager, StepInstance stepInstance)
   at TechTalk.SpecFlow.Infrastructure.TestExecutionEngine.OnAfterLastStep()
   at TechTalk.SpecFlow.TestRunner.CollectScenarioErrors()
   at SAM.Features.RibbonValidationsFeature.ScenarioCleanup()
   at SAM.Features.RibbonValidationsFeature.HomeRibbonBlockActionIsDisplayed(String ribbon, String[] exampleTags) in C:\SAMAutomation\SAM\SAM\Features\RibbonValidations.feature:line 36
--WebException
   at System.Net.HttpWebRequest.GetResponse()
   at OpenQA.Selenium.Remote.HttpCommandExecutor.CreateResponse(WebRequest request)]]></stack-trace>
                        </failure>
                      </test-case>
                      <test-case name="SAM.Features.RibbonValidationsFeature.HomeRibbonBlockActionIsDisplayed(&quot;Level&quot;,null)" executed="True" result="Success" success="True" time="15.666" asserts="0" />
                    </results>
                  </test-suite>
                  <test-suite type="ParameterizedTest" name="HomeRibbonBlockMacroIsDisplayed" description="Home Ribbon Block Macro is Displayed" executed="True" result="Success" success="True" time="15.812" asserts="0">
                    <categories>
                      <category name="Ribbon" />
                    </categories>
                    <properties>
                      <property name="Description" value="Home Ribbon Block Macro is Displayed" />
                    </properties>
                    <results>
                      <test-case name="SAM.Features.RibbonValidationsFeature.HomeRibbonBlockMacroIsDisplayed(&quot;Macro&quot;,null)" executed="True" result="Success" success="True" time="15.812" asserts="0" />
                    </results>
                  </test-suite>
                  <test-suite type="ParameterizedTest" name="HomeRibbonIsDisplayed" description="Home Ribbon is Displayed" executed="True" result="Failure" success="False" time="212.420" asserts="0">
                    <categories>
                      <category name="Ribbon" />
                    </categories>
                    <properties>
                      <property name="Description" value="Home Ribbon is Displayed" />
                    </properties>
                    <failure>
                      <message><![CDATA[One or more child tests had errors]]></message>
                      <stack-trace />
                    </failure>
                    <results>
                      <test-case name="SAM.Features.RibbonValidationsFeature.HomeRibbonIsDisplayed(&quot;Paste&quot;,null)" executed="True" result="Error" success="False" time="134.884" asserts="0">
                        <failure>
                          <message><![CDATA[OpenQA.Selenium.WebDriverException : The HTTP request to the remote WebDriver server for URL http://127.0.0.1:4723/session/37E5050E-0152-4B32-82FB-0A4C080B4544/element timed out after 120 seconds.
  ----> System.Net.WebException : The request was aborted: The operation has timed out.]]></message>
                          <stack-trace><![CDATA[   at OpenQA.Selenium.Appium.Service.AppiumCommandExecutor.Execute(Command commandToExecute)
   at OpenQA.Selenium.Remote.RemoteWebDriver.Execute(String driverCommandToExecute, Dictionary`2 parameters)
   at OpenQA.Selenium.Remote.RemoteWebDriver.FindElement(String mechanism, String value)
   at OpenQA.Selenium.Appium.AppiumDriver`1.FindElementByName(String name)
   at SAM.WinFormObjects.RibbonObjects.GetRibbon(String ribbonName) in C:\SAMAutomation\SAM\SAM\WinFormObjects\RibbonObjects.cs:line 31
   at SAM.WinFormObjects.RibbonObjects.IsRibbonButtonDisplayed(String ribbonText) in C:\SAMAutomation\SAM\SAM\WinFormObjects\RibbonObjects.cs:line 52
   at SAM.Steps.OpenInsertDialogSteps.ThenTheRibbonIsDisplayed(String ribbonName) in C:\SAMAutomation\SAM\SAM\Steps\RibbonSteps.cs:line 29
   at TechTalk.SpecFlow.Bindings.BindingInvoker.InvokeBinding(IBinding binding, IContextManager contextManager, Object[] arguments, ITestTracer testTracer, TimeSpan& duration)
   at TechTalk.SpecFlow.Infrastructure.TestExecutionEngine.ExecuteStepMatch(BindingMatch match, Object[] arguments)
   at TechTalk.SpecFlow.Infrastructure.TestExecutionEngine.ExecuteStep(IContextManager contextManager, StepInstance stepInstance)
   at TechTalk.SpecFlow.Infrastructure.TestExecutionEngine.OnAfterLastStep()
   at TechTalk.SpecFlow.TestRunner.CollectScenarioErrors()
   at SAM.Features.RibbonValidationsFeature.ScenarioCleanup()
   at SAM.Features.RibbonValidationsFeature.HomeRibbonIsDisplayed(String ribbon, String[] exampleTags) in C:\SAMAutomation\SAM\SAM\Features\RibbonValidations.feature:line 8
--WebException
   at System.Net.HttpWebRequest.GetResponse()
   at OpenQA.Selenium.Remote.HttpCommandExecutor.CreateResponse(WebRequest request)]]></stack-trace>
                        </failure>
                      </test-case>
                      <test-case name="SAM.Features.RibbonValidationsFeature.HomeRibbonIsDisplayed(&quot;Undo&quot;,null)" executed="True" result="Success" success="True" time="14.728" asserts="0" />
                      <test-case name="SAM.Features.RibbonValidationsFeature.HomeRibbonIsDisplayed(&quot;Redo&quot;,null)" executed="True" result="Success" success="True" time="15.066" asserts="0" />
                      <test-case name="SAM.Features.RibbonValidationsFeature.HomeRibbonIsDisplayed(&quot;Cut&quot;,null)" executed="True" result="Success" success="True" time="15.940" asserts="0" />
                      <test-case name="SAM.Features.RibbonValidationsFeature.HomeRibbonIsDisplayed(&quot;Delete&quot;,null)" executed="True" result="Success" success="True" time="15.812" asserts="0" />
                      <test-case name="SAM.Features.RibbonValidationsFeature.HomeRibbonIsDisplayed(&quot;Rename&quot;,null)" executed="True" result="Success" success="True" time="15.989" asserts="0" />
                    </results>
                  </test-suite>
                </results>
              </test-suite>
              <test-suite type="TestFixture" name="SelectingObjectFeature" description="Selecting Object" executed="True" result="Success" success="True" time="80.941" asserts="0">
                <properties>
                  <property name="Description" value="Selecting Object" />
                </properties>
                <results>
                  <test-case name="SAM.Features.SelectingObjectFeature.HoveringMouseOnAnObject" description="Hovering mouse on an Object" executed="True" result="Inconclusive" success="False" time="16.597" asserts="0">
                    <categories>
                      <category name="mytag" />
                    </categories>
                    <properties>
                      <property name="Description" value="Hovering mouse on an Object" />
                    </properties>
                    <reason>
                      <message><![CDATA[No matching step definition found for one or more steps.
using System;
using TechTalk.SpecFlow;

namespace MyNamespace
{
    [Binding]
    public class StepDefinitions
    {
        [Then(@"the user hover the mouse on an object")]
        public void ThenTheUserHoverTheMouseOnAnObject()
        {
            ScenarioContext.Current.Pending();
        }
        
        [Then(@"the user confirms the displayed buttons")]
        public void ThenTheUserConfirmsTheDisplayedButtons()
        {
            ScenarioContext.Current.Pending();
        }
    }
}
]]></message>
                    </reason>
                  </test-case>
                  <test-case name="SAM.Features.SelectingObjectFeature.SelectAnObjectOnClick" description="Select an Object On Click" executed="True" result="Inconclusive" success="False" time="16.166" asserts="0">
                    <categories>
                      <category name="mytag" />
                    </categories>
                    <properties>
                      <property name="Description" value="Select an Object On Click" />
                    </properties>
                    <reason>
                      <message><![CDATA[No matching step definition found for one or more steps.
using System;
using TechTalk.SpecFlow;

namespace MyNamespace
{
    [Binding]
    public class StepDefinitions
    {
        [Then(@"the user click the object")]
        public void ThenTheUserClickTheObject()
        {
            ScenarioContext.Current.Pending();
        }
        
        [Then(@"the object is bold font")]
        public void ThenTheObjectIsBoldFont()
        {
            ScenarioContext.Current.Pending();
        }
        
        [Then(@"the user click the ok button")]
        public void ThenTheUserClickTheOkButton()
        {
            ScenarioContext.Current.Pending();
        }
    }
}
]]></message>
                    </reason>
                  </test-case>
                  <test-case name="SAM.Features.SelectingObjectFeature.SelectAnObjectOnEdit" description="Select an Object On Edit" executed="True" result="Inconclusive" success="False" time="16.183" asserts="0">
                    <categories>
                      <category name="mytag" />
                    </categories>
                    <properties>
                      <property name="Description" value="Select an Object On Edit" />
                    </properties>
                    <reason>
                      <message><![CDATA[No matching step definition found for one or more steps.
using System;
using TechTalk.SpecFlow;

namespace MyNamespace
{
    [Binding]
    public class StepDefinitions
    {
        [Then(@"the user enter the ""(.*)"" in the search box")]
        public void ThenTheUserEnterTheInTheSearchBox(string text0)
        {
            ScenarioContext.Current.Pending();
        }
        
        [Then(@"the ""(.*)"" appear on the pane")]
        public void ThenTheAppearOnThePane(string text0)
        {
            ScenarioContext.Current.Pending();
        }
        
        [Then(@"the user click the ok button")]
        public void ThenTheUserClickTheOkButton()
        {
            ScenarioContext.Current.Pending();
        }
    }
}
]]></message>
                    </reason>
                  </test-case>
                  <test-case name="SAM.Features.SelectingObjectFeature.SelectAnObjectOnPlusKey" description="Select an Object On Plus key" executed="True" result="Inconclusive" success="False" time="16.019" asserts="0">
                    <categories>
                      <category name="mytag" />
                    </categories>
                    <properties>
                      <property name="Description" value="Select an Object On Plus key" />
                    </properties>
                    <reason>
                      <message><![CDATA[No matching step definition found for one or more steps.
using System;
using TechTalk.SpecFlow;

namespace MyNamespace
{
    [Binding]
    public class StepDefinitions
    {
        [Then(@"the user hover the mouse on an object")]
        public void ThenTheUserHoverTheMouseOnAnObject()
        {
            ScenarioContext.Current.Pending();
        }
        
        [Then(@"the user press the ""(.*)"" on the keyboard")]
        public void ThenTheUserPressTheOnTheKeyboard(string p0)
        {
            ScenarioContext.Current.Pending();
        }
        
        [Then(@"the object is bold font")]
        public void ThenTheObjectIsBoldFont()
        {
            ScenarioContext.Current.Pending();
        }
        
        [Then(@"the user click the ok button")]
        public void ThenTheUserClickTheOkButton()
        {
            ScenarioContext.Current.Pending();
        }
    }
}
]]></message>
                    </reason>
                  </test-case>
                  <test-case name="SAM.Features.SelectingObjectFeature.SelectAnObjectOnSpacebarKey" description="Select an Object On Spacebar key" executed="True" result="Inconclusive" success="False" time="15.976" asserts="0">
                    <categories>
                      <category name="mytag" />
                    </categories>
                    <properties>
                      <property name="Description" value="Select an Object On Spacebar key" />
                    </properties>
                    <reason>
                      <message><![CDATA[No matching step definition found for one or more steps.
using System;
using TechTalk.SpecFlow;

namespace MyNamespace
{
    [Binding]
    public class StepDefinitions
    {
        [Then(@"the user hover the mouse on an object")]
        public void ThenTheUserHoverTheMouseOnAnObject()
        {
            ScenarioContext.Current.Pending();
        }
        
        [Then(@"the user press the ""(.*)"" on the keyboard")]
        public void ThenTheUserPressTheOnTheKeyboard(string spacebar0)
        {
            ScenarioContext.Current.Pending();
        }
        
        [Then(@"the object is bold font")]
        public void ThenTheObjectIsBoldFont()
        {
            ScenarioContext.Current.Pending();
        }
        
        [Then(@"the user click the ok button")]
        public void ThenTheUserClickTheOkButton()
        {
            ScenarioContext.Current.Pending();
        }
    }
}
]]></message>
                    </reason>
                  </test-case>
                </results>
              </test-suite>
              <test-suite type="TestFixture" name="ToValidateAppendingNumberToMutipleObjectsFeature" description="To Validate Appending Number to Mutiple Objects" executed="True" result="Success" success="True" time="48.263" asserts="0">
                <properties>
                  <property name="Description" value="To Validate Appending Number to Mutiple Objects" />
                </properties>
                <results>
                  <test-case name="SAM.Features.ToValidateAppendingNumberToMutipleObjectsFeature.AppendNumberToMultipleObject" description="Append Number to Multiple object" executed="True" result="Inconclusive" success="False" time="16.091" asserts="0">
                    <categories>
                      <category name="mytag" />
                    </categories>
                    <properties>
                      <property name="Description" value="Append Number to Multiple object" />
                    </properties>
                    <reason>
                      <message><![CDATA[No matching step definition found for one or more steps.
using System;
using TechTalk.SpecFlow;

namespace MyNamespace
{
    [Binding]
    public class StepDefinitions
    {
        [Then(@"the user hover the mouse on an object")]
        public void ThenTheUserHoverTheMouseOnAnObject()
        {
            ScenarioContext.Current.Pending();
        }
        
        [Then(@"the user click on the plus button (.*) times on the pane")]
        public void ThenTheUserClickOnThePlusButtonTimesOnThePane(int p0)
        {
            ScenarioContext.Current.Pending();
        }
        
        [Then(@"the user click the ok button")]
        public void ThenTheUserClickTheOkButton()
        {
            ScenarioContext.Current.Pending();
        }
    }
}
]]></message>
                    </reason>
                  </test-case>
                  <test-case name="SAM.Features.ToValidateAppendingNumberToMutipleObjectsFeature.ObjectNameMustBeUniqueForSiblingObjects" description="Object name must be unique for sibling objects" executed="True" result="Inconclusive" success="False" time="16.051" asserts="0">
                    <categories>
                      <category name="mytag" />
                    </categories>
                    <properties>
                      <property name="Description" value="Object name must be unique for sibling objects" />
                    </properties>
                    <reason>
                      <message><![CDATA[No matching step definition found for one or more steps.
using System;
using TechTalk.SpecFlow;

namespace MyNamespace
{
    [Binding]
    public class StepDefinitions
    {
        [Then(@"the user hover the mouse on an object")]
        public void ThenTheUserHoverTheMouseOnAnObject()
        {
            ScenarioContext.Current.Pending();
        }
        
        [Then(@"the user click on the parent object")]
        public void ThenTheUserClickOnTheParentObject()
        {
            ScenarioContext.Current.Pending();
        }
        
        [Then(@"the user click on the play button")]
        public void ThenTheUserClickOnThePlayButton()
        {
            ScenarioContext.Current.Pending();
        }
        
        [Then(@"the a new dialog appears")]
        public void ThenTheANewDialogAppears()
        {
            ScenarioContext.Current.Pending();
        }
        
        [Then(@"the user  double click the object")]
        public void ThenTheUserDoubleClickTheObject()
        {
            ScenarioContext.Current.Pending();
        }
        
        [Then(@"the user click on the child object")]
        public void ThenTheUserClickOnTheChildObject()
        {
            ScenarioContext.Current.Pending();
        }
        
        [Then(@"the user click the ok button")]
        public void ThenTheUserClickTheOkButton()
        {
            ScenarioContext.Current.Pending();
        }
    }
}
]]></message>
                    </reason>
                  </test-case>
                  <test-case name="SAM.Features.ToValidateAppendingNumberToMutipleObjectsFeature.ParentObjectNameMustNotStartWithDigit" description="Parent object name must not start with digit" executed="True" result="Inconclusive" success="False" time="16.119" asserts="0">
                    <categories>
                      <category name="mytag" />
                    </categories>
                    <properties>
                      <property name="Description" value="Parent object name must not start with digit" />
                    </properties>
                    <reason>
                      <message><![CDATA[No matching step definition found for one or more steps.
using System;
using TechTalk.SpecFlow;

namespace MyNamespace
{
    [Binding]
    public class StepDefinitions
    {
        [Then(@"the user hover the mouse on an object")]
        public void ThenTheUserHoverTheMouseOnAnObject()
        {
            ScenarioContext.Current.Pending();
        }
        
        [Then(@"the user press ""(.*)"" on the keyboard")]
        public void ThenTheUserPressOnTheKeyboard(string p0)
        {
            ScenarioContext.Current.Pending();
        }
        
        [Then(@"the user rename the object with ""(.*)""")]
        public void ThenTheUserRenameTheObjectWith(string p0)
        {
            ScenarioContext.Current.Pending();
        }
        
        [Then(@"the user click anywhere in the window")]
        public void ThenTheUserClickAnywhereInTheWindow()
        {
            ScenarioContext.Current.Pending();
        }
        
        [Then(@"the user click the ok button")]
        public void ThenTheUserClickTheOkButton()
        {
            ScenarioContext.Current.Pending();
        }
        
        [Then(@"the error message should appear on the button")]
        public void ThenTheErrorMessageShouldAppearOnTheButton()
        {
            ScenarioContext.Current.Pending();
        }
    }
}
]]></message>
                    </reason>
                  </test-case>
                </results>
              </test-suite>
              <test-suite type="TestFixture" name="ValidatingTheOKButtonEnabledFeature" description="Validating the OK button Enabled" executed="True" result="Success" success="True" time="45.350" asserts="0">
                <properties>
                  <property name="Description" value="Validating the OK button Enabled" />
                </properties>
                <results>
                  <test-case name="SAM.Features.ValidatingTheOKButtonEnabledFeature.EnterKeyOnKeyboardInsertObjects" description="Enter Key on Keyboard insert Objects" executed="True" result="Inconclusive" success="False" time="16.119" asserts="0">
                    <categories>
                      <category name="mytag" />
                    </categories>
                    <properties>
                      <property name="Description" value="Enter Key on Keyboard insert Objects" />
                    </properties>
                    <reason>
                      <message><![CDATA[No matching step definition found for one or more steps.
using System;
using TechTalk.SpecFlow;

namespace MyNamespace
{
    [Binding]
    public class StepDefinitions
    {
        [Given(@"the user click on (.*) parent objects")]
        public void GivenTheUserClickOnParentObjects(int p0)
        {
            ScenarioContext.Current.Pending();
        }
        
        [Then(@"the Ok button is enabled")]
        public void ThenTheOkButtonIsEnabled()
        {
            ScenarioContext.Current.Pending();
        }
        
        [Then(@"the user press the enter key on the keyboard")]
        public void ThenTheUserPressTheEnterKeyOnTheKeyboard()
        {
            ScenarioContext.Current.Pending();
        }
    }
}
]]></message>
                    </reason>
                  </test-case>
                  <test-case name="SAM.Features.ValidatingTheOKButtonEnabledFeature.OKButtonEnabled" description="OK Button Enabled" executed="True" result="Inconclusive" success="False" time="15.157" asserts="0">
                    <categories>
                      <category name="mytag" />
                    </categories>
                    <properties>
                      <property name="Description" value="OK Button Enabled" />
                    </properties>
                    <reason>
                      <message><![CDATA[No matching step definition found for one or more steps.
using System;
using TechTalk.SpecFlow;

namespace MyNamespace
{
    [Binding]
    public class StepDefinitions
    {
        [Given(@"the user click on (.*) parent objects")]
        public void GivenTheUserClickOnParentObjects(int p0)
        {
            ScenarioContext.Current.Pending();
        }
        
        [Then(@"the Ok button is enabled")]
        public void ThenTheOkButtonIsEnabled()
        {
            ScenarioContext.Current.Pending();
        }
        
        [Then(@"the user click the ok button")]
        public void ThenTheUserClickTheOkButton()
        {
            ScenarioContext.Current.Pending();
        }
    }
}
]]></message>
                    </reason>
                  </test-case>
                  <test-case name="SAM.Features.ValidatingTheOKButtonEnabledFeature.OKButttonInsertObjects" description="OK Buttton insert Objects" executed="True" result="Inconclusive" success="False" time="14.074" asserts="0">
                    <categories>
                      <category name="mytag" />
                    </categories>
                    <properties>
                      <property name="Description" value="OK Buttton insert Objects" />
                    </properties>
                    <reason>
                      <message><![CDATA[No matching step definition found for one or more steps.
using System;
using TechTalk.SpecFlow;

namespace MyNamespace
{
    [Binding]
    public class StepDefinitions
    {
        [Given(@"the user click on (.*) parent objects")]
        public void GivenTheUserClickOnParentObjects(int p0)
        {
            ScenarioContext.Current.Pending();
        }
        
        [Then(@"the Ok button is enabled")]
        public void ThenTheOkButtonIsEnabled()
        {
            ScenarioContext.Current.Pending();
        }
        
        [Then(@"the user click the ok button")]
        public void ThenTheUserClickTheOkButton()
        {
            ScenarioContext.Current.Pending();
        }
    }
}
]]></message>
                    </reason>
                  </test-case>
                </results>
              </test-suite>
            </results>
          </test-suite>
        </results>
      </test-suite>
    </results>
  </test-suite>
</test-results>